2017-06-01 15:35:22.558  : ERROR:公司代码不合法
2017-06-01 15:42:00.226  : ERROR:公司代码不合法
2017-06-01 15:42:04.511  : ERROR:公司代码不合法
2017-06-01 15:45:56.088  : ERROR:公司代码不合法
2017-06-01 15:47:20.448  : ERROR:公司代码不合法
2017-06-01 15:53:38.744  : ERROR:公司代码不合法
2017-06-01 15:58:53.689  : ERROR:公司代码不合法
2017-06-01 16:00:27.844  : ERROR:公司代码不合法
2017-06-01 16:09:19.404  : ERROR:公司代码不合法
2017-06-01 16:10:36.727  : ERROR:公司代码不合法
2017-06-01 16:14:45.696  : ERROR:公司代码不合法
2017-06-01 16:23:12.983  : ERROR:公司代码不合法
2017-06-01 16:23:27.269  : ERROR:公司代码不合法
2017-06-01 16:25:10.876  : ERROR:公司代码不合法
2017-06-01 16:25:48.592  : ERROR:公司代码不合法
2017-06-01 16:35:02.262  : ERROR:公司代码不合法
2017-06-01 16:37:47.206  : ERROR:公司代码不合法
2017-06-01 16:54:47.036  : ERROR:公司代码不合法
2017-06-01 16:58:27.104  : ERROR:公司代码不合法
2017-06-01 17:01:27.517  : ERROR:公司代码不合法
2017-06-01 17:03:44.443 接口：look apiurl: http://www.kuaidi100.com/applyurl?key=ae7785a434906804&com=739&nu=3330682474730
2017-06-01 17:03:44.512  : ERROR:公司代码不合法
2017-06-01 17:05:37.874 接口：look apiurl: http://www.kuaidi100.com/applyurl?key=ae7785a434906804&com=739&nu=3330682474730
2017-06-01 17:05:38.252  : ERROR:公司代码不合法
2017-06-01 17:14:46.299 接口：look apiurl: http://www.kuaidi100.com/applyurl?key=ae7785a434906804&com=739&nu=3330682474730
2017-06-01 17:14:46.384  : ERROR:公司代码不合法
2017-06-01 17:19:23.334 接口：look apiurl: http://www.kuaidi100.com/applyurl?key=ae7785a434906804&com=申通&nu=3330682474730
2017-06-01 17:19:25.440  : ERROR:公司代码不合法
2017-06-01 17:19:50.694 接口：look apiurl: http://www.kuaidi100.com/applyurl?key=ae7785a434906804&com=申通&nu=3330682474730
2017-06-01 17:19:50.727  : ERROR:公司代码不合法
2017-06-01 17:21:09.902 接口：look apiurl: http://www.kuaidi100.com/applyurl?key=ae7785a434906804&com=shentong&nu=3330682474730
2017-06-01 17:21:11.000  : http://www.kuaidi100.com/kuaidiresult?id=56052699
