2017-06-23 14:10:28.867  : myspace.aspx
2017-06-23 14:10:28.868  OpenId: 
2017-06-23 14:10:28.869  boxmac: 861853031485105
2017-06-23 14:10:29.481  客户: select id as 库位id,仓库id from WP_库位表 where 箱子MAC='861853031485105'
2017-06-23 14:11:17.025 购物车 openid: 
2017-06-23 14:11:19.055 myself.aspx dt.rows: 0
2017-06-23 14:11:22.228 myself.aspx dt.rows: 0
2017-06-23 14:11:23.515 购物车 openid: 
2017-06-23 14:11:25.107  : myspace.aspx
2017-06-23 14:11:25.108  OpenId: 
2017-06-23 14:11:25.108  boxmac: 861853031485105
2017-06-23 14:11:25.201  客户: select id as 库位id,仓库id from WP_库位表 where 箱子MAC='861853031485105'
2017-06-23 14:13:11.533 购物车 openid: 
2017-06-23 14:13:12.825 myself.aspx dt.rows: 0
2017-06-23 14:19:35.860 myself.aspx dt.rows: 0
2017-06-23 14:20:04.601 购物车 openid: 
2017-06-23 14:20:05.355  : myspace.aspx
2017-06-23 14:20:05.355  OpenId: 
2017-06-23 14:20:05.356  boxmac: 861853031485105
2017-06-23 14:20:05.439  客户: select id as 库位id,仓库id from WP_库位表 where 箱子MAC='861853031485105'
2017-06-23 14:20:09.519 购物车 openid: 
2017-06-23 14:20:11.129 myself.aspx dt.rows: 0
2017-06-23 14:20:12.464 购物车 openid: 
2017-06-23 14:24:41.585  : myspace.aspx
2017-06-23 14:24:41.586  OpenId: 
2017-06-23 14:24:41.586  boxmac: 861853031485105
2017-06-23 14:24:41.671  客户: select id as 库位id,仓库id from WP_库位表 where 箱子MAC='861853031485105'
2017-06-23 14:24:44.411 购物车 openid: 
2017-06-23 14:24:45.343 myself.aspx dt.rows: 0
2017-06-23 14:24:59.168 购物车 openid: 
2017-06-23 14:25:01.306  : myspace.aspx
2017-06-23 14:25:01.306  OpenId: 
2017-06-23 14:25:01.306  boxmac: 861853031485105
2017-06-23 14:25:01.398  客户: select id as 库位id,仓库id from WP_库位表 where 箱子MAC='861853031485105'
2017-06-23 14:25:13.784 购物车 openid: 
2017-06-23 14:25:15.722 购物车 openid: 
2017-06-23 14:25:15.826 购物车订单 test2判断订单是否存在: 
2017-06-23 14:25:15.981 order_no S2017062300018: 
2017-06-23 14:25:18.615 购物车 openid: 
2017-06-23 14:28:10.137  : myspace.aspx
2017-06-23 14:28:10.138  OpenId: 
2017-06-23 14:28:10.138  boxmac: 861853031485105
2017-06-23 14:28:10.231  客户: select id as 库位id,仓库id from WP_库位表 where 箱子MAC='861853031485105'
2017-06-23 14:28:11.775 购物车 openid: 
2017-06-23 14:28:13.438 myself.aspx dt.rows: 0
2017-06-23 14:28:14.794 购物车 openid: 
2017-06-23 14:28:52.866  : myspace.aspx
2017-06-23 14:28:52.867  OpenId: 
2017-06-23 14:28:52.867  boxmac: 861853031485105
2017-06-23 14:28:52.948  客户: select id as 库位id,仓库id from WP_库位表 where 箱子MAC='861853031485105'
2017-06-23 14:32:02.089  : myspace.aspx
2017-06-23 14:32:02.090  OpenId: 
2017-06-23 14:32:02.091  boxmac: 861853031485105
2017-06-23 14:32:02.185  客户: select id as 库位id,仓库id from WP_库位表 where 箱子MAC='861853031485105'
2017-06-23 14:32:04.910 myself.aspx dt.rows: 0
2017-06-23 14:32:06.186 myself.aspx dt.rows: 0
2017-06-23 14:32:26.050 购物车 openid: 
