2017-06-14 08:39:08.674  : paycenter.aspx
2017-06-14 08:39:11.599 ---------------- paycenter: 0
2017-06-14 08:39:11.600  order2: 
2017-06-14 08:39:11.743 paycenter.aspx order: 
2017-06-14 08:39:11.744 ---------------- paycenter.try: ++++
2017-06-14 08:39:11.814  jsapiPai: 爆炸
2017-06-14 10:03:28.483  : paycenter.aspx
2017-06-14 10:03:29.335 ---------------- paycenter: 0
2017-06-14 10:03:29.336  order2: 
2017-06-14 10:03:29.420 paycenter.aspx order: 
2017-06-14 10:03:29.421 ---------------- paycenter.try: ++++
2017-06-14 10:03:29.457  jsapiPai: 爆炸
2017-06-14 10:07:23.563  : paycenter.aspx
2017-06-14 10:07:24.092 ---------------- paycenter: 0
2017-06-14 10:07:24.092  order2: 
2017-06-14 10:07:24.162 paycenter.aspx order: 
2017-06-14 10:07:24.162 ---------------- paycenter.try: ++++
2017-06-14 10:07:24.197  jsapiPai: 爆炸
2017-06-14 10:09:35.294  : paycenter.aspx
2017-06-14 10:09:36.122 ---------------- paycenter: 0
2017-06-14 10:09:36.122  order2: 
2017-06-14 10:09:36.196 paycenter.aspx order: 
2017-06-14 10:09:36.197 ---------------- paycenter.try: ++++
2017-06-14 10:09:36.238  jsapiPai: 爆炸
2017-06-14 10:26:22.015  : paycenter.aspx
2017-06-14 10:26:22.805 ---------------- paycenter: 0
2017-06-14 10:26:22.805  order2: 
2017-06-14 10:26:22.986 paycenter.aspx order: 
2017-06-14 10:26:22.988 ---------------- paycenter.try: ++++
2017-06-14 10:26:23.023  jsapiPai: 爆炸
2017-06-14 10:27:29.822  : paycenter.aspx
2017-06-14 10:27:31.168 ---------------- paycenter: 0
2017-06-14 10:27:31.168  order2: 
2017-06-14 10:27:31.264 paycenter.aspx order: 
2017-06-14 10:27:31.265 ---------------- paycenter.try: ++++
2017-06-14 10:27:31.351  jsapiPai: 爆炸
2017-06-14 10:34:45.518  : paycenter.aspx
2017-06-14 10:34:46.366 ---------------- paycenter: 0
2017-06-14 10:34:46.367  order2: 
2017-06-14 10:34:46.441 paycenter.aspx order: 
2017-06-14 10:34:46.442 ---------------- paycenter.try: ++++
2017-06-14 10:34:46.490  jsapiPai: 爆炸
2017-06-14 10:36:44.612  : paycenter.aspx
2017-06-14 10:36:45.998 ---------------- paycenter: 0
2017-06-14 10:36:45.998  order2: 
2017-06-14 10:36:46.125 paycenter.aspx order: 
2017-06-14 10:36:46.125 ---------------- paycenter.try: ++++
2017-06-14 10:36:46.197  jsapiPai: 爆炸
2017-06-14 10:37:44.277  : paycenter.aspx
2017-06-14 10:37:46.151 ---------------- paycenter: 0
2017-06-14 10:37:46.151  order2: 
2017-06-14 10:37:46.364 paycenter.aspx order: 
2017-06-14 10:37:46.364 ---------------- paycenter.try: ++++
2017-06-14 10:37:46.418  jsapiPai: 爆炸
2017-06-14 10:42:37.090  : paycenter.aspx
2017-06-14 10:42:37.896 ---------------- paycenter: 0
2017-06-14 10:42:37.896  order2: 
2017-06-14 10:42:38.003 paycenter.aspx order: 
2017-06-14 10:42:38.003 ---------------- paycenter.try: ++++
2017-06-14 10:42:38.054  jsapiPai: 爆炸
2017-06-14 10:44:23.744  : paycenter.aspx
2017-06-14 10:44:24.834 ---------------- paycenter: 0
2017-06-14 10:44:24.835  order2: 
2017-06-14 10:44:24.967 paycenter.aspx order: 
2017-06-14 10:44:24.967 ---------------- paycenter.try: ++++
2017-06-14 10:44:25.032  jsapiPai: 爆炸
2017-06-14 11:03:56.604  : paycenter.aspx
2017-06-14 11:03:57.517 ---------------- paycenter: 0
2017-06-14 11:03:57.517  order2: 
2017-06-14 11:03:57.597 paycenter.aspx order: 
2017-06-14 11:03:57.597 ---------------- paycenter.try: ++++
2017-06-14 11:03:57.648  jsapiPai: 爆炸
2017-06-14 11:05:01.446  : paycenter.aspx
2017-06-14 11:05:02.085 ---------------- paycenter: 0
2017-06-14 11:05:02.085  order2: 
2017-06-14 11:05:02.152 paycenter.aspx order: 
2017-06-14 11:05:02.152 ---------------- paycenter.try: ++++
2017-06-14 11:05:02.200  jsapiPai: 爆炸
