2017-10-18 20:45:25.712 类：BasePage 方法：UserId: sql:SELECT id FROM WP_用户表 WHERE openid='o8eAHwCOGWFalh37wPcWYLjQEbRI' AND openid <> ''
2017-10-18 20:45:26.053 类：BasePage 方法：UserId: _userid:1
2017-10-18 20:45:26.164 类：BasePage 方法：UserInfo: UserInfo进入:
2017-10-18 20:45:26.164 类：BasePage 方法：UserInfo: sql:select WP_用户表.id,用户名,密码,角色id,wx头像,ISNULL(真实姓名,'') AS 真实姓名,isnull(WP_用户表.手机号,'') as 手机号 from WP_用户表  left join wp_会员表  on WP_用户表.openid=wp_会员表.openid where WP_用户表.openid='o8eAHwCOGWFalh37wPcWYLjQEbRI' and wp_会员表.openid <> '' and  isshow=1
2017-10-18 20:45:26.236 类：BasePage 方法：UserInfo: UserInfo进入:
2017-10-18 20:45:26.236 类：BasePage 方法：UserInfo: UserInfo进入:
2017-10-18 20:45:26.285 类：BasePage 方法：UserInfo: UserInfo进入:
2017-10-18 20:52:12.735 类：BasePage 方法：UserId: sql:SELECT id FROM WP_用户表 WHERE openid='o8eAHwCOGWFalh37wPcWYLjQEbRI' AND openid <> ''
2017-10-18 20:52:13.152 类：BasePage 方法：UserId: _userid:1
2017-10-18 20:52:13.287 类：BasePage 方法：UserInfo: UserInfo进入:
2017-10-18 20:52:13.288 类：BasePage 方法：UserInfo: sql:select WP_用户表.id,用户名,密码,角色id,wx头像,ISNULL(真实姓名,'') AS 真实姓名,isnull(WP_用户表.手机号,'') as 手机号 from WP_用户表  left join wp_会员表  on WP_用户表.openid=wp_会员表.openid where WP_用户表.openid='o8eAHwCOGWFalh37wPcWYLjQEbRI' and wp_会员表.openid <> '' and  isshow=1
2017-10-18 20:52:13.350 类：BasePage 方法：UserInfo: UserInfo进入:
2017-10-18 20:52:13.351 类：BasePage 方法：UserInfo: UserInfo进入:
2017-10-18 20:52:13.423 类：BasePage 方法：UserInfo: UserInfo进入:
2017-10-18 21:01:28.554 类：BasePage 方法：UserId: sql:SELECT id FROM WP_用户表 WHERE openid='o8eAHwCOGWFalh37wPcWYLjQEbRI' AND openid <> ''
2017-10-18 21:01:29.016 类：BasePage 方法：UserId: _userid:1
2017-10-18 21:01:29.141 类：BasePage 方法：UserInfo: UserInfo进入:
2017-10-18 21:01:29.142 类：BasePage 方法：UserInfo: sql:select WP_用户表.id,用户名,密码,角色id,wx头像,ISNULL(真实姓名,'') AS 真实姓名,isnull(WP_用户表.手机号,'') as 手机号 from WP_用户表  left join wp_会员表  on WP_用户表.openid=wp_会员表.openid where WP_用户表.openid='o8eAHwCOGWFalh37wPcWYLjQEbRI' and wp_会员表.openid <> '' and  isshow=1
2017-10-18 21:01:29.227 类：BasePage 方法：UserInfo: UserInfo进入:
2017-10-18 21:01:29.228 类：BasePage 方法：UserInfo: UserInfo进入:
2017-10-18 21:01:29.318 类：BasePage 方法：UserInfo: UserInfo进入:
2017-10-18 21:16:48.724 类：BasePage 方法：UserId: sql:SELECT id FROM WP_用户表 WHERE openid='o8eAHwCOGWFalh37wPcWYLjQEbRI' AND openid <> ''
2017-10-18 21:16:49.332 类：BasePage 方法：UserId: _userid:1
2017-10-18 21:16:49.509 类：BasePage 方法：UserInfo: UserInfo进入:
2017-10-18 21:16:49.510 类：BasePage 方法：UserInfo: sql:select WP_用户表.id,用户名,密码,角色id,wx头像,ISNULL(真实姓名,'') AS 真实姓名,isnull(WP_用户表.手机号,'') as 手机号 from WP_用户表  left join wp_会员表  on WP_用户表.openid=wp_会员表.openid where WP_用户表.openid='o8eAHwCOGWFalh37wPcWYLjQEbRI' and wp_会员表.openid <> '' and  isshow=1
2017-10-18 21:16:49.584 类：BasePage 方法：UserInfo: UserInfo进入:
2017-10-18 21:16:49.584 类：BasePage 方法：UserInfo: UserInfo进入:
2017-10-18 21:16:49.638 类：BasePage 方法：UserInfo: UserInfo进入:
2017-10-18 21:19:45.382 类：BasePage 方法：UserId: sql:SELECT id FROM WP_用户表 WHERE openid='o8eAHwCOGWFalh37wPcWYLjQEbRI' AND openid <> ''
2017-10-18 21:19:45.755 类：BasePage 方法：UserId: _userid:1
2017-10-18 21:19:45.860 类：BasePage 方法：UserInfo: UserInfo进入:
2017-10-18 21:19:45.861 类：BasePage 方法：UserInfo: sql:select WP_用户表.id,用户名,密码,角色id,wx头像,ISNULL(真实姓名,'') AS 真实姓名,isnull(WP_用户表.手机号,'') as 手机号 from WP_用户表  left join wp_会员表  on WP_用户表.openid=wp_会员表.openid where WP_用户表.openid='o8eAHwCOGWFalh37wPcWYLjQEbRI' and wp_会员表.openid <> '' and  isshow=1
2017-10-18 21:19:45.934 类：BasePage 方法：UserInfo: UserInfo进入:
2017-10-18 21:19:45.934 类：BasePage 方法：UserInfo: UserInfo进入:
2017-10-18 21:19:45.980 类：BasePage 方法：UserInfo: UserInfo进入:
2017-10-18 21:19:53.156 页面：comprehensive 方法：BindRoom: 异常信息：“(”附近有语法错误。
关键字 'order' 附近有语法错误。select * from (select WP_库位表.id,WP_库位表.仓库id,库位名,isnull(离线时长,99) as 离线时长,
(select sum(价格*数量) as 销售金额 from WP_订单子表 where 库位id = WP_库位表.id ) as SelledAmount
(select top 1 时间  from [tshop].[dbo].[视图投放记录] where 投放库位id = WP_库位表.id order by 时间 desc) as 补货时间
from WP_库位表 
where WP_库位表.IsShow=1 and WP_库位表.仓库id=79 and 库位名 not like '%总台库%' and 库位名 not like '%总台%') A order by SelledAmount desc
2017-10-18 21:20:00.690 页面：comprehensive 方法：BindRoom: 异常信息：“(”附近有语法错误。
关键字 'order' 附近有语法错误。select * from (select WP_库位表.id,WP_库位表.仓库id,库位名,isnull(离线时长,99) as 离线时长,
(select sum(价格*数量) as 销售金额 from WP_订单子表 where 库位id = WP_库位表.id ) as SelledAmount
(select top 1 时间  from [tshop].[dbo].[视图投放记录] where 投放库位id = WP_库位表.id order by 时间 desc) as 补货时间
from WP_库位表 
where WP_库位表.IsShow=1 and WP_库位表.仓库id=79 and 库位名 not like '%总台库%' and 库位名 not like '%总台%') A order by SelledAmount desc
2017-10-18 21:20:43.745 类：BasePage 方法：UserId: sql:SELECT id FROM WP_用户表 WHERE openid='o8eAHwCOGWFalh37wPcWYLjQEbRI' AND openid <> ''
2017-10-18 21:20:43.748 类：BasePage 方法：UserId: sql:SELECT id FROM WP_用户表 WHERE openid='o8eAHwCOGWFalh37wPcWYLjQEbRI' AND openid <> ''
2017-10-18 21:20:44.076 类：BasePage 方法：UserId: _userid:1
2017-10-18 21:20:44.188 类：BasePage 方法：UserInfo: UserInfo进入:
2017-10-18 21:20:44.189 类：BasePage 方法：UserInfo: sql:select WP_用户表.id,用户名,密码,角色id,wx头像,ISNULL(真实姓名,'') AS 真实姓名,isnull(WP_用户表.手机号,'') as 手机号 from WP_用户表  left join wp_会员表  on WP_用户表.openid=wp_会员表.openid where WP_用户表.openid='o8eAHwCOGWFalh37wPcWYLjQEbRI' and wp_会员表.openid <> '' and  isshow=1
2017-10-18 21:20:44.236 类：BasePage 方法：UserId: _userid:1
2017-10-18 21:20:44.262 类：BasePage 方法：UserInfo: UserInfo进入:
2017-10-18 21:20:44.262 类：BasePage 方法：UserInfo: UserInfo进入:
2017-10-18 21:20:44.313 类：BasePage 方法：UserInfo: UserInfo进入:
2017-10-18 21:36:48.220 类：BasePage 方法：UserId: sql:SELECT id FROM WP_用户表 WHERE openid='o8eAHwCOGWFalh37wPcWYLjQEbRI' AND openid <> ''
2017-10-18 21:36:48.260 类：BasePage 方法：UserId: sql:SELECT id FROM WP_用户表 WHERE openid='o8eAHwCOGWFalh37wPcWYLjQEbRI' AND openid <> ''
2017-10-18 21:36:48.601 类：BasePage 方法：UserId: _userid:1
2017-10-18 21:36:51.178 类：BasePage 方法：UserId: _userid:1
2017-10-18 21:36:51.506 类：BasePage 方法：UserInfo: UserInfo进入:
2017-10-18 21:36:51.507 类：BasePage 方法：UserInfo: sql:select WP_用户表.id,用户名,密码,角色id,wx头像,ISNULL(真实姓名,'') AS 真实姓名,isnull(WP_用户表.手机号,'') as 手机号 from WP_用户表  left join wp_会员表  on WP_用户表.openid=wp_会员表.openid where WP_用户表.openid='o8eAHwCOGWFalh37wPcWYLjQEbRI' and wp_会员表.openid <> '' and  isshow=1
2017-10-18 21:36:51.649 类：BasePage 方法：UserInfo: UserInfo进入:
2017-10-18 21:36:51.649 类：BasePage 方法：UserInfo: UserInfo进入:
2017-10-18 21:36:51.703 类：BasePage 方法：UserInfo: UserInfo进入:
2017-10-18 21:38:11.213 类：BasePage 方法：UserId: sql:SELECT id FROM WP_用户表 WHERE openid='o8eAHwCOGWFalh37wPcWYLjQEbRI' AND openid <> ''
2017-10-18 21:38:11.596 类：BasePage 方法：UserId: _userid:1
2017-10-18 21:38:11.704 类：BasePage 方法：UserInfo: UserInfo进入:
2017-10-18 21:38:11.704 类：BasePage 方法：UserInfo: sql:select WP_用户表.id,用户名,密码,角色id,wx头像,ISNULL(真实姓名,'') AS 真实姓名,isnull(WP_用户表.手机号,'') as 手机号 from WP_用户表  left join wp_会员表  on WP_用户表.openid=wp_会员表.openid where WP_用户表.openid='o8eAHwCOGWFalh37wPcWYLjQEbRI' and wp_会员表.openid <> '' and  isshow=1
2017-10-18 21:38:11.760 类：BasePage 方法：UserInfo: UserInfo进入:
2017-10-18 21:38:11.761 类：BasePage 方法：UserInfo: UserInfo进入:
2017-10-18 21:38:11.805 类：BasePage 方法：UserInfo: UserInfo进入:
2017-10-18 21:39:05.885 类：BasePage 方法：UserId: sql:SELECT id FROM WP_用户表 WHERE openid='o8eAHwCOGWFalh37wPcWYLjQEbRI' AND openid <> ''
2017-10-18 21:39:06.252 类：BasePage 方法：UserId: _userid:1
2017-10-18 21:39:06.374 类：BasePage 方法：UserInfo: UserInfo进入:
2017-10-18 21:39:06.374 类：BasePage 方法：UserInfo: sql:select WP_用户表.id,用户名,密码,角色id,wx头像,ISNULL(真实姓名,'') AS 真实姓名,isnull(WP_用户表.手机号,'') as 手机号 from WP_用户表  left join wp_会员表  on WP_用户表.openid=wp_会员表.openid where WP_用户表.openid='o8eAHwCOGWFalh37wPcWYLjQEbRI' and wp_会员表.openid <> '' and  isshow=1
2017-10-18 21:39:06.452 类：BasePage 方法：UserInfo: UserInfo进入:
2017-10-18 21:39:06.452 类：BasePage 方法：UserInfo: UserInfo进入:
2017-10-18 21:39:06.504 类：BasePage 方法：UserInfo: UserInfo进入:
2017-10-18 21:45:35.704 类：BasePage 方法：UserId: sql:SELECT id FROM WP_用户表 WHERE openid='o8eAHwCOGWFalh37wPcWYLjQEbRI' AND openid <> ''
2017-10-18 21:45:36.049 类：BasePage 方法：UserId: _userid:1
2017-10-18 21:45:36.169 类：BasePage 方法：UserInfo: UserInfo进入:
2017-10-18 21:45:36.169 类：BasePage 方法：UserInfo: sql:select WP_用户表.id,用户名,密码,角色id,wx头像,ISNULL(真实姓名,'') AS 真实姓名,isnull(WP_用户表.手机号,'') as 手机号 from WP_用户表  left join wp_会员表  on WP_用户表.openid=wp_会员表.openid where WP_用户表.openid='o8eAHwCOGWFalh37wPcWYLjQEbRI' and wp_会员表.openid <> '' and  isshow=1
2017-10-18 21:45:36.230 类：BasePage 方法：UserInfo: UserInfo进入:
2017-10-18 21:45:36.231 类：BasePage 方法：UserInfo: UserInfo进入:
2017-10-18 21:45:36.279 类：BasePage 方法：UserInfo: UserInfo进入:
2017-10-18 21:48:55.839 类：BasePage 方法：UserId: sql:SELECT id FROM WP_用户表 WHERE openid='o8eAHwCOGWFalh37wPcWYLjQEbRI' AND openid <> ''
2017-10-18 21:48:56.170 类：BasePage 方法：UserId: _userid:1
2017-10-18 21:48:56.286 类：BasePage 方法：UserInfo: UserInfo进入:
2017-10-18 21:48:56.287 类：BasePage 方法：UserInfo: sql:select WP_用户表.id,用户名,密码,角色id,wx头像,ISNULL(真实姓名,'') AS 真实姓名,isnull(WP_用户表.手机号,'') as 手机号 from WP_用户表  left join wp_会员表  on WP_用户表.openid=wp_会员表.openid where WP_用户表.openid='o8eAHwCOGWFalh37wPcWYLjQEbRI' and wp_会员表.openid <> '' and  isshow=1
2017-10-18 21:48:56.343 类：BasePage 方法：UserInfo: UserInfo进入:
2017-10-18 21:48:56.344 类：BasePage 方法：UserInfo: UserInfo进入:
2017-10-18 21:48:56.391 类：BasePage 方法：UserInfo: UserInfo进入:
2017-10-18 21:53:36.810 类：BasePage 方法：UserId: sql:SELECT id FROM WP_用户表 WHERE openid='o8eAHwCOGWFalh37wPcWYLjQEbRI' AND openid <> ''
2017-10-18 21:53:37.128 类：BasePage 方法：UserId: _userid:1
2017-10-18 21:53:37.230 类：BasePage 方法：UserInfo: UserInfo进入:
2017-10-18 21:53:37.230 类：BasePage 方法：UserInfo: sql:select WP_用户表.id,用户名,密码,角色id,wx头像,ISNULL(真实姓名,'') AS 真实姓名,isnull(WP_用户表.手机号,'') as 手机号 from WP_用户表  left join wp_会员表  on WP_用户表.openid=wp_会员表.openid where WP_用户表.openid='o8eAHwCOGWFalh37wPcWYLjQEbRI' and wp_会员表.openid <> '' and  isshow=1
2017-10-18 21:53:37.291 类：BasePage 方法：UserInfo: UserInfo进入:
2017-10-18 21:53:37.291 类：BasePage 方法：UserInfo: UserInfo进入:
2017-10-18 21:53:37.334 类：BasePage 方法：UserInfo: UserInfo进入:
2017-10-18 21:54:47.355 类：BasePage 方法：UserId: sql:SELECT id FROM WP_用户表 WHERE openid='o8eAHwCOGWFalh37wPcWYLjQEbRI' AND openid <> ''
2017-10-18 21:54:47.724 类：BasePage 方法：UserId: _userid:1
2017-10-18 21:54:47.829 类：BasePage 方法：UserInfo: UserInfo进入:
2017-10-18 21:54:47.829 类：BasePage 方法：UserInfo: sql:select WP_用户表.id,用户名,密码,角色id,wx头像,ISNULL(真实姓名,'') AS 真实姓名,isnull(WP_用户表.手机号,'') as 手机号 from WP_用户表  left join wp_会员表  on WP_用户表.openid=wp_会员表.openid where WP_用户表.openid='o8eAHwCOGWFalh37wPcWYLjQEbRI' and wp_会员表.openid <> '' and  isshow=1
2017-10-18 21:54:47.926 类：BasePage 方法：UserInfo: UserInfo进入:
2017-10-18 21:54:47.927 类：BasePage 方法：UserInfo: UserInfo进入:
2017-10-18 21:54:47.968 类：BasePage 方法：UserInfo: UserInfo进入:
2017-10-18 21:58:11.863 类：BasePage 方法：UserId: sql:SELECT id FROM WP_用户表 WHERE openid='o8eAHwCOGWFalh37wPcWYLjQEbRI' AND openid <> ''
2017-10-18 21:58:12.540 类：BasePage 方法：UserId: _userid:1
2017-10-18 21:58:12.767 类：BasePage 方法：UserInfo: UserInfo进入:
2017-10-18 21:58:12.768 类：BasePage 方法：UserInfo: sql:select WP_用户表.id,用户名,密码,角色id,wx头像,ISNULL(真实姓名,'') AS 真实姓名,isnull(WP_用户表.手机号,'') as 手机号 from WP_用户表  left join wp_会员表  on WP_用户表.openid=wp_会员表.openid where WP_用户表.openid='o8eAHwCOGWFalh37wPcWYLjQEbRI' and wp_会员表.openid <> '' and  isshow=1
2017-10-18 21:58:12.910 类：BasePage 方法：UserInfo: UserInfo进入:
2017-10-18 21:58:12.910 类：BasePage 方法：UserInfo: UserInfo进入:
2017-10-18 21:58:12.995 类：BasePage 方法：UserInfo: UserInfo进入:
2017-10-18 22:13:11.735 类：BasePage 方法：UserId: sql:SELECT id FROM WP_用户表 WHERE openid='o8eAHwCOGWFalh37wPcWYLjQEbRI' AND openid <> ''
2017-10-18 22:13:12.061 类：BasePage 方法：UserId: _userid:1
2017-10-18 22:13:12.165 类：BasePage 方法：UserInfo: UserInfo进入:
2017-10-18 22:13:12.165 类：BasePage 方法：UserInfo: sql:select WP_用户表.id,用户名,密码,角色id,wx头像,ISNULL(真实姓名,'') AS 真实姓名,isnull(WP_用户表.手机号,'') as 手机号 from WP_用户表  left join wp_会员表  on WP_用户表.openid=wp_会员表.openid where WP_用户表.openid='o8eAHwCOGWFalh37wPcWYLjQEbRI' and wp_会员表.openid <> '' and  isshow=1
2017-10-18 22:13:12.224 类：BasePage 方法：UserInfo: UserInfo进入:
2017-10-18 22:13:12.224 类：BasePage 方法：UserInfo: UserInfo进入:
2017-10-18 22:13:12.269 类：BasePage 方法：UserInfo: UserInfo进入:
2017-10-18 22:13:22.210 类：comprehensive_hm 方法：BindGoods: all_sql： 
declare @s int
  set @s = 79
  select b.本站价,b.编码,b.品名,isnull(c.图片路径,'') as 图片路径,
(select sum(isnull(数量,0)) as 累计销售 from WP_订单子表 where 仓库id = 79 and 商品id = b.id) as 累计销售
    (select (sum(isnull(WP_入库表.数量,0))-sum(isnull(WP_出库表.数量,0))) as kucuncount from WP_入库表 left join WP_出库表 on WP_入库表.库位id = WP_出库表.库位id and WP_入库表.商品id =WP_出库表.商品id where WP_入库表.库位id in (SELECT id FROM [tshop].[dbo].[WP_库位表] where 库位名 = '总台' and 仓库id = @s ) and WP_入库表.商品id = b.id group by WP_入库表.商品id,WP_出库表.商品id ) as 前台库存
  ,(select 
  sum(isnull(WP_入库表.数量,0)) as rukucount 
  from WP_入库表 
  left join WP_出库表 
  on WP_入库表.库位id = WP_出库表.库位id 
  and WP_入库表.商品id =WP_出库表.商品id 
  where WP_入库表.库位id in 
  (SELECT id FROM [tshop].[dbo].[WP_库位表] where 库位名 not in('总台','总台库') and 仓库id = @s) 
  and WP_入库表.商品id = b.id) as 房间库存
    ,(select 
  sum(isnull(WP_出库表.数量,0)) as chukucount 
  from WP_入库表 
  left join WP_出库表 
  on WP_入库表.库位id = WP_出库表.库位id 
  and WP_入库表.商品id =WP_出库表.商品id 
  where WP_出库表.库位id in 
  (SELECT id FROM [tshop].[dbo].[WP_库位表] where 库位名 not in('总台','总台库') and 仓库id = @s) 
  and WP_出库表.商品id = b.id) as 销量
  from  WP_商品表 b left join WP_商品图片表 c on b.编号 =c.商品编号
  where b.id in(select 商品id from [dbo].[视图在库表] a where a.库位id in(select id from WP_库位表 where 仓库id = @s))

2017-10-18 22:13:51.088 类：BasePage 方法：UserId: sql:SELECT id FROM WP_用户表 WHERE openid='o8eAHwCOGWFalh37wPcWYLjQEbRI' AND openid <> ''
2017-10-18 22:13:51.095 类：BasePage 方法：UserId: sql:SELECT id FROM WP_用户表 WHERE openid='o8eAHwCOGWFalh37wPcWYLjQEbRI' AND openid <> ''
2017-10-18 22:13:51.410 类：BasePage 方法：UserId: _userid:1
2017-10-18 22:13:51.527 类：comprehensive_hm 方法：BindGoods: all_sql： 
declare @s int
  set @s = 79
  select b.本站价,b.编码,b.品名,isnull(c.图片路径,'') as 图片路径,
(select sum(isnull(数量,0)) as 累计销售 from WP_订单子表 where 仓库id = 79 and 商品id = b.id) as 累计销售，
    (select (sum(isnull(WP_入库表.数量,0))-sum(isnull(WP_出库表.数量,0))) as kucuncount from WP_入库表 left join WP_出库表 on WP_入库表.库位id = WP_出库表.库位id and WP_入库表.商品id =WP_出库表.商品id where WP_入库表.库位id in (SELECT id FROM [tshop].[dbo].[WP_库位表] where 库位名 = '总台' and 仓库id = @s ) and WP_入库表.商品id = b.id group by WP_入库表.商品id,WP_出库表.商品id ) as 前台库存
  ,(select 
  sum(isnull(WP_入库表.数量,0)) as rukucount 
  from WP_入库表 
  left join WP_出库表 
  on WP_入库表.库位id = WP_出库表.库位id 
  and WP_入库表.商品id =WP_出库表.商品id 
  where WP_入库表.库位id in 
  (SELECT id FROM [tshop].[dbo].[WP_库位表] where 库位名 not in('总台','总台库') and 仓库id = @s) 
  and WP_入库表.商品id = b.id) as 房间库存
    ,(select 
  sum(isnull(WP_出库表.数量,0)) as chukucount 
  from WP_入库表 
  left join WP_出库表 
  on WP_入库表.库位id = WP_出库表.库位id 
  and WP_入库表.商品id =WP_出库表.商品id 
  where WP_出库表.库位id in 
  (SELECT id FROM [tshop].[dbo].[WP_库位表] where 库位名 not in('总台','总台库') and 仓库id = @s) 
  and WP_出库表.商品id = b.id) as 销量
  from  WP_商品表 b left join WP_商品图片表 c on b.编号 =c.商品编号
  where b.id in(select 商品id from [dbo].[视图在库表] a where a.库位id in(select id from WP_库位表 where 仓库id = @s))

2017-10-18 22:13:51.643 类：BasePage 方法：UserId: _userid:1
2017-10-18 22:14:14.492 类：BasePage 方法：UserId: sql:SELECT id FROM WP_用户表 WHERE openid='o8eAHwCOGWFalh37wPcWYLjQEbRI' AND openid <> ''
2017-10-18 22:14:14.826 类：BasePage 方法：UserId: _userid:1
2017-10-18 22:14:14.937 类：BasePage 方法：UserInfo: UserInfo进入:
2017-10-18 22:14:14.937 类：BasePage 方法：UserInfo: sql:select WP_用户表.id,用户名,密码,角色id,wx头像,ISNULL(真实姓名,'') AS 真实姓名,isnull(WP_用户表.手机号,'') as 手机号 from WP_用户表  left join wp_会员表  on WP_用户表.openid=wp_会员表.openid where WP_用户表.openid='o8eAHwCOGWFalh37wPcWYLjQEbRI' and wp_会员表.openid <> '' and  isshow=1
2017-10-18 22:14:15.004 类：BasePage 方法：UserInfo: UserInfo进入:
2017-10-18 22:14:15.005 类：BasePage 方法：UserInfo: UserInfo进入:
2017-10-18 22:14:15.057 类：BasePage 方法：UserInfo: UserInfo进入:
2017-10-18 22:14:15.221 类：BasePage 方法：UserInfo: UserInfo进入:
2017-10-18 22:14:15.222 类：BasePage 方法：UserInfo: sql:select WP_用户表.id,用户名,密码,角色id,wx头像,ISNULL(真实姓名,'') AS 真实姓名,isnull(WP_用户表.手机号,'') as 手机号 from WP_用户表  left join wp_会员表  on WP_用户表.openid=wp_会员表.openid where WP_用户表.openid='o8eAHwCOGWFalh37wPcWYLjQEbRI' and wp_会员表.openid <> '' and  isshow=1
2017-10-18 22:14:15.271 类：BasePage 方法：UserInfo: UserInfo进入:
2017-10-18 22:14:15.272 类：BasePage 方法：UserInfo: UserInfo进入:
2017-10-18 22:14:15.318 类：BasePage 方法：UserInfo: UserInfo进入:
2017-10-18 22:14:55.710 类：comprehensive_hm 方法：BindGoods: all_sql： 
declare @s int
  set @s = 79
  select b.本站价,b.编码,b.品名,isnull(c.图片路径,'') as 图片路径,
(select sum(isnull(数量,0)) as 累计销售 from WP_订单子表 where 仓库id = 79 and 商品id = b.id) as 累计销售,
    (select (sum(isnull(WP_入库表.数量,0))-sum(isnull(WP_出库表.数量,0))) as kucuncount from WP_入库表 left join WP_出库表 on WP_入库表.库位id = WP_出库表.库位id and WP_入库表.商品id =WP_出库表.商品id where WP_入库表.库位id in (SELECT id FROM [tshop].[dbo].[WP_库位表] where 库位名 = '总台' and 仓库id = @s ) and WP_入库表.商品id = b.id group by WP_入库表.商品id,WP_出库表.商品id ) as 前台库存
  ,(select 
  sum(isnull(WP_入库表.数量,0)) as rukucount 
  from WP_入库表 
  left join WP_出库表 
  on WP_入库表.库位id = WP_出库表.库位id 
  and WP_入库表.商品id =WP_出库表.商品id 
  where WP_入库表.库位id in 
  (SELECT id FROM [tshop].[dbo].[WP_库位表] where 库位名 not in('总台','总台库') and 仓库id = @s) 
  and WP_入库表.商品id = b.id) as 房间库存
    ,(select 
  sum(isnull(WP_出库表.数量,0)) as chukucount 
  from WP_入库表 
  left join WP_出库表 
  on WP_入库表.库位id = WP_出库表.库位id 
  and WP_入库表.商品id =WP_出库表.商品id 
  where WP_出库表.库位id in 
  (SELECT id FROM [tshop].[dbo].[WP_库位表] where 库位名 not in('总台','总台库') and 仓库id = @s) 
  and WP_出库表.商品id = b.id) as 销量
  from  WP_商品表 b left join WP_商品图片表 c on b.编号 =c.商品编号
  where b.id in(select 商品id from [dbo].[视图在库表] a where a.库位id in(select id from WP_库位表 where 仓库id = @s))

2017-10-18 22:14:56.017 类：comprehensive_hm 方法：BindGoods: dt：[{"本站价":0.02,"编码":"1","品名":"杜蕾斯","图片路径":"/upload/201705/09/201705091134487853.jpg","累计销售":50,"前台库存":3504.0,"房间库存":875.0,"销量":875.0},{"本站价":0.02,"编码":"12","品名":"杜蕾斯AiR","图片路径":"/upload/201705/09/201705091143345239.jpg","累计销售":59,"前台库存":242.0,"房间库存":988.0,"销量":988.0},{"本站价":0.01,"编码":"13","品名":"网衣","图片路径":"/upload/201706/13/201706131610197202.jpg","累计销售":72,"前台库存":7032.0,"房间库存":41872.0,"销量":42358.0},{"本站价":0.01,"编码":"23","品名":"龙抬头","图片路径":"/upload/201706/13/201706131606059330.jpg","累计销售":66,"前台库存":62.0,"房间库存":1027.0,"销量":1027.0},{"本站价":0.01,"编码":"32","品名":"粉红跳蛋","图片路径":"/upload/201705/10/201705101133265347.jpg","累计销售":42,"前台库存":180.0,"房间库存":426.0,"销量":423.0},{"本站价":0.03,"编码":"15","品名":"OMYSKY","图片路径":"/upload/201705/10/201705101142496766.jpg","累计销售":28,"前台库存":44.0,"房间库存":202.0,"销量":202.0},{"本站价":0.03,"编码":"12","品名":"性感内衣","图片路径":"/upload/201705/10/201705101145593114.jpg","累计销售":24,"前台库存":113.0,"房间库存":156.0,"销量":156.0},{"本站价":0.01,"编码":null,"品名":"滑石粉","图片路径":"","累计销售":18,"前台库存":null,"房间库存":90.0,"销量":90.0},{"本站价":0.01,"编码":null,"品名":"滑石","图片路径":"","累计销售":16,"前台库存":null,"房间库存":128.0,"销量":128.0},{"本站价":0.01,"编码":"21","品名":"牛奶泡泡浴","图片路径":"/upload/201705/11/201705110954349382.jpg","累计销售":26,"前台库存":400.0,"房间库存":54.0,"销量":54.0},{"本站价":0.01,"编码":"12","品名":"佳洁适","图片路径":"/upload/201705/11/201705110956568741.jpg","累计销售":81,"前台库存":null,"房间库存":1415.0,"销量":1415.0},{"本站价":0.01,"编码":"1","品名":"雅润湿巾两片","图片路径":"/upload/201705/18/201705181553076114.gif","累计销售":16,"前台库存":null,"房间库存":151.0,"销量":151.0},{"本站价":22.99,"编码":"D","品名":"杜蕾斯","图片路径":"/upload/201706/12/201706121340484982.jpg","累计销售":1,"前台库存":null,"房间库存":3.0,"销量":null},{"本站价":39.99,"编码":"H","品名":"粉红跳蛋","图片路径":"/upload/201706/15/201706151554496115.png","累计销售":1,"前台库存":null,"房间库存":729.0,"销量":729.0},{"本站价":99.99,"编码":"K","品名":"OMYSKY","图片路径":"/upload/201706/12/201706121514054634.jpg","累计销售":2,"前台库存":null,"房间库存":1.0,"销量":null},{"本站价":38.88,"编码":"I","品名":"性感内衣","图片路径":"/upload/201706/12/201706121517137340.jpg","累计销售":1,"前台库存":null,"房间库存":1.0,"销量":null},{"本站价":46.99,"编码":"I1","品名":"网衣","图片路径":"/upload/201706/12/201706121539108050.jpg","累计销售":null,"前台库存":null,"房间库存":3.0,"销量":null},{"本站价":36.99,"编码":"E","品名":"牛奶泡泡浴","图片路径":"/upload/201706/12/201706121632461364.jpg","累计销售":1,"前台库存":null,"房间库存":1.0,"销量":null},{"本站价":0.01,"编码":"232","品名":"测试组合01","图片路径":"/upload/201706/15/201706151051077242.jpg","累计销售":275,"前台库存":-324.0,"房间库存":8602.0,"销量":8602.0},{"本站价":0.01,"编码":"65655555554645","品名":"测试组合02","图片路径":"/upload/201706/15/201706151108262491.jpg","累计销售":1,"前台库存":-20.0,"房间库存":null,"销量":null}]
2017-10-18 22:14:56.017 类：comprehensive_hm 方法：BindGoods: dr0：
2017-10-18 22:14:56.018 类：comprehensive_hm 方法：BindGoods: dr1：
2017-10-18 22:14:56.018 类：comprehensive_hm 方法：BindGoods: dr2：
2017-10-18 22:14:56.019 类：comprehensive_hm 方法：BindGoods: dr3：
2017-10-18 22:14:56.019 类：comprehensive_hm 方法：BindGoods: dr4：
2017-10-18 22:14:56.020 类：comprehensive_hm 方法：BindGoods: dr5：
2017-10-18 22:14:56.020 类：comprehensive_hm 方法：BindGoods: dr6：
2017-10-18 22:14:56.021 类：comprehensive_hm 方法：BindGoods: dr7：
2017-10-18 22:14:56.021 类：comprehensive_hm 方法：BindGoods: dr8：
2017-10-18 22:14:56.022 类：comprehensive_hm 方法：BindGoods: dr9：
2017-10-18 22:14:56.022 类：comprehensive_hm 方法：BindGoods: dr10：
2017-10-18 22:14:56.023 类：comprehensive_hm 方法：BindGoods: dr11：
2017-10-18 22:14:56.023 类：comprehensive_hm 方法：BindGoods: dr12：
2017-10-18 22:14:56.024 类：comprehensive_hm 方法：BindGoods: dr13：
2017-10-18 22:14:56.024 类：comprehensive_hm 方法：BindGoods: dr14：
2017-10-18 22:14:56.025 类：comprehensive_hm 方法：BindGoods: dr15：
2017-10-18 22:14:56.025 类：comprehensive_hm 方法：BindGoods: dr16：
2017-10-18 22:14:56.026 类：comprehensive_hm 方法：BindGoods: dr17：
2017-10-18 22:14:56.026 类：comprehensive_hm 方法：BindGoods: dr18：
2017-10-18 22:14:56.027 类：comprehensive_hm 方法：BindGoods: dr19：
2017-10-18 22:15:03.015 类：BasePage 方法：UserInfo: UserInfo进入:
2017-10-18 22:15:03.016 类：BasePage 方法：UserInfo: sql:select WP_用户表.id,用户名,密码,角色id,wx头像,ISNULL(真实姓名,'') AS 真实姓名,isnull(WP_用户表.手机号,'') as 手机号 from WP_用户表  left join wp_会员表  on WP_用户表.openid=wp_会员表.openid where WP_用户表.openid='o8eAHwCOGWFalh37wPcWYLjQEbRI' and wp_会员表.openid <> '' and  isshow=1
2017-10-18 22:15:05.345 类：BasePage 方法：UserInfo: UserInfo进入:
2017-10-18 22:15:05.346 类：BasePage 方法：UserInfo: sql:select WP_用户表.id,用户名,密码,角色id,wx头像,ISNULL(真实姓名,'') AS 真实姓名,isnull(WP_用户表.手机号,'') as 手机号 from WP_用户表  left join wp_会员表  on WP_用户表.openid=wp_会员表.openid where WP_用户表.openid='o8eAHwCOGWFalh37wPcWYLjQEbRI' and wp_会员表.openid <> '' and  isshow=1
2017-10-18 22:15:05.399 类：BasePage 方法：UserInfo: UserInfo进入:
2017-10-18 22:15:05.399 类：BasePage 方法：UserInfo: UserInfo进入:
2017-10-18 22:15:05.517 类：BasePage 方法：UserInfo: UserInfo进入:
2017-10-18 22:15:19.930 类：comprehensive_hm 方法：BindGoods: all_sql： 
declare @s int
  set @s = 82
  select b.本站价,b.编码,b.品名,isnull(c.图片路径,'') as 图片路径,
(select sum(isnull(数量,0)) as 累计销售 from WP_订单子表 where 仓库id = 82 and 商品id = b.id) as 累计销售,
    (select (sum(isnull(WP_入库表.数量,0))-sum(isnull(WP_出库表.数量,0))) as kucuncount from WP_入库表 left join WP_出库表 on WP_入库表.库位id = WP_出库表.库位id and WP_入库表.商品id =WP_出库表.商品id where WP_入库表.库位id in (SELECT id FROM [tshop].[dbo].[WP_库位表] where 库位名 = '总台' and 仓库id = @s ) and WP_入库表.商品id = b.id group by WP_入库表.商品id,WP_出库表.商品id ) as 前台库存
  ,(select 
  sum(isnull(WP_入库表.数量,0)) as rukucount 
  from WP_入库表 
  left join WP_出库表 
  on WP_入库表.库位id = WP_出库表.库位id 
  and WP_入库表.商品id =WP_出库表.商品id 
  where WP_入库表.库位id in 
  (SELECT id FROM [tshop].[dbo].[WP_库位表] where 库位名 not in('总台','总台库') and 仓库id = @s) 
  and WP_入库表.商品id = b.id) as 房间库存
    ,(select 
  sum(isnull(WP_出库表.数量,0)) as chukucount 
  from WP_入库表 
  left join WP_出库表 
  on WP_入库表.库位id = WP_出库表.库位id 
  and WP_入库表.商品id =WP_出库表.商品id 
  where WP_出库表.库位id in 
  (SELECT id FROM [tshop].[dbo].[WP_库位表] where 库位名 not in('总台','总台库') and 仓库id = @s) 
  and WP_出库表.商品id = b.id) as 销量
  from  WP_商品表 b left join WP_商品图片表 c on b.编号 =c.商品编号
  where b.id in(select 商品id from [dbo].[视图在库表] a where a.库位id in(select id from WP_库位表 where 仓库id = @s))

2017-10-18 22:15:20.059 类：comprehensive_hm 方法：BindGoods: dt：[{"本站价":22.99,"编码":"D","品名":"杜蕾斯","图片路径":"/upload/201706/12/201706121340484982.jpg","累计销售":188,"前台库存":null,"房间库存":450.0,"销量":450.0},{"本站价":49.99,"编码":"J","品名":"空气套X2","图片路径":"/upload/201706/12/201706121347135394.jpg","累计销售":26,"前台库存":null,"房间库存":22.0,"销量":22.0},{"本站价":39.99,"编码":"H","品名":"粉红跳蛋","图片路径":"/upload/201706/15/201706151554496115.png","累计销售":46,"前台库存":null,"房间库存":38.0,"销量":38.0},{"本站价":99.99,"编码":"K","品名":"OMYSKY","图片路径":"/upload/201706/12/201706121514054634.jpg","累计销售":24,"前台库存":null,"房间库存":4.0,"销量":4.0},{"本站价":38.88,"编码":"I","品名":"性感内衣","图片路径":"/upload/201706/12/201706121517137340.jpg","累计销售":21,"前台库存":null,"房间库存":11.0,"销量":11.0},{"本站价":59.99,"编码":"G","品名":"龙抬头","图片路径":"/upload/201706/13/201706131605342746.jpg","累计销售":19,"前台库存":null,"房间库存":12.0,"销量":12.0},{"本站价":36.99,"编码":"E","品名":"牛奶泡泡浴","图片路径":"/upload/201706/12/201706121632461364.jpg","累计销售":19,"前台库存":null,"房间库存":9.0,"销量":9.0},{"本站价":13.99,"编码":"B","品名":"旺仔两罐","图片路径":"/upload/201707/06/201707061607229662.jpg","累计销售":26,"前台库存":null,"房间库存":22.0,"销量":22.0},{"本站价":15.99,"编码":"A","品名":"红牛两罐","图片路径":"/upload/201707/06/201707061615581164.jpg","累计销售":2,"前台库存":null,"房间库存":2.0,"销量":2.0},{"本站价":68.88,"编码":"H2","品名":"海豚震动棒","图片路径":"/upload/201708/13/201708130638086229.jpg","累计销售":2,"前台库存":null,"房间库存":2.0,"销量":2.0},{"本站价":39.99,"编码":"D1","品名":"冈本","图片路径":"/upload/201708/29/201708291029115882.jpg","累计销售":43,"前台库存":null,"房间库存":11.0,"销量":11.0},{"本站价":25.90,"编码":"N","品名":"安太医延时","图片路径":"/upload/201708/29/201708291038402055.jpg","累计销售":11,"前台库存":null,"房间库存":3.0,"销量":3.0}]
2017-10-18 22:15:20.059 类：comprehensive_hm 方法：BindGoods: dr0：
2017-10-18 22:15:20.060 类：comprehensive_hm 方法：BindGoods: dr1：
2017-10-18 22:15:20.060 类：comprehensive_hm 方法：BindGoods: dr2：
2017-10-18 22:15:20.061 类：comprehensive_hm 方法：BindGoods: dr3：
2017-10-18 22:15:20.061 类：comprehensive_hm 方法：BindGoods: dr4：
2017-10-18 22:15:20.061 类：comprehensive_hm 方法：BindGoods: dr5：
2017-10-18 22:15:20.062 类：comprehensive_hm 方法：BindGoods: dr6：
2017-10-18 22:15:20.062 类：comprehensive_hm 方法：BindGoods: dr7：
2017-10-18 22:15:20.063 类：comprehensive_hm 方法：BindGoods: dr8：
2017-10-18 22:15:20.063 类：comprehensive_hm 方法：BindGoods: dr9：
2017-10-18 22:15:20.064 类：comprehensive_hm 方法：BindGoods: dr10：
2017-10-18 22:15:20.064 类：comprehensive_hm 方法：BindGoods: dr11：
2017-10-18 22:15:28.281 类：comprehensive_hm 方法：BindGoods: all_sql： 
declare @s int
  set @s = 82
  select b.本站价,b.编码,b.品名,isnull(c.图片路径,'') as 图片路径,
(select sum(isnull(数量,0)) as 累计销售 from WP_订单子表 where 仓库id = 82 and 商品id = b.id) as 累计销售,
    (select (sum(isnull(WP_入库表.数量,0))-sum(isnull(WP_出库表.数量,0))) as kucuncount from WP_入库表 left join WP_出库表 on WP_入库表.库位id = WP_出库表.库位id and WP_入库表.商品id =WP_出库表.商品id where WP_入库表.库位id in (SELECT id FROM [tshop].[dbo].[WP_库位表] where 库位名 = '总台' and 仓库id = @s ) and WP_入库表.商品id = b.id group by WP_入库表.商品id,WP_出库表.商品id ) as 前台库存
  ,(select 
  sum(isnull(WP_入库表.数量,0)) as rukucount 
  from WP_入库表 
  left join WP_出库表 
  on WP_入库表.库位id = WP_出库表.库位id 
  and WP_入库表.商品id =WP_出库表.商品id 
  where WP_入库表.库位id in 
  (SELECT id FROM [tshop].[dbo].[WP_库位表] where 库位名 not in('总台','总台库') and 仓库id = @s) 
  and WP_入库表.商品id = b.id) as 房间库存
    ,(select 
  sum(isnull(WP_出库表.数量,0)) as chukucount 
  from WP_入库表 
  left join WP_出库表 
  on WP_入库表.库位id = WP_出库表.库位id 
  and WP_入库表.商品id =WP_出库表.商品id 
  where WP_出库表.库位id in 
  (SELECT id FROM [tshop].[dbo].[WP_库位表] where 库位名 not in('总台','总台库') and 仓库id = @s) 
  and WP_出库表.商品id = b.id) as 销量
  from  WP_商品表 b left join WP_商品图片表 c on b.编号 =c.商品编号
  where b.id in(select 商品id from [dbo].[视图在库表] a where a.库位id in(select id from WP_库位表 where 仓库id = @s))

2017-10-18 22:15:28.364 类：comprehensive_hm 方法：BindGoods: dt：[{"本站价":22.99,"编码":"D","品名":"杜蕾斯","图片路径":"/upload/201706/12/201706121340484982.jpg","累计销售":188,"前台库存":null,"房间库存":450.0,"销量":450.0},{"本站价":49.99,"编码":"J","品名":"空气套X2","图片路径":"/upload/201706/12/201706121347135394.jpg","累计销售":26,"前台库存":null,"房间库存":22.0,"销量":22.0},{"本站价":39.99,"编码":"H","品名":"粉红跳蛋","图片路径":"/upload/201706/15/201706151554496115.png","累计销售":46,"前台库存":null,"房间库存":38.0,"销量":38.0},{"本站价":99.99,"编码":"K","品名":"OMYSKY","图片路径":"/upload/201706/12/201706121514054634.jpg","累计销售":24,"前台库存":null,"房间库存":4.0,"销量":4.0},{"本站价":38.88,"编码":"I","品名":"性感内衣","图片路径":"/upload/201706/12/201706121517137340.jpg","累计销售":21,"前台库存":null,"房间库存":11.0,"销量":11.0},{"本站价":59.99,"编码":"G","品名":"龙抬头","图片路径":"/upload/201706/13/201706131605342746.jpg","累计销售":19,"前台库存":null,"房间库存":12.0,"销量":12.0},{"本站价":36.99,"编码":"E","品名":"牛奶泡泡浴","图片路径":"/upload/201706/12/201706121632461364.jpg","累计销售":19,"前台库存":null,"房间库存":9.0,"销量":9.0},{"本站价":13.99,"编码":"B","品名":"旺仔两罐","图片路径":"/upload/201707/06/201707061607229662.jpg","累计销售":26,"前台库存":null,"房间库存":22.0,"销量":22.0},{"本站价":15.99,"编码":"A","品名":"红牛两罐","图片路径":"/upload/201707/06/201707061615581164.jpg","累计销售":2,"前台库存":null,"房间库存":2.0,"销量":2.0},{"本站价":68.88,"编码":"H2","品名":"海豚震动棒","图片路径":"/upload/201708/13/201708130638086229.jpg","累计销售":2,"前台库存":null,"房间库存":2.0,"销量":2.0},{"本站价":39.99,"编码":"D1","品名":"冈本","图片路径":"/upload/201708/29/201708291029115882.jpg","累计销售":43,"前台库存":null,"房间库存":11.0,"销量":11.0},{"本站价":25.90,"编码":"N","品名":"安太医延时","图片路径":"/upload/201708/29/201708291038402055.jpg","累计销售":11,"前台库存":null,"房间库存":3.0,"销量":3.0}]
2017-10-18 22:15:28.364 类：comprehensive_hm 方法：BindGoods: dr0：
2017-10-18 22:15:28.365 类：comprehensive_hm 方法：BindGoods: dr1：
2017-10-18 22:15:28.366 类：comprehensive_hm 方法：BindGoods: dr2：
2017-10-18 22:15:28.366 类：comprehensive_hm 方法：BindGoods: dr3：
2017-10-18 22:15:28.367 类：comprehensive_hm 方法：BindGoods: dr4：
2017-10-18 22:15:28.367 类：comprehensive_hm 方法：BindGoods: dr5：
2017-10-18 22:15:28.368 类：comprehensive_hm 方法：BindGoods: dr6：
2017-10-18 22:15:28.368 类：comprehensive_hm 方法：BindGoods: dr7：
2017-10-18 22:15:28.369 类：comprehensive_hm 方法：BindGoods: dr8：
2017-10-18 22:15:28.369 类：comprehensive_hm 方法：BindGoods: dr9：
2017-10-18 22:15:28.369 类：comprehensive_hm 方法：BindGoods: dr10：
2017-10-18 22:15:28.370 类：comprehensive_hm 方法：BindGoods: dr11：
2017-10-18 22:16:26.914 类：comprehensive_hm 方法：BindGoods: all_sql： 
declare @s int
  set @s = 82
  select b.本站价,b.编码,b.品名,isnull(c.图片路径,'') as 图片路径,
(select sum(isnull(数量,0)) as 累计销售 from WP_订单子表 where 仓库id = 82 and 商品id = b.id) as 累计销售,
    (select (sum(isnull(WP_入库表.数量,0))-sum(isnull(WP_出库表.数量,0))) as kucuncount from WP_入库表 left join WP_出库表 on WP_入库表.库位id = WP_出库表.库位id and WP_入库表.商品id =WP_出库表.商品id where WP_入库表.库位id in (SELECT id FROM [tshop].[dbo].[WP_库位表] where 库位名 = '总台' and 仓库id = @s ) and WP_入库表.商品id = b.id group by WP_入库表.商品id,WP_出库表.商品id ) as 前台库存
  ,(select 
  sum(isnull(WP_入库表.数量,0)) as rukucount 
  from WP_入库表 
  left join WP_出库表 
  on WP_入库表.库位id = WP_出库表.库位id 
  and WP_入库表.商品id =WP_出库表.商品id 
  where WP_入库表.库位id in 
  (SELECT id FROM [tshop].[dbo].[WP_库位表] where 库位名 not in('总台','总台库') and 仓库id = @s) 
  and WP_入库表.商品id = b.id) as 房间库存
    ,(select 
  sum(isnull(WP_出库表.数量,0)) as chukucount 
  from WP_入库表 
  left join WP_出库表 
  on WP_入库表.库位id = WP_出库表.库位id 
  and WP_入库表.商品id =WP_出库表.商品id 
  where WP_出库表.库位id in 
  (SELECT id FROM [tshop].[dbo].[WP_库位表] where 库位名 not in('总台','总台库') and 仓库id = @s) 
  and WP_出库表.商品id = b.id) as 销量
  from  WP_商品表 b left join WP_商品图片表 c on b.编号 =c.商品编号
  where b.id in(select 商品id from [dbo].[视图在库表] a where a.库位id in(select id from WP_库位表 where 仓库id = @s))

2017-10-18 22:16:26.992 类：comprehensive_hm 方法：BindGoods: dt：[{"本站价":22.99,"编码":"D","品名":"杜蕾斯","图片路径":"/upload/201706/12/201706121340484982.jpg","累计销售":188,"前台库存":null,"房间库存":450.0,"销量":450.0},{"本站价":49.99,"编码":"J","品名":"空气套X2","图片路径":"/upload/201706/12/201706121347135394.jpg","累计销售":26,"前台库存":null,"房间库存":22.0,"销量":22.0},{"本站价":39.99,"编码":"H","品名":"粉红跳蛋","图片路径":"/upload/201706/15/201706151554496115.png","累计销售":46,"前台库存":null,"房间库存":38.0,"销量":38.0},{"本站价":99.99,"编码":"K","品名":"OMYSKY","图片路径":"/upload/201706/12/201706121514054634.jpg","累计销售":24,"前台库存":null,"房间库存":4.0,"销量":4.0},{"本站价":38.88,"编码":"I","品名":"性感内衣","图片路径":"/upload/201706/12/201706121517137340.jpg","累计销售":21,"前台库存":null,"房间库存":11.0,"销量":11.0},{"本站价":59.99,"编码":"G","品名":"龙抬头","图片路径":"/upload/201706/13/201706131605342746.jpg","累计销售":19,"前台库存":null,"房间库存":12.0,"销量":12.0},{"本站价":36.99,"编码":"E","品名":"牛奶泡泡浴","图片路径":"/upload/201706/12/201706121632461364.jpg","累计销售":19,"前台库存":null,"房间库存":9.0,"销量":9.0},{"本站价":13.99,"编码":"B","品名":"旺仔两罐","图片路径":"/upload/201707/06/201707061607229662.jpg","累计销售":26,"前台库存":null,"房间库存":22.0,"销量":22.0},{"本站价":15.99,"编码":"A","品名":"红牛两罐","图片路径":"/upload/201707/06/201707061615581164.jpg","累计销售":2,"前台库存":null,"房间库存":2.0,"销量":2.0},{"本站价":68.88,"编码":"H2","品名":"海豚震动棒","图片路径":"/upload/201708/13/201708130638086229.jpg","累计销售":2,"前台库存":null,"房间库存":2.0,"销量":2.0},{"本站价":39.99,"编码":"D1","品名":"冈本","图片路径":"/upload/201708/29/201708291029115882.jpg","累计销售":43,"前台库存":null,"房间库存":11.0,"销量":11.0},{"本站价":25.90,"编码":"N","品名":"安太医延时","图片路径":"/upload/201708/29/201708291038402055.jpg","累计销售":11,"前台库存":null,"房间库存":3.0,"销量":3.0}]
2017-10-18 22:16:26.993 类：comprehensive_hm 方法：BindGoods: dr0：
2017-10-18 22:16:26.993 类：comprehensive_hm 方法：BindGoods: dr1：
2017-10-18 22:16:26.994 类：comprehensive_hm 方法：BindGoods: dr2：
2017-10-18 22:16:26.994 类：comprehensive_hm 方法：BindGoods: dr3：
2017-10-18 22:16:26.995 类：comprehensive_hm 方法：BindGoods: dr4：
2017-10-18 22:16:26.995 类：comprehensive_hm 方法：BindGoods: dr5：
2017-10-18 22:16:26.996 类：comprehensive_hm 方法：BindGoods: dr6：
2017-10-18 22:16:26.996 类：comprehensive_hm 方法：BindGoods: dr7：
2017-10-18 22:16:26.997 类：comprehensive_hm 方法：BindGoods: dr8：
2017-10-18 22:16:26.997 类：comprehensive_hm 方法：BindGoods: dr9：
2017-10-18 22:16:26.998 类：comprehensive_hm 方法：BindGoods: dr10：
2017-10-18 22:16:26.998 类：comprehensive_hm 方法：BindGoods: dr11：
2017-10-18 22:17:13.265 类：comprehensive_hm 方法：BindGoods: all_sql： 
declare @s int
  set @s = 82
  select b.本站价,b.编码,b.品名,isnull(c.图片路径,'') as 图片路径,
(select sum(isnull(数量,0)) as 累计销售 from WP_订单子表 where 仓库id = 82 and 商品id = b.id) as 累计销售,
    (select (sum(isnull(WP_入库表.数量,0))-sum(isnull(WP_出库表.数量,0))) as kucuncount from WP_入库表 left join WP_出库表 on WP_入库表.库位id = WP_出库表.库位id and WP_入库表.商品id =WP_出库表.商品id where WP_入库表.库位id in (SELECT id FROM [tshop].[dbo].[WP_库位表] where 库位名 = '总台' and 仓库id = @s ) and WP_入库表.商品id = b.id group by WP_入库表.商品id,WP_出库表.商品id ) as 前台库存
  ,(select 
  sum(isnull(WP_入库表.数量,0)) as rukucount 
  from WP_入库表 
  left join WP_出库表 
  on WP_入库表.库位id = WP_出库表.库位id 
  and WP_入库表.商品id =WP_出库表.商品id 
  where WP_入库表.库位id in 
  (SELECT id FROM [tshop].[dbo].[WP_库位表] where 库位名 not in('总台','总台库') and 仓库id = @s) 
  and WP_入库表.商品id = b.id) as 房间库存
    ,(select 
  sum(isnull(WP_出库表.数量,0)) as chukucount 
  from WP_入库表 
  left join WP_出库表 
  on WP_入库表.库位id = WP_出库表.库位id 
  and WP_入库表.商品id =WP_出库表.商品id 
  where WP_出库表.库位id in 
  (SELECT id FROM [tshop].[dbo].[WP_库位表] where 库位名 not in('总台','总台库') and 仓库id = @s) 
  and WP_出库表.商品id = b.id) as 销量
  from  WP_商品表 b left join WP_商品图片表 c on b.编号 =c.商品编号
  where b.id in(select 商品id from [dbo].[视图在库表] a where a.库位id in(select id from WP_库位表 where 仓库id = @s))

2017-10-18 22:17:15.592 类：comprehensive_hm 方法：BindGoods: dt：[{"本站价":22.99,"编码":"D","品名":"杜蕾斯","图片路径":"/upload/201706/12/201706121340484982.jpg","累计销售":188,"前台库存":null,"房间库存":450.0,"销量":450.0},{"本站价":49.99,"编码":"J","品名":"空气套X2","图片路径":"/upload/201706/12/201706121347135394.jpg","累计销售":26,"前台库存":null,"房间库存":22.0,"销量":22.0},{"本站价":39.99,"编码":"H","品名":"粉红跳蛋","图片路径":"/upload/201706/15/201706151554496115.png","累计销售":46,"前台库存":null,"房间库存":38.0,"销量":38.0},{"本站价":99.99,"编码":"K","品名":"OMYSKY","图片路径":"/upload/201706/12/201706121514054634.jpg","累计销售":24,"前台库存":null,"房间库存":4.0,"销量":4.0},{"本站价":38.88,"编码":"I","品名":"性感内衣","图片路径":"/upload/201706/12/201706121517137340.jpg","累计销售":21,"前台库存":null,"房间库存":11.0,"销量":11.0},{"本站价":59.99,"编码":"G","品名":"龙抬头","图片路径":"/upload/201706/13/201706131605342746.jpg","累计销售":19,"前台库存":null,"房间库存":12.0,"销量":12.0},{"本站价":36.99,"编码":"E","品名":"牛奶泡泡浴","图片路径":"/upload/201706/12/201706121632461364.jpg","累计销售":19,"前台库存":null,"房间库存":9.0,"销量":9.0},{"本站价":13.99,"编码":"B","品名":"旺仔两罐","图片路径":"/upload/201707/06/201707061607229662.jpg","累计销售":26,"前台库存":null,"房间库存":22.0,"销量":22.0},{"本站价":15.99,"编码":"A","品名":"红牛两罐","图片路径":"/upload/201707/06/201707061615581164.jpg","累计销售":2,"前台库存":null,"房间库存":2.0,"销量":2.0},{"本站价":68.88,"编码":"H2","品名":"海豚震动棒","图片路径":"/upload/201708/13/201708130638086229.jpg","累计销售":2,"前台库存":null,"房间库存":2.0,"销量":2.0},{"本站价":39.99,"编码":"D1","品名":"冈本","图片路径":"/upload/201708/29/201708291029115882.jpg","累计销售":43,"前台库存":null,"房间库存":11.0,"销量":11.0},{"本站价":25.90,"编码":"N","品名":"安太医延时","图片路径":"/upload/201708/29/201708291038402055.jpg","累计销售":11,"前台库存":null,"房间库存":3.0,"销量":3.0}]
2017-10-18 22:17:18.488 类：comprehensive_hm 方法：BindGoods: dr0：
2017-10-18 22:17:28.282 类：comprehensive_hm 方法：BindGoods: dr1：
2017-10-18 22:17:28.283 类：comprehensive_hm 方法：BindGoods: dr2：
2017-10-18 22:17:28.284 类：comprehensive_hm 方法：BindGoods: dr3：
2017-10-18 22:17:28.284 类：comprehensive_hm 方法：BindGoods: dr4：
2017-10-18 22:17:28.285 类：comprehensive_hm 方法：BindGoods: dr5：
2017-10-18 22:17:28.285 类：comprehensive_hm 方法：BindGoods: dr6：
2017-10-18 22:17:28.286 类：comprehensive_hm 方法：BindGoods: dr7：
2017-10-18 22:17:28.286 类：comprehensive_hm 方法：BindGoods: dr8：
2017-10-18 22:17:28.287 类：comprehensive_hm 方法：BindGoods: dr9：
2017-10-18 22:17:28.287 类：comprehensive_hm 方法：BindGoods: dr10：
2017-10-18 22:17:28.288 类：comprehensive_hm 方法：BindGoods: dr11：
2017-10-18 22:20:30.327 类：comprehensive_hm 方法：BindGoods: all_sql： 
declare @s int
  set @s = 82
  select b.本站价,b.编码,b.品名,isnull(c.图片路径,'') as 图片路径,
(select sum(isnull(数量,0)) as 累计销售 from WP_订单子表 where 仓库id = 82 and 商品id = b.id) as 累计销售,
    (select (sum(isnull(WP_入库表.数量,0))-sum(isnull(WP_出库表.数量,0))) as kucuncount from WP_入库表 left join WP_出库表 on WP_入库表.库位id = WP_出库表.库位id and WP_入库表.商品id =WP_出库表.商品id where WP_入库表.库位id in (SELECT id FROM [tshop].[dbo].[WP_库位表] where 库位名 = '总台' and 仓库id = @s ) and WP_入库表.商品id = b.id group by WP_入库表.商品id,WP_出库表.商品id ) as 前台库存
  ,(select 
  sum(isnull(WP_入库表.数量,0)) as rukucount 
  from WP_入库表 
  left join WP_出库表 
  on WP_入库表.库位id = WP_出库表.库位id 
  and WP_入库表.商品id =WP_出库表.商品id 
  where WP_入库表.库位id in 
  (SELECT id FROM [tshop].[dbo].[WP_库位表] where 库位名 not in('总台','总台库') and 仓库id = @s) 
  and WP_入库表.商品id = b.id) as 房间库存
    ,(select 
  sum(isnull(WP_出库表.数量,0)) as chukucount 
  from WP_入库表 
  left join WP_出库表 
  on WP_入库表.库位id = WP_出库表.库位id 
  and WP_入库表.商品id =WP_出库表.商品id 
  where WP_出库表.库位id in 
  (SELECT id FROM [tshop].[dbo].[WP_库位表] where 库位名 not in('总台','总台库') and 仓库id = @s) 
  and WP_出库表.商品id = b.id) as 销量
  from  WP_商品表 b left join WP_商品图片表 c on b.编号 =c.商品编号
  where b.id in(select 商品id from [dbo].[视图在库表] a where a.库位id in(select id from WP_库位表 where 仓库id = @s))

2017-10-18 22:20:30.403 类：comprehensive_hm 方法：BindGoods: dt：[{"本站价":22.99,"编码":"D","品名":"杜蕾斯","图片路径":"/upload/201706/12/201706121340484982.jpg","累计销售":188,"前台库存":null,"房间库存":450.0,"销量":450.0},{"本站价":49.99,"编码":"J","品名":"空气套X2","图片路径":"/upload/201706/12/201706121347135394.jpg","累计销售":26,"前台库存":null,"房间库存":22.0,"销量":22.0},{"本站价":39.99,"编码":"H","品名":"粉红跳蛋","图片路径":"/upload/201706/15/201706151554496115.png","累计销售":46,"前台库存":null,"房间库存":38.0,"销量":38.0},{"本站价":99.99,"编码":"K","品名":"OMYSKY","图片路径":"/upload/201706/12/201706121514054634.jpg","累计销售":24,"前台库存":null,"房间库存":4.0,"销量":4.0},{"本站价":38.88,"编码":"I","品名":"性感内衣","图片路径":"/upload/201706/12/201706121517137340.jpg","累计销售":21,"前台库存":null,"房间库存":11.0,"销量":11.0},{"本站价":59.99,"编码":"G","品名":"龙抬头","图片路径":"/upload/201706/13/201706131605342746.jpg","累计销售":19,"前台库存":null,"房间库存":12.0,"销量":12.0},{"本站价":36.99,"编码":"E","品名":"牛奶泡泡浴","图片路径":"/upload/201706/12/201706121632461364.jpg","累计销售":19,"前台库存":null,"房间库存":9.0,"销量":9.0},{"本站价":13.99,"编码":"B","品名":"旺仔两罐","图片路径":"/upload/201707/06/201707061607229662.jpg","累计销售":26,"前台库存":null,"房间库存":22.0,"销量":22.0},{"本站价":15.99,"编码":"A","品名":"红牛两罐","图片路径":"/upload/201707/06/201707061615581164.jpg","累计销售":2,"前台库存":null,"房间库存":2.0,"销量":2.0},{"本站价":68.88,"编码":"H2","品名":"海豚震动棒","图片路径":"/upload/201708/13/201708130638086229.jpg","累计销售":2,"前台库存":null,"房间库存":2.0,"销量":2.0},{"本站价":39.99,"编码":"D1","品名":"冈本","图片路径":"/upload/201708/29/201708291029115882.jpg","累计销售":43,"前台库存":null,"房间库存":11.0,"销量":11.0},{"本站价":25.90,"编码":"N","品名":"安太医延时","图片路径":"/upload/201708/29/201708291038402055.jpg","累计销售":11,"前台库存":null,"房间库存":3.0,"销量":3.0}]
2017-10-18 22:20:30.404 类：comprehensive_hm 方法：BindGoods: dr0：
2017-10-18 22:20:30.404 类：comprehensive_hm 方法：BindGoods: dr1：
2017-10-18 22:20:30.405 类：comprehensive_hm 方法：BindGoods: dr2：
2017-10-18 22:20:30.405 类：comprehensive_hm 方法：BindGoods: dr3：
2017-10-18 22:20:30.406 类：comprehensive_hm 方法：BindGoods: dr4：
2017-10-18 22:20:30.406 类：comprehensive_hm 方法：BindGoods: dr5：
2017-10-18 22:20:30.407 类：comprehensive_hm 方法：BindGoods: dr6：
2017-10-18 22:20:30.407 类：comprehensive_hm 方法：BindGoods: dr7：
2017-10-18 22:20:30.408 类：comprehensive_hm 方法：BindGoods: dr8：
2017-10-18 22:20:30.408 类：comprehensive_hm 方法：BindGoods: dr9：
2017-10-18 22:20:30.409 类：comprehensive_hm 方法：BindGoods: dr10：
2017-10-18 22:20:30.409 类：comprehensive_hm 方法：BindGoods: dr11：
2017-10-18 22:22:05.930 类：comprehensive_hm 方法：BindGoods: all_sql： 
declare @s int
  set @s = 82
  select b.本站价,b.编码,b.品名,isnull(c.图片路径,'') as 图片路径,
(select sum(isnull(数量,0)) as 累计销售 from WP_订单子表 where 仓库id = 82 and 商品id = b.id) as 累计销售,
    (select (sum(isnull(WP_入库表.数量,0))-sum(isnull(WP_出库表.数量,0))) as kucuncount from WP_入库表 left join WP_出库表 on WP_入库表.库位id = WP_出库表.库位id and WP_入库表.商品id =WP_出库表.商品id where WP_入库表.库位id in (SELECT id FROM [tshop].[dbo].[WP_库位表] where 库位名 = '总台' and 仓库id = @s ) and WP_入库表.商品id = b.id group by WP_入库表.商品id,WP_出库表.商品id ) as 前台库存
  ,(select 
  sum(isnull(WP_入库表.数量,0)) as rukucount 
  from WP_入库表 
  left join WP_出库表 
  on WP_入库表.库位id = WP_出库表.库位id 
  and WP_入库表.商品id =WP_出库表.商品id 
  where WP_入库表.库位id in 
  (SELECT id FROM [tshop].[dbo].[WP_库位表] where 库位名 not in('总台','总台库') and 仓库id = @s) 
  and WP_入库表.商品id = b.id) as 房间库存
    ,(select 
  sum(isnull(WP_出库表.数量,0)) as chukucount 
  from WP_入库表 
  left join WP_出库表 
  on WP_入库表.库位id = WP_出库表.库位id 
  and WP_入库表.商品id =WP_出库表.商品id 
  where WP_出库表.库位id in 
  (SELECT id FROM [tshop].[dbo].[WP_库位表] where 库位名 not in('总台','总台库') and 仓库id = @s) 
  and WP_出库表.商品id = b.id) as 销量
  from  WP_商品表 b left join WP_商品图片表 c on b.编号 =c.商品编号
  where b.id in(select 商品id from [dbo].[视图在库表] a where a.库位id in(select id from WP_库位表 where 仓库id = @s))

2017-10-18 22:22:06.004 类：comprehensive_hm 方法：BindGoods: dt：[{"本站价":22.99,"编码":"D","品名":"杜蕾斯","图片路径":"/upload/201706/12/201706121340484982.jpg","累计销售":188,"前台库存":null,"房间库存":450.0,"销量":450.0},{"本站价":49.99,"编码":"J","品名":"空气套X2","图片路径":"/upload/201706/12/201706121347135394.jpg","累计销售":26,"前台库存":null,"房间库存":22.0,"销量":22.0},{"本站价":39.99,"编码":"H","品名":"粉红跳蛋","图片路径":"/upload/201706/15/201706151554496115.png","累计销售":46,"前台库存":null,"房间库存":38.0,"销量":38.0},{"本站价":99.99,"编码":"K","品名":"OMYSKY","图片路径":"/upload/201706/12/201706121514054634.jpg","累计销售":24,"前台库存":null,"房间库存":4.0,"销量":4.0},{"本站价":38.88,"编码":"I","品名":"性感内衣","图片路径":"/upload/201706/12/201706121517137340.jpg","累计销售":21,"前台库存":null,"房间库存":11.0,"销量":11.0},{"本站价":59.99,"编码":"G","品名":"龙抬头","图片路径":"/upload/201706/13/201706131605342746.jpg","累计销售":19,"前台库存":null,"房间库存":12.0,"销量":12.0},{"本站价":36.99,"编码":"E","品名":"牛奶泡泡浴","图片路径":"/upload/201706/12/201706121632461364.jpg","累计销售":19,"前台库存":null,"房间库存":9.0,"销量":9.0},{"本站价":13.99,"编码":"B","品名":"旺仔两罐","图片路径":"/upload/201707/06/201707061607229662.jpg","累计销售":26,"前台库存":null,"房间库存":22.0,"销量":22.0},{"本站价":15.99,"编码":"A","品名":"红牛两罐","图片路径":"/upload/201707/06/201707061615581164.jpg","累计销售":2,"前台库存":null,"房间库存":2.0,"销量":2.0},{"本站价":68.88,"编码":"H2","品名":"海豚震动棒","图片路径":"/upload/201708/13/201708130638086229.jpg","累计销售":2,"前台库存":null,"房间库存":2.0,"销量":2.0},{"本站价":39.99,"编码":"D1","品名":"冈本","图片路径":"/upload/201708/29/201708291029115882.jpg","累计销售":43,"前台库存":null,"房间库存":11.0,"销量":11.0},{"本站价":25.90,"编码":"N","品名":"安太医延时","图片路径":"/upload/201708/29/201708291038402055.jpg","累计销售":11,"前台库存":null,"房间库存":3.0,"销量":3.0}]
2017-10-18 22:22:06.004 类：comprehensive_hm 方法：BindGoods: dr0：
2017-10-18 22:22:06.005 类：comprehensive_hm 方法：BindGoods: dr1：
2017-10-18 22:22:06.005 类：comprehensive_hm 方法：BindGoods: dr2：
2017-10-18 22:22:06.006 类：comprehensive_hm 方法：BindGoods: dr3：
2017-10-18 22:22:06.006 类：comprehensive_hm 方法：BindGoods: dr4：
2017-10-18 22:22:06.007 类：comprehensive_hm 方法：BindGoods: dr5：
2017-10-18 22:22:06.007 类：comprehensive_hm 方法：BindGoods: dr6：
2017-10-18 22:22:06.007 类：comprehensive_hm 方法：BindGoods: dr7：
2017-10-18 22:22:06.008 类：comprehensive_hm 方法：BindGoods: dr8：
2017-10-18 22:22:06.008 类：comprehensive_hm 方法：BindGoods: dr9：
2017-10-18 22:22:06.008 类：comprehensive_hm 方法：BindGoods: dr10：
2017-10-18 22:22:06.009 类：comprehensive_hm 方法：BindGoods: dr11：
2017-10-18 22:22:19.676 类：comprehensive_hm 方法：BindGoods: all_sql： 
declare @s int
  set @s = 82
  select b.本站价,b.编码,b.品名,isnull(c.图片路径,'') as 图片路径,
(select sum(isnull(数量,0)) as 累计销售 from WP_订单子表 where 仓库id = 82 and 商品id = b.id) as 累计销售,
    (select (sum(isnull(WP_入库表.数量,0))-sum(isnull(WP_出库表.数量,0))) as kucuncount from WP_入库表 left join WP_出库表 on WP_入库表.库位id = WP_出库表.库位id and WP_入库表.商品id =WP_出库表.商品id where WP_入库表.库位id in (SELECT id FROM [tshop].[dbo].[WP_库位表] where 库位名 = '总台' and 仓库id = @s ) and WP_入库表.商品id = b.id group by WP_入库表.商品id,WP_出库表.商品id ) as 前台库存
  ,(select 
  sum(isnull(WP_入库表.数量,0)) as rukucount 
  from WP_入库表 
  left join WP_出库表 
  on WP_入库表.库位id = WP_出库表.库位id 
  and WP_入库表.商品id =WP_出库表.商品id 
  where WP_入库表.库位id in 
  (SELECT id FROM [tshop].[dbo].[WP_库位表] where 库位名 not in('总台','总台库') and 仓库id = @s) 
  and WP_入库表.商品id = b.id) as 房间库存
    ,(select 
  sum(isnull(WP_出库表.数量,0)) as chukucount 
  from WP_入库表 
  left join WP_出库表 
  on WP_入库表.库位id = WP_出库表.库位id 
  and WP_入库表.商品id =WP_出库表.商品id 
  where WP_出库表.库位id in 
  (SELECT id FROM [tshop].[dbo].[WP_库位表] where 库位名 not in('总台','总台库') and 仓库id = @s) 
  and WP_出库表.商品id = b.id) as 销量
  from  WP_商品表 b left join WP_商品图片表 c on b.编号 =c.商品编号
  where b.id in(select 商品id from [dbo].[视图在库表] a where a.库位id in(select id from WP_库位表 where 仓库id = @s))

2017-10-18 22:22:19.757 类：comprehensive_hm 方法：BindGoods: dt：[{"本站价":22.99,"编码":"D","品名":"杜蕾斯","图片路径":"/upload/201706/12/201706121340484982.jpg","累计销售":188,"前台库存":null,"房间库存":450.0,"销量":450.0},{"本站价":49.99,"编码":"J","品名":"空气套X2","图片路径":"/upload/201706/12/201706121347135394.jpg","累计销售":26,"前台库存":null,"房间库存":22.0,"销量":22.0},{"本站价":39.99,"编码":"H","品名":"粉红跳蛋","图片路径":"/upload/201706/15/201706151554496115.png","累计销售":46,"前台库存":null,"房间库存":38.0,"销量":38.0},{"本站价":99.99,"编码":"K","品名":"OMYSKY","图片路径":"/upload/201706/12/201706121514054634.jpg","累计销售":24,"前台库存":null,"房间库存":4.0,"销量":4.0},{"本站价":38.88,"编码":"I","品名":"性感内衣","图片路径":"/upload/201706/12/201706121517137340.jpg","累计销售":21,"前台库存":null,"房间库存":11.0,"销量":11.0},{"本站价":59.99,"编码":"G","品名":"龙抬头","图片路径":"/upload/201706/13/201706131605342746.jpg","累计销售":19,"前台库存":null,"房间库存":12.0,"销量":12.0},{"本站价":36.99,"编码":"E","品名":"牛奶泡泡浴","图片路径":"/upload/201706/12/201706121632461364.jpg","累计销售":19,"前台库存":null,"房间库存":9.0,"销量":9.0},{"本站价":13.99,"编码":"B","品名":"旺仔两罐","图片路径":"/upload/201707/06/201707061607229662.jpg","累计销售":26,"前台库存":null,"房间库存":22.0,"销量":22.0},{"本站价":15.99,"编码":"A","品名":"红牛两罐","图片路径":"/upload/201707/06/201707061615581164.jpg","累计销售":2,"前台库存":null,"房间库存":2.0,"销量":2.0},{"本站价":68.88,"编码":"H2","品名":"海豚震动棒","图片路径":"/upload/201708/13/201708130638086229.jpg","累计销售":2,"前台库存":null,"房间库存":2.0,"销量":2.0},{"本站价":39.99,"编码":"D1","品名":"冈本","图片路径":"/upload/201708/29/201708291029115882.jpg","累计销售":43,"前台库存":null,"房间库存":11.0,"销量":11.0},{"本站价":25.90,"编码":"N","品名":"安太医延时","图片路径":"/upload/201708/29/201708291038402055.jpg","累计销售":11,"前台库存":null,"房间库存":3.0,"销量":3.0}]
2017-10-18 22:22:19.758 类：comprehensive_hm 方法：BindGoods: dr0：
2017-10-18 22:22:19.758 类：comprehensive_hm 方法：BindGoods: dr1：
2017-10-18 22:22:19.758 类：comprehensive_hm 方法：BindGoods: dr2：
2017-10-18 22:22:19.759 类：comprehensive_hm 方法：BindGoods: dr3：
2017-10-18 22:22:19.759 类：comprehensive_hm 方法：BindGoods: dr4：
2017-10-18 22:22:19.759 类：comprehensive_hm 方法：BindGoods: dr5：
2017-10-18 22:22:19.760 类：comprehensive_hm 方法：BindGoods: dr6：
2017-10-18 22:22:19.760 类：comprehensive_hm 方法：BindGoods: dr7：
2017-10-18 22:22:19.760 类：comprehensive_hm 方法：BindGoods: dr8：
2017-10-18 22:22:19.761 类：comprehensive_hm 方法：BindGoods: dr9：
2017-10-18 22:22:19.761 类：comprehensive_hm 方法：BindGoods: dr10：
2017-10-18 22:22:19.761 类：comprehensive_hm 方法：BindGoods: dr11：
2017-10-18 22:46:51.848 类：BasePage 方法：UserId: sql:SELECT id FROM WP_用户表 WHERE openid='o8eAHwCOGWFalh37wPcWYLjQEbRI' AND openid <> ''
2017-10-18 22:46:52.195 类：BasePage 方法：UserId: _userid:1
2017-10-18 22:46:52.333 类：BasePage 方法：UserInfo: UserInfo进入:
2017-10-18 22:46:52.333 类：BasePage 方法：UserInfo: sql:select WP_用户表.id,用户名,密码,角色id,wx头像,ISNULL(真实姓名,'') AS 真实姓名,isnull(WP_用户表.手机号,'') as 手机号 from WP_用户表  left join wp_会员表  on WP_用户表.openid=wp_会员表.openid where WP_用户表.openid='o8eAHwCOGWFalh37wPcWYLjQEbRI' and wp_会员表.openid <> '' and  isshow=1
2017-10-18 22:46:52.392 类：BasePage 方法：UserInfo: UserInfo进入:
2017-10-18 22:46:52.392 类：BasePage 方法：UserInfo: UserInfo进入:
2017-10-18 22:46:52.444 类：BasePage 方法：UserInfo: UserInfo进入:
2017-10-18 22:50:04.408 类：BasePage 方法：UserId: sql:SELECT id FROM WP_用户表 WHERE openid='o8eAHwCOGWFalh37wPcWYLjQEbRI' AND openid <> ''
2017-10-18 22:50:04.790 类：BasePage 方法：UserId: _userid:1
2017-10-18 22:50:05.016 类：BasePage 方法：UserInfo: UserInfo进入:
2017-10-18 22:50:05.017 类：BasePage 方法：UserInfo: sql:select WP_用户表.id,用户名,密码,角色id,wx头像,ISNULL(真实姓名,'') AS 真实姓名,isnull(WP_用户表.手机号,'') as 手机号 from WP_用户表  left join wp_会员表  on WP_用户表.openid=wp_会员表.openid where WP_用户表.openid='o8eAHwCOGWFalh37wPcWYLjQEbRI' and wp_会员表.openid <> '' and  isshow=1
2017-10-18 22:50:05.105 类：BasePage 方法：UserInfo: UserInfo进入:
2017-10-18 22:50:05.106 类：BasePage 方法：UserInfo: UserInfo进入:
2017-10-18 22:50:05.155 类：BasePage 方法：UserInfo: UserInfo进入:
2017-10-18 22:50:13.972 页面：comprehensive 方法：BindUser: 异常信息：“.120”附近有语法错误。
SELECT A.用户名,A.手机号,A.真实姓名,B.角色类型,
(select Convert(nvarchar(10),LastLoginTime.120) from WP_登陆记录表 where UserId = A.id ) as LastLoginTime,
FROM [dbo].[WP_用户表] A LEFT JOIN WP_用户角色 B ON A.角色id = B.id WHERE A.id IN(
SELECT 用户id FROM [dbo].[WP_用户权限] WHERE 仓库id =79)
2017-10-18 22:52:33.250 类：BasePage 方法：UserId: sql:SELECT id FROM WP_用户表 WHERE openid='o8eAHwCOGWFalh37wPcWYLjQEbRI' AND openid <> ''
2017-10-18 22:52:33.948 类：BasePage 方法：UserId: _userid:1
2017-10-18 22:52:34.220 类：BasePage 方法：UserInfo: UserInfo进入:
2017-10-18 22:52:34.220 类：BasePage 方法：UserInfo: sql:select WP_用户表.id,用户名,密码,角色id,wx头像,ISNULL(真实姓名,'') AS 真实姓名,isnull(WP_用户表.手机号,'') as 手机号 from WP_用户表  left join wp_会员表  on WP_用户表.openid=wp_会员表.openid where WP_用户表.openid='o8eAHwCOGWFalh37wPcWYLjQEbRI' and wp_会员表.openid <> '' and  isshow=1
2017-10-18 22:52:34.279 类：BasePage 方法：UserInfo: UserInfo进入:
2017-10-18 22:52:34.279 类：BasePage 方法：UserInfo: UserInfo进入:
2017-10-18 22:52:34.398 类：BasePage 方法：UserInfo: UserInfo进入:
2017-10-18 22:52:57.472 类：BasePage 方法：UserId: sql:SELECT id FROM WP_用户表 WHERE openid='o8eAHwCOGWFalh37wPcWYLjQEbRI' AND openid <> ''
2017-10-18 22:52:57.777 类：BasePage 方法：UserId: _userid:1
2017-10-18 22:52:57.880 类：BasePage 方法：UserInfo: UserInfo进入:
2017-10-18 22:52:57.880 类：BasePage 方法：UserInfo: sql:select WP_用户表.id,用户名,密码,角色id,wx头像,ISNULL(真实姓名,'') AS 真实姓名,isnull(WP_用户表.手机号,'') as 手机号 from WP_用户表  left join wp_会员表  on WP_用户表.openid=wp_会员表.openid where WP_用户表.openid='o8eAHwCOGWFalh37wPcWYLjQEbRI' and wp_会员表.openid <> '' and  isshow=1
2017-10-18 22:52:57.942 类：BasePage 方法：UserInfo: UserInfo进入:
2017-10-18 22:52:57.942 类：BasePage 方法：UserInfo: UserInfo进入:
2017-10-18 22:52:57.983 类：BasePage 方法：UserInfo: UserInfo进入:
2017-10-18 23:37:50.592 类：BasePage 方法：UserId: sql:SELECT id FROM WP_用户表 WHERE openid='o8eAHwCOGWFalh37wPcWYLjQEbRI' AND openid <> ''
2017-10-18 23:37:50.899 类：BasePage 方法：UserId: _userid:1
2017-10-18 23:37:51.028 类：BasePage 方法：UserInfo: UserInfo进入:
2017-10-18 23:37:51.029 类：BasePage 方法：UserInfo: sql:select WP_用户表.id,用户名,密码,角色id,wx头像,ISNULL(真实姓名,'') AS 真实姓名,isnull(WP_用户表.手机号,'') as 手机号 from WP_用户表  left join wp_会员表  on WP_用户表.openid=wp_会员表.openid where WP_用户表.openid='o8eAHwCOGWFalh37wPcWYLjQEbRI' and wp_会员表.openid <> '' and  isshow=1
2017-10-18 23:37:51.083 类：BasePage 方法：UserInfo: UserInfo进入:
2017-10-18 23:37:51.084 类：BasePage 方法：UserInfo: UserInfo进入:
2017-10-18 23:37:51.128 类：BasePage 方法：UserInfo: UserInfo进入:
2017-10-18 23:38:04.462 类：comprehensive_hm 方法：BindGoods: all_sql： 
declare @s int
  set @s = 79
select * from (
  select b.本站价,b.编码,b.品名,isnull(c.图片路径,'') as 图片路径,
(select sum(isnull(数量,0)) as 累计销售 from WP_订单子表 where 仓库id = 79 and 商品id = b.id) as 累计销售,
    (select (sum(isnull(WP_入库表.数量,0))-sum(isnull(WP_出库表.数量,0))) as kucuncount from WP_入库表 left join WP_出库表 on WP_入库表.库位id = WP_出库表.库位id and WP_入库表.商品id =WP_出库表.商品id where WP_入库表.库位id in (SELECT id FROM [tshop].[dbo].[WP_库位表] where 库位名 = '总台' and 仓库id = @s ) and WP_入库表.商品id = b.id group by WP_入库表.商品id,WP_出库表.商品id ) as 前台库存
  ,(select 
  sum(isnull(WP_入库表.数量,0)) as rukucount 
  from WP_入库表 
  left join WP_出库表 
  on WP_入库表.库位id = WP_出库表.库位id 
  and WP_入库表.商品id =WP_出库表.商品id 
  where WP_入库表.库位id in 
  (SELECT id FROM [tshop].[dbo].[WP_库位表] where 库位名 not in('总台','总台库') and 仓库id = @s) 
  and WP_入库表.商品id = b.id) as 房间库存
    ,(select 
  sum(isnull(WP_出库表.数量,0)) as chukucount 
  from WP_入库表 
  left join WP_出库表 
  on WP_入库表.库位id = WP_出库表.库位id 
  and WP_入库表.商品id =WP_出库表.商品id 
  where WP_出库表.库位id in 
  (SELECT id FROM [tshop].[dbo].[WP_库位表] where 库位名 not in('总台','总台库') and 仓库id = @s) 
  and WP_出库表.商品id = b.id) as 销量
  from  WP_商品表 b left join WP_商品图片表 c on b.编号 =c.商品编号
  where b.id in(select 商品id from [dbo].[视图在库表] a where a.库位id in(select id from WP_库位表 where 仓库id = @s))
) H order by 累计销售 desc
2017-10-18 23:38:04.761 类：comprehensive_hm 方法：BindGoods: dt：[{"本站价":0.01,"编码":"232","品名":"测试组合01","图片路径":"/upload/201706/15/201706151051077242.jpg","累计销售":275,"前台库存":-324.0,"房间库存":8602.0,"销量":8602.0},{"本站价":0.01,"编码":"12","品名":"佳洁适","图片路径":"/upload/201705/11/201705110956568741.jpg","累计销售":81,"前台库存":null,"房间库存":1415.0,"销量":1415.0},{"本站价":0.01,"编码":"13","品名":"网衣","图片路径":"/upload/201706/13/201706131610197202.jpg","累计销售":72,"前台库存":7032.0,"房间库存":41872.0,"销量":42358.0},{"本站价":0.01,"编码":"23","品名":"龙抬头","图片路径":"/upload/201706/13/201706131606059330.jpg","累计销售":66,"前台库存":62.0,"房间库存":1027.0,"销量":1027.0},{"本站价":0.02,"编码":"12","品名":"杜蕾斯AiR","图片路径":"/upload/201705/09/201705091143345239.jpg","累计销售":59,"前台库存":242.0,"房间库存":988.0,"销量":988.0},{"本站价":0.02,"编码":"1","品名":"杜蕾斯","图片路径":"/upload/201705/09/201705091134487853.jpg","累计销售":50,"前台库存":3504.0,"房间库存":875.0,"销量":875.0},{"本站价":0.01,"编码":"32","品名":"粉红跳蛋","图片路径":"/upload/201705/10/201705101133265347.jpg","累计销售":42,"前台库存":180.0,"房间库存":426.0,"销量":423.0},{"本站价":0.03,"编码":"15","品名":"OMYSKY","图片路径":"/upload/201705/10/201705101142496766.jpg","累计销售":28,"前台库存":44.0,"房间库存":202.0,"销量":202.0},{"本站价":0.01,"编码":"21","品名":"牛奶泡泡浴","图片路径":"/upload/201705/11/201705110954349382.jpg","累计销售":26,"前台库存":400.0,"房间库存":54.0,"销量":54.0},{"本站价":0.03,"编码":"12","品名":"性感内衣","图片路径":"/upload/201705/10/201705101145593114.jpg","累计销售":24,"前台库存":113.0,"房间库存":156.0,"销量":156.0},{"本站价":0.01,"编码":null,"品名":"滑石粉","图片路径":"","累计销售":18,"前台库存":null,"房间库存":90.0,"销量":90.0},{"本站价":0.01,"编码":null,"品名":"滑石","图片路径":"","累计销售":16,"前台库存":null,"房间库存":128.0,"销量":128.0},{"本站价":0.01,"编码":"1","品名":"雅润湿巾两片","图片路径":"/upload/201705/18/201705181553076114.gif","累计销售":16,"前台库存":null,"房间库存":151.0,"销量":151.0},{"本站价":99.99,"编码":"K","品名":"OMYSKY","图片路径":"/upload/201706/12/201706121514054634.jpg","累计销售":2,"前台库存":null,"房间库存":1.0,"销量":null},{"本站价":38.88,"编码":"I","品名":"性感内衣","图片路径":"/upload/201706/12/201706121517137340.jpg","累计销售":1,"前台库存":null,"房间库存":1.0,"销量":null},{"本站价":36.99,"编码":"E","品名":"牛奶泡泡浴","图片路径":"/upload/201706/12/201706121632461364.jpg","累计销售":1,"前台库存":null,"房间库存":1.0,"销量":null},{"本站价":0.01,"编码":"65655555554645","品名":"测试组合02","图片路径":"/upload/201706/15/201706151108262491.jpg","累计销售":1,"前台库存":-20.0,"房间库存":null,"销量":null},{"本站价":22.99,"编码":"D","品名":"杜蕾斯","图片路径":"/upload/201706/12/201706121340484982.jpg","累计销售":1,"前台库存":null,"房间库存":3.0,"销量":null},{"本站价":39.99,"编码":"H","品名":"粉红跳蛋","图片路径":"/upload/201706/15/201706151554496115.png","累计销售":1,"前台库存":null,"房间库存":729.0,"销量":729.0},{"本站价":46.99,"编码":"I1","品名":"网衣","图片路径":"/upload/201706/12/201706121539108050.jpg","累计销售":null,"前台库存":null,"房间库存":3.0,"销量":null}]
2017-10-18 23:38:04.761 类：comprehensive_hm 方法：BindGoods: dr0：
2017-10-18 23:38:04.762 类：comprehensive_hm 方法：BindGoods: dr1：
2017-10-18 23:38:04.762 类：comprehensive_hm 方法：BindGoods: dr2：
2017-10-18 23:38:04.763 类：comprehensive_hm 方法：BindGoods: dr3：
2017-10-18 23:38:04.764 类：comprehensive_hm 方法：BindGoods: dr4：
2017-10-18 23:38:04.764 类：comprehensive_hm 方法：BindGoods: dr5：
2017-10-18 23:38:04.765 类：comprehensive_hm 方法：BindGoods: dr6：
2017-10-18 23:38:04.765 类：comprehensive_hm 方法：BindGoods: dr7：
2017-10-18 23:38:04.766 类：comprehensive_hm 方法：BindGoods: dr8：
2017-10-18 23:38:04.766 类：comprehensive_hm 方法：BindGoods: dr9：
2017-10-18 23:38:04.767 类：comprehensive_hm 方法：BindGoods: dr10：
2017-10-18 23:38:04.768 类：comprehensive_hm 方法：BindGoods: dr11：
2017-10-18 23:38:04.768 类：comprehensive_hm 方法：BindGoods: dr12：
2017-10-18 23:38:04.769 类：comprehensive_hm 方法：BindGoods: dr13：
2017-10-18 23:38:04.770 类：comprehensive_hm 方法：BindGoods: dr14：
2017-10-18 23:38:04.771 类：comprehensive_hm 方法：BindGoods: dr15：
2017-10-18 23:38:04.771 类：comprehensive_hm 方法：BindGoods: dr16：
2017-10-18 23:38:04.772 类：comprehensive_hm 方法：BindGoods: dr17：
2017-10-18 23:38:04.772 类：comprehensive_hm 方法：BindGoods: dr18：
2017-10-18 23:38:04.773 类：comprehensive_hm 方法：BindGoods: dr19：
2017-10-18 23:39:53.300 页面：login.aspx 方法：Page_Load: 进入：
2017-10-18 23:39:53.925 页面：login.aspx 方法：Page_Load: ticket：kgt8ON7yVITDhtdwci0qeQ2cb4eu6-u3Gioy7x4XFsLp_zvWnKiOd6dYr6i9hDI4jD7GpTtl8FzhtAUdbCWjDA
2017-10-18 23:39:53.926 页面：login.aspx 方法：Page_Load: string1：jsapi_ticket=kgt8ON7yVITDhtdwci0qeQ2cb4eu6-u3Gioy7x4XFsLp_zvWnKiOd6dYr6i9hDI4jD7GpTtl8FzhtAUdbCWjDA&noncestr=9hKgyCLgGZOgQmEI&timestamp=1421142450&url=http://localhost:57555/Shop/pages/login.aspx
