2017-06-13 17:17:44.549  : paycenter.aspx
2017-06-13 17:17:46.129 ---------------- paycenter: 0
2017-06-13 17:17:46.129  order2: 
2017-06-13 17:17:46.243 paycenter.aspx order: 
2017-06-13 17:17:46.244 ---------------- paycenter.try: ++++
2017-06-13 17:17:46.296  jsapiPai: 爆炸
2017-06-13 17:17:52.967  : paycenter.aspx
2017-06-13 17:17:53.228 ---------------- paycenter: 0
2017-06-13 17:17:53.228  order2: 
2017-06-13 17:17:53.310 paycenter.aspx order: 
2017-06-13 17:17:53.310 ---------------- paycenter.try: ++++
2017-06-13 17:17:53.348  jsapiPai: 爆炸
2017-06-13 17:19:17.473  : paycenter.aspx
2017-06-13 17:19:18.420 ---------------- paycenter: 0
2017-06-13 17:19:18.421  order2: 
2017-06-13 17:19:18.498 paycenter.aspx order: 
2017-06-13 17:19:18.499 ---------------- paycenter.try: ++++
2017-06-13 17:19:18.540  jsapiPai: 爆炸
2017-06-13 17:19:34.301  : paycenter.aspx
2017-06-13 17:19:34.693 ---------------- paycenter: 0
2017-06-13 17:19:34.693  order2: 
2017-06-13 17:19:34.770 paycenter.aspx order: 
2017-06-13 17:19:34.771 ---------------- paycenter.try: ++++
2017-06-13 17:19:34.812  jsapiPai: 爆炸
2017-06-13 17:21:37.180  : paycenter.aspx
2017-06-13 17:21:37.492 ---------------- paycenter: 0
2017-06-13 17:21:37.493  order2: 
2017-06-13 17:21:37.577 paycenter.aspx order: 
2017-06-13 17:21:37.577 ---------------- paycenter.try: ++++
2017-06-13 17:21:37.615  jsapiPai: 爆炸
2017-06-13 17:25:02.676  : paycenter.aspx
2017-06-13 17:25:02.972 ---------------- paycenter: 0
2017-06-13 17:25:02.972  order2: 
2017-06-13 17:25:03.052 paycenter.aspx order: 
2017-06-13 17:25:03.053 ---------------- paycenter.try: ++++
2017-06-13 17:25:03.092  jsapiPai: 爆炸
2017-06-13 17:25:12.275  : paycenter.aspx
2017-06-13 17:25:12.519 ---------------- paycenter: 0
2017-06-13 17:25:12.520  order2: 
2017-06-13 17:25:12.599 paycenter.aspx order: 
2017-06-13 17:25:12.600 ---------------- paycenter.try: ++++
2017-06-13 17:25:12.639  jsapiPai: 爆炸
2017-06-13 17:25:26.800  : paycenter.aspx
2017-06-13 17:25:27.496 ---------------- paycenter: 0
2017-06-13 17:25:27.496  order2: 
2017-06-13 17:25:27.577 paycenter.aspx order: 
2017-06-13 17:25:27.577 ---------------- paycenter.try: ++++
2017-06-13 17:25:27.618  jsapiPai: 爆炸
2017-06-13 17:25:41.601  : paycenter.aspx
2017-06-13 17:25:42.346 ---------------- paycenter: 0
2017-06-13 17:25:42.348  order2: 
2017-06-13 17:25:42.531 paycenter.aspx order: 
2017-06-13 17:25:42.532 ---------------- paycenter.try: ++++
2017-06-13 17:25:42.614  jsapiPai: 爆炸
2017-06-13 17:25:59.404  : paycenter.aspx
2017-06-13 17:25:59.734 ---------------- paycenter: 0
2017-06-13 17:25:59.735  order2: 
2017-06-13 17:25:59.812 paycenter.aspx order: 
2017-06-13 17:25:59.812 ---------------- paycenter.try: ++++
2017-06-13 17:25:59.851  jsapiPai: 爆炸
2017-06-13 17:26:49.673  : paycenter.aspx
2017-06-13 17:26:49.967 ---------------- paycenter: 0
2017-06-13 17:26:49.968  order2: 
2017-06-13 17:26:50.047 paycenter.aspx order: 
2017-06-13 17:26:50.048 ---------------- paycenter.try: ++++
2017-06-13 17:26:50.090  jsapiPai: 爆炸
2017-06-13 17:28:22.405  : paycenter.aspx
2017-06-13 17:28:22.713 ---------------- paycenter: 0
2017-06-13 17:28:22.713  order2: 
2017-06-13 17:28:22.789 paycenter.aspx order: 
2017-06-13 17:28:22.789 ---------------- paycenter.try: ++++
2017-06-13 17:28:22.827  jsapiPai: 爆炸
2017-06-13 17:28:25.828  : paycenter.aspx
2017-06-13 17:28:26.071 ---------------- paycenter: 0
2017-06-13 17:28:26.071  order2: 
2017-06-13 17:28:26.147 paycenter.aspx order: 
2017-06-13 17:28:26.147 ---------------- paycenter.try: ++++
2017-06-13 17:28:26.186  jsapiPai: 爆炸
2017-06-13 17:28:32.229  : paycenter.aspx
2017-06-13 17:28:32.470 ---------------- paycenter: 0
2017-06-13 17:28:32.471  order2: 
2017-06-13 17:28:32.547 paycenter.aspx order: 
2017-06-13 17:28:32.548 ---------------- paycenter.try: ++++
2017-06-13 17:28:32.587  jsapiPai: 爆炸
2017-06-13 17:29:12.471  : paycenter.aspx
2017-06-13 17:29:12.746 ---------------- paycenter: 0
2017-06-13 17:29:12.747  order2: 
2017-06-13 17:29:12.823 paycenter.aspx order: 
2017-06-13 17:29:12.823 ---------------- paycenter.try: ++++
2017-06-13 17:29:12.862  jsapiPai: 爆炸
2017-06-13 17:31:27.554  : paycenter.aspx
2017-06-13 17:31:27.873 ---------------- paycenter: 0
2017-06-13 17:31:27.873  order2: 
2017-06-13 17:31:27.951 paycenter.aspx order: 
2017-06-13 17:31:27.952 ---------------- paycenter.try: ++++
2017-06-13 17:31:27.992  jsapiPai: 爆炸
2017-06-13 17:32:07.106  : paycenter.aspx
2017-06-13 17:32:07.388 ---------------- paycenter: 0
2017-06-13 17:32:07.390  order2: 
2017-06-13 17:32:07.469 paycenter.aspx order: 
2017-06-13 17:32:07.470 ---------------- paycenter.try: ++++
2017-06-13 17:32:07.510  jsapiPai: 爆炸
2017-06-13 17:33:07.839  : paycenter.aspx
2017-06-13 17:33:08.134 ---------------- paycenter: 0
2017-06-13 17:33:08.135  order2: 
2017-06-13 17:33:08.214 paycenter.aspx order: 
2017-06-13 17:33:08.215 ---------------- paycenter.try: ++++
2017-06-13 17:33:08.254  jsapiPai: 爆炸
2017-06-13 17:33:38.856  : paycenter.aspx
2017-06-13 17:33:39.134 ---------------- paycenter: 0
2017-06-13 17:33:39.135  order2: 
2017-06-13 17:33:39.211 paycenter.aspx order: 
2017-06-13 17:33:39.211 ---------------- paycenter.try: ++++
2017-06-13 17:33:39.249  jsapiPai: 爆炸
2017-06-13 17:34:15.957  : paycenter.aspx
2017-06-13 17:34:16.281 ---------------- paycenter: 0
2017-06-13 17:34:16.282  order2: 
2017-06-13 17:34:16.363 paycenter.aspx order: 
2017-06-13 17:34:16.364 ---------------- paycenter.try: ++++
2017-06-13 17:34:16.408  jsapiPai: 爆炸
2017-06-13 17:36:42.168  : paycenter.aspx
2017-06-13 17:36:42.502 ---------------- paycenter: 0
2017-06-13 17:36:42.503  order2: 
2017-06-13 17:36:42.598 paycenter.aspx order: 
2017-06-13 17:36:42.598 ---------------- paycenter.try: ++++
2017-06-13 17:36:42.640  jsapiPai: 爆炸
2017-06-13 17:40:04.148  : paycenter.aspx
2017-06-13 17:40:04.622 ---------------- paycenter: 0
2017-06-13 17:40:04.623  order2: 
2017-06-13 17:40:04.703 paycenter.aspx order: 
2017-06-13 17:40:04.704 ---------------- paycenter.try: ++++
2017-06-13 17:40:04.743  jsapiPai: 爆炸
2017-06-13 17:41:32.220  : paycenter.aspx
2017-06-13 17:41:33.129 ---------------- paycenter: 0
2017-06-13 17:41:33.130  order2: 
2017-06-13 17:41:33.213 paycenter.aspx order: 
2017-06-13 17:41:33.214 ---------------- paycenter.try: ++++
2017-06-13 17:41:33.252  jsapiPai: 爆炸
2017-06-13 17:43:07.292  : paycenter.aspx
2017-06-13 17:43:07.588 ---------------- paycenter: 0
2017-06-13 17:43:07.589  order2: 
2017-06-13 17:43:07.667 paycenter.aspx order: 
2017-06-13 17:43:07.667 ---------------- paycenter.try: ++++
2017-06-13 17:43:07.705  jsapiPai: 爆炸
2017-06-13 17:43:25.677  : paycenter.aspx
2017-06-13 17:43:25.979 ---------------- paycenter: 0
2017-06-13 17:43:25.979  order2: 
2017-06-13 17:43:26.054 paycenter.aspx order: 
2017-06-13 17:43:26.055 ---------------- paycenter.try: ++++
2017-06-13 17:43:26.093  jsapiPai: 爆炸
2017-06-13 17:45:13.198  : paycenter.aspx
2017-06-13 17:45:13.469 ---------------- paycenter: 0
2017-06-13 17:45:13.469  order2: 
2017-06-13 17:45:13.550 paycenter.aspx order: 
2017-06-13 17:45:13.551 ---------------- paycenter.try: ++++
2017-06-13 17:45:13.589  jsapiPai: 爆炸
2017-06-13 20:23:46.098  : paycenter.aspx
2017-06-13 20:23:46.868 ---------------- paycenter: 0
2017-06-13 20:23:46.869  order2: 
2017-06-13 20:23:46.941 paycenter.aspx order: 
2017-06-13 20:23:46.941 ---------------- paycenter.try: ++++
2017-06-13 20:23:46.975  jsapiPai: 爆炸
2017-06-13 20:23:51.621  : paycenter.aspx
2017-06-13 20:23:51.864 ---------------- paycenter: 0
2017-06-13 20:23:51.865  order2: 
2017-06-13 20:23:51.937 paycenter.aspx order: 
2017-06-13 20:23:51.938 ---------------- paycenter.try: ++++
2017-06-13 20:23:51.974  jsapiPai: 爆炸
2017-06-13 20:39:00.770  : paycenter.aspx
2017-06-13 20:39:01.371 ---------------- paycenter: 0
2017-06-13 20:39:01.372  order2: 
2017-06-13 20:39:01.450 paycenter.aspx order: 
2017-06-13 20:39:01.451 ---------------- paycenter.try: ++++
2017-06-13 20:39:01.492  jsapiPai: 爆炸
2017-06-13 20:39:44.396  : paycenter.aspx
2017-06-13 20:39:44.688 ---------------- paycenter: 0
2017-06-13 20:39:44.689  order2: 
2017-06-13 20:39:44.771 paycenter.aspx order: 
2017-06-13 20:39:44.772 ---------------- paycenter.try: ++++
2017-06-13 20:39:44.812  jsapiPai: 爆炸
2017-06-13 20:41:05.535  : paycenter.aspx
2017-06-13 20:41:06.041 ---------------- paycenter: 0
2017-06-13 20:41:06.042  order2: 
2017-06-13 20:41:06.130 paycenter.aspx order: 
2017-06-13 20:41:06.131 ---------------- paycenter.try: ++++
2017-06-13 20:41:06.171  jsapiPai: 爆炸
2017-06-13 20:41:39.507  : paycenter.aspx
2017-06-13 20:41:40.178 ---------------- paycenter: 0
2017-06-13 20:41:40.178  order2: 
2017-06-13 20:41:40.247 paycenter.aspx order: 
2017-06-13 20:41:40.248 ---------------- paycenter.try: ++++
2017-06-13 20:41:40.279  jsapiPai: 爆炸
2017-06-13 20:44:40.017  : paycenter.aspx
2017-06-13 20:44:40.299 ---------------- paycenter: 0
2017-06-13 20:44:40.299  order2: 
2017-06-13 20:44:40.362 paycenter.aspx order: 
2017-06-13 20:44:40.363 ---------------- paycenter.try: ++++
2017-06-13 20:44:40.394  jsapiPai: 爆炸
2017-06-13 20:45:03.330  : paycenter.aspx
2017-06-13 20:45:03.652 ---------------- paycenter: 0
2017-06-13 20:45:03.652  order2: 
2017-06-13 20:45:03.716 paycenter.aspx order: 
2017-06-13 20:45:03.717 ---------------- paycenter.try: ++++
2017-06-13 20:45:03.752  jsapiPai: 爆炸
