2017-03-07 19:18:15.047  : http://localhost/Shop/error.aspx
2017-03-07 19:26:34.671  : chuzhiid：0
2017-03-07 19:26:34.674  : 添加储值卡：Success！
2017-03-07 19:39:51.437  : chuzhiid：0
2017-03-07 19:39:51.438  : 添加储值卡：Success！
2017-03-07 19:39:58.317 DEBUG WxPayApi: UnfiedOrder request : <xml><appid><![CDATA[wx5b0d29047da922f3]]></appid><attach><![CDATA[优乐淘全球购]]></attach><body><![CDATA[优乐淘全球购]]></body><goods_tag><![CDATA[test]]></goods_tag><mch_id><![CDATA[1296165301]]></mch_id><nonce_str><![CDATA[604095ee38824cfd96b7958682bfe85d]]></nonce_str><notify_url><![CDATA[http://t.wincrosoft.cn/Shop/notify.aspx ]]></notify_url><openid><![CDATA[ofGbbwsKQZ7jPygGHaQOgaWRRiTM]]></openid><out_trade_no><![CDATA[S2017030700001_80034]]></out_trade_no><sign><![CDATA[F9E5B578A1B70FB75927F3A495904E85]]></sign><spbill_create_ip><![CDATA[8.8.8.8]]></spbill_create_ip><time_expire><![CDATA[20170307194958]]></time_expire><time_start><![CDATA[20170307193958]]></time_start><total_fee>14090</total_fee><trade_type><![CDATA[JSAPI]]></trade_type></xml>
2017-03-07 19:39:58.504 DEBUG WxPayApi: UnfiedOrder response : <xml><return_code><![CDATA[FAIL]]></return_code>
<return_msg><![CDATA[签名错误]]></return_msg>
</xml>
2017-03-07 19:39:58.543 ERROR tdx.database.Common_Pay.WeiXinPay.JsApiPay: UnifiedOrder response error!
2017-03-07 19:41:36.384  : chuzhiid：0
2017-03-07 19:41:36.385  : 添加储值卡：Success！
2017-03-07 19:41:47.673  : '.00' 附近有语法错误。
2017-03-07 19:45:29.199  : chuzhiid：0
2017-03-07 19:45:29.200  : 添加储值卡：Success！
2017-03-07 19:45:31.820  : '.00' 附近有语法错误。
2017-03-07 19:45:55.780  : chuzhiid：0
2017-03-07 19:45:55.781  : 添加储值卡：Success！
2017-03-07 19:45:59.689  : '.00' 附近有语法错误。
2017-03-07 19:52:42.084  : chuzhiid：0
2017-03-07 19:52:42.085  : 添加储值卡：Success！
2017-03-07 19:52:56.319  : chuzhiid：0
2017-03-07 19:52:56.319  : 添加储值卡：Success！
2017-03-07 19:53:00.431  : '.00' 附近有语法错误。
2017-03-07 19:53:53.765  : chuzhiid：0
2017-03-07 19:53:53.766  : 添加储值卡：Success！
2017-03-07 19:55:50.105  : '.00' 附近有语法错误。
2017-03-07 19:58:37.355  : chuzhiid：0
2017-03-07 19:58:37.355  : 添加储值卡：Success！
2017-03-07 20:00:56.180  : chuzhiid：0
2017-03-07 20:00:56.182  : 添加储值卡：Success！
2017-03-07 20:00:58.899 DEBUG WxPayApi: UnfiedOrder request : <xml><appid><![CDATA[wx5b0d29047da922f3]]></appid><attach><![CDATA[优乐淘全球购]]></attach><body><![CDATA[优乐淘全球购]]></body><goods_tag><![CDATA[test]]></goods_tag><mch_id><![CDATA[1296165301]]></mch_id><nonce_str><![CDATA[374caa81816e4c7681f3f1400b987b53]]></nonce_str><notify_url><![CDATA[http://t.wincrosoft.cn/Shop/notify.aspx ]]></notify_url><openid><![CDATA[ofGbbwsKQZ7jPygGHaQOgaWRRiTM]]></openid><out_trade_no><![CDATA[S2017030700003_85323]]></out_trade_no><sign><![CDATA[19AD8ED4E1ED82959C2755BDF64F9E83]]></sign><spbill_create_ip><![CDATA[8.8.8.8]]></spbill_create_ip><time_expire><![CDATA[20170307201058]]></time_expire><time_start><![CDATA[20170307200058]]></time_start><total_fee>501</total_fee><trade_type><![CDATA[JSAPI]]></trade_type></xml>
2017-03-07 20:00:59.051 DEBUG WxPayApi: UnfiedOrder response : <xml><return_code><![CDATA[FAIL]]></return_code>
<return_msg><![CDATA[签名错误]]></return_msg>
</xml>
2017-03-07 20:00:59.072 ERROR tdx.database.Common_Pay.WeiXinPay.JsApiPay: UnifiedOrder response error!
