2017-12-31 17:34:15.675 页面：paySuccess 方法：IsSuccess: sql:SELECT * FROM WP_订单表 WHERE 订单编号 = 'S201712274872250' AND state in(2,5)
2017-12-31 17:34:46.318 接口：paySucessOpenbox 方法：ProcessRequest: sql_state:select * from WP_订单表 where 订单编号='S201712274872250' and state = 3
2017-12-31 17:34:46.478 页面：paySuccess 方法：IsSuccess: sql:SELECT * FROM WP_订单表 WHERE 订单编号 = 'S201712274872250' AND state in(2,5)
2017-12-31 17:35:16.710 接口：paySucessOpenbox 方法：ProcessRequest: sql_state:select * from WP_订单表 where 订单编号='S201712274872250' and state = 3
2017-12-31 17:35:16.856 页面：paySuccess 方法：IsSuccess: sql:SELECT * FROM WP_订单表 WHERE 订单编号 = 'S201712274872250' AND state in(2,5)
2017-12-31 17:35:47.126 接口：paySucessOpenbox 方法：ProcessRequest: sql_state:select * from WP_订单表 where 订单编号='S201712274872250' and state = 3
2017-12-31 17:35:47.288 页面：paySuccess 方法：IsSuccess: sql:SELECT * FROM WP_订单表 WHERE 订单编号 = 'S201712274872250' AND state in(2,5)
2017-12-31 17:36:17.739 接口：paySucessOpenbox 方法：ProcessRequest: sql_state:select * from WP_订单表 where 订单编号='S201712274872250' and state = 3
2017-12-31 17:36:17.909 页面：paySuccess 方法：IsSuccess: sql:SELECT * FROM WP_订单表 WHERE 订单编号 = 'S201712274872250' AND state in(2,5)
2017-12-31 17:36:48.741 接口：paySucessOpenbox 方法：ProcessRequest: sql_state:select * from WP_订单表 where 订单编号='S201712274872250' and state = 3
2017-12-31 17:36:48.887 页面：paySuccess 方法：IsSuccess: sql:SELECT * FROM WP_订单表 WHERE 订单编号 = 'S201712274872250' AND state in(2,5)
2017-12-31 17:37:19.555 接口：paySucessOpenbox 方法：ProcessRequest: sql_state:select * from WP_订单表 where 订单编号='S201712274872250' and state = 3
2017-12-31 17:37:20.004 页面：paySuccess 方法：IsSuccess: sql:SELECT * FROM WP_订单表 WHERE 订单编号 = 'S201712274872250' AND state in(2,5)
2017-12-31 17:37:49.032 类：BasePage 方法：UserId: sql:SELECT id FROM WP_用户表 WHERE openid='o8eAHwFadTw_pMf6lMyrjYqa4WyY' AND openid <> ''
2017-12-31 17:37:49.095 类：BasePage 方法：UserId: _userid:1
2017-12-31 17:37:49.217 类：RemoteBoxHelper 方法：OpenRemoteBox: orderNo：B201712374930118
2017-12-31 17:37:49.223 类：RemoteBoxHelper 方法：OpenRemoteBox: 开箱命令：EF025002383631383533303332303037313731000000000000010101010101423230313731323337343933303131313606CE
2017-12-31 17:38:35.167 类：RemoteBoxHelper 方法：OpenRemoteBox: orderNo：B201712383589225
2017-12-31 17:38:35.168 类：RemoteBoxHelper 方法：OpenRemoteBox: 开箱命令：EF025002383631383533303332303037313731000000000000010101010101423230313731323338333538393232313606DA
2017-12-31 17:39:08.090 类：RemoteBoxHelper 方法：OpenRemoteBox: orderNo：B201712398016335
2017-12-31 17:39:08.091 类：RemoteBoxHelper 方法：OpenRemoteBox: 开箱命令：EF025002383631383533303332303037313731000000000000010101010101423230313731323339383031363333313606D3
2017-12-31 17:41:10.952 类：BasePage 方法：UserId: sql:SELECT id FROM WP_用户表 WHERE openid='o8eAHwFadTw_pMf6lMyrjYqa4WyY' AND openid <> ''
2017-12-31 17:41:11.006 类：BasePage 方法：UserId: _userid:1
2017-12-31 17:41:11.132 类：RemoteBoxHelper 方法：OpenRemoteBox: orderNo：B201712411095126
2017-12-31 17:41:11.135 类：RemoteBoxHelper 方法：OpenRemoteBox: 开箱命令：EF025002383631383533303332303037313731000000000000010101010101423230313731323431313039353132313606C9
2017-12-31 17:41:18.248 类：RemoteBoxHelper 方法：OpenRemoteBox: orderNo：B201712411817661
2017-12-31 17:41:18.254 类：RemoteBoxHelper 方法：OpenRemoteBox: 开箱命令：EF025002383631383533303332303037313731000000000000010101010101423230313731323431313831373636313606D4
2017-12-31 17:41:59.880 类：BasePage 方法：UserId: sql:SELECT id FROM WP_用户表 WHERE openid='o8eAHwFadTw_pMf6lMyrjYqa4WyY' AND openid <> ''
2017-12-31 17:41:59.935 类：BasePage 方法：UserId: _userid:1
2017-12-31 17:42:00.057 类：RemoteBoxHelper 方法：OpenRemoteBox: orderNo：B201712415987934
2017-12-31 17:42:00.061 类：RemoteBoxHelper 方法：OpenRemoteBox: 开箱命令：EF025002383631383533303332303037313731000000000000010101010101423230313731323431353938373933313606E0
2017-12-31 17:42:02.526 类：RemoteBoxHelper 方法：OpenRemoteBox: orderNo：B201712422045317
2017-12-31 17:42:02.526 类：RemoteBoxHelper 方法：OpenRemoteBox: 开箱命令：EF025002383631383533303332303037313731000000000000010101010101423230313731323432323034353331313606C7
2017-12-31 17:42:36.166 类：BasePage 方法：UserId: sql:SELECT id FROM WP_用户表 WHERE openid='o8eAHwFadTw_pMf6lMyrjYqa4WyY' AND openid <> ''
2017-12-31 17:42:36.209 类：BasePage 方法：UserId: _userid:1
2017-12-31 17:42:36.384 类：RemoteBoxHelper 方法：OpenRemoteBox: orderNo：B201712423616545
2017-12-31 17:42:36.387 类：RemoteBoxHelper 方法：OpenRemoteBox: 开箱命令：EF025002383631383533303332303037313731000000000000010101010101423230313731323432333631363534313606D1
2017-12-31 17:42:38.862 类：RemoteBoxHelper 方法：OpenRemoteBox: orderNo：B201712423875760
2017-12-31 17:42:38.863 类：RemoteBoxHelper 方法：OpenRemoteBox: 开箱命令：EF025002383631383533303332303037313731000000000000010101010101423230313731323432333837353736313606DC
2017-12-31 17:47:58.251 类：BasePage 方法：UserId: sql:SELECT id FROM WP_用户表 WHERE openid='o8eAHwFadTw_pMf6lMyrjYqa4WyY' AND openid <> ''
2017-12-31 17:47:58.333 类：BasePage 方法：UserId: _userid:1
2017-12-31 17:47:58.464 类：RemoteBoxHelper 方法：OpenRemoteBox: orderNo：B201712475825050
2017-12-31 17:47:58.467 类：RemoteBoxHelper 方法：OpenRemoteBox: 开箱命令：EF025002383631383533303332303037313731000000000000010101010101423230313731323437353832353035313606D6
2017-12-31 17:50:08.432 类：BasePage 方法：UserId: sql:SELECT id FROM WP_用户表 WHERE openid='o8eAHwFadTw_pMf6lMyrjYqa4WyY' AND openid <> ''
2017-12-31 17:50:08.487 类：BasePage 方法：UserId: _userid:1
2017-12-31 17:50:08.610 类：RemoteBoxHelper 方法：OpenRemoteBox: orderNo：B201712508043063
2017-12-31 17:50:08.618 类：RemoteBoxHelper 方法：OpenRemoteBox: 开箱命令：EF025002383631383533303332303037313731000000000000010101010101423230313731323530383034333036313606CC
2017-12-31 17:50:12.444 类：RemoteBoxHelper 方法：OpenRemoteBox: orderNo：B201712501239362
2017-12-31 17:50:12.445 类：RemoteBoxHelper 方法：OpenRemoteBox: 开箱命令：EF025002383631383533303332303037313731000000000000010101010101423230313731323530313233393336313606CF
2017-12-31 17:50:59.760 类：BasePage 方法：UserId: sql:SELECT id FROM WP_用户表 WHERE openid='o8eAHwFadTw_pMf6lMyrjYqa4WyY' AND openid <> ''
2017-12-31 17:50:59.826 类：BasePage 方法：UserId: _userid:1
2017-12-31 17:51:00.633 类：RemoteBoxHelper 方法：OpenRemoteBox: orderNo：B201712505975667
2017-12-31 17:51:00.637 类：RemoteBoxHelper 方法：OpenRemoteBox: 开箱命令：EF025002383631383533303332303037313731000000000000010101010101423230313731323530353937353636313606DD
2017-12-31 17:51:09.437 类：RemoteBoxHelper 方法：OpenRemoteBox: orderNo：B201712519034234
2017-12-31 17:51:09.442 类：RemoteBoxHelper 方法：OpenRemoteBox: 开箱命令：EF025002383631383533303332303037313731000000000000010101010101423230313731323531393033343233313606CD
2017-12-31 17:51:57.130 类：BasePage 方法：UserId: sql:SELECT id FROM WP_用户表 WHERE openid='o8eAHwFadTw_pMf6lMyrjYqa4WyY' AND openid <> ''
2017-12-31 17:51:57.590 类：BasePage 方法：UserId: _userid:1
2017-12-31 17:51:57.938 类：RemoteBoxHelper 方法：OpenRemoteBox: orderNo：B201712515712781
2017-12-31 17:51:57.942 类：RemoteBoxHelper 方法：OpenRemoteBox: 开箱命令：EF025002383631383533303332303037313731000000000000010101010101423230313731323531353731323738313606D6
2017-12-31 17:52:00.205 类：RemoteBoxHelper 方法：OpenRemoteBox: orderNo：B201712520071242
2017-12-31 17:52:00.207 类：RemoteBoxHelper 方法：OpenRemoteBox: 开箱命令：EF025002383631383533303332303037313731000000000000010101010101423230313731323532303037313234313606C7
2017-12-31 17:53:08.280 类：BasePage 方法：UserId: sql:SELECT id FROM WP_用户表 WHERE openid='o8eAHwFadTw_pMf6lMyrjYqa4WyY' AND openid <> ''
2017-12-31 17:53:08.348 类：BasePage 方法：UserId: _userid:1
2017-12-31 17:53:08.501 类：RemoteBoxHelper 方法：OpenRemoteBox: orderNo：B201712538027954
2017-12-31 17:53:08.505 类：RemoteBoxHelper 方法：OpenRemoteBox: 开箱命令：EF025002383631383533303332303037313731000000000000010101010101423230313731323533383032373935313606D9
2017-12-31 17:53:14.489 类：RemoteBoxHelper 方法：OpenRemoteBox: orderNo：B201712531418318
2017-12-31 17:53:14.492 类：RemoteBoxHelper 方法：OpenRemoteBox: 开箱命令：EF025002383631383533303332303037313731000000000000010101010101423230313731323533313431383331313606CC
2017-12-31 17:54:42.262 类：BasePage 方法：UserId: sql:SELECT id FROM WP_用户表 WHERE openid='o8eAHwFadTw_pMf6lMyrjYqa4WyY' AND openid <> ''
2017-12-31 17:54:42.314 类：BasePage 方法：UserId: _userid:1
2017-12-31 17:54:42.432 类：RemoteBoxHelper 方法：OpenRemoteBox: orderNo：B201712544226034
2017-12-31 17:54:42.436 类：RemoteBoxHelper 方法：OpenRemoteBox: 开箱命令：EF025002383631383533303332303037313731000000000000010101010101423230313731323534343232363033313606CC
2017-12-31 17:54:44.602 类：RemoteBoxHelper 方法：OpenRemoteBox: orderNo：B201712544454335
2017-12-31 17:54:44.602 类：RemoteBoxHelper 方法：OpenRemoteBox: 开箱命令：EF025002383631383533303332303037313731000000000000010101010101423230313731323534343435343333313606D2
2017-12-31 17:56:27.419 类：BasePage 方法：UserId: sql:SELECT id FROM WP_用户表 WHERE openid='o8eAHwFadTw_pMf6lMyrjYqa4WyY' AND openid <> ''
2017-12-31 17:56:27.498 类：BasePage 方法：UserId: _userid:1
2017-12-31 17:56:27.636 类：RemoteBoxHelper 方法：OpenRemoteBox: orderNo：B201712562741348
2017-12-31 17:56:27.640 类：RemoteBoxHelper 方法：OpenRemoteBox: 开箱命令：EF025002383631383533303332303037313731000000000000010101010101423230313731323536323734313334313606D2
2017-12-31 18:03:52.396 类：BasePage 方法：UserId: sql:SELECT id FROM WP_用户表 WHERE openid='o8eAHwFadTw_pMf6lMyrjYqa4WyY' AND openid <> ''
2017-12-31 18:03:52.455 类：BasePage 方法：UserId: _userid:1
2017-12-31 18:03:52.568 类：RemoteBoxHelper 方法：OpenRemoteBox: orderNo：B201712305238840
2017-12-31 18:03:52.571 类：RemoteBoxHelper 方法：OpenRemoteBox: 开箱命令：EF025002383631383533303332303037313731000000000000010101010101423230313731323330353233383834313606D3
