2017-06-15 11:13:10.485  moeny: 0
2017-06-15 11:13:10.488  notify_url: http://x.x-store.com.cn/shop/NotifyPay/alipaypc/notify_url.aspx
2017-06-15 11:13:10.489  return_url: http://x.x-store.com.cn/shop/NotifyPay/alipaypc/return_url.aspx
2017-06-15 11:13:10.873 ------------------------------------------------- ++++++++++++++++++++++++++++++++++++++++++++++++: <form id='alipaysubmit' name='alipaysubmit' action='https://openapi.alipay.com/gateway.do?charset=UTF-8' method='POST'><input  name='app_id' value='2017061207475665'/><input  name='biz_content' value='{    "body":"幸事多",    "subject":"幸事多",    "out_trade_no":"",    "timeout_express":"30m",    "total_amount":"0",    "product_code":"alipay.trade.wap.pay"  }'/><input  name='charset' value='UTF-8'/><input  name='format' value='json'/><input  name='method' value='alipay.trade.wap.pay'/><input  name='notify_url' value='http://x.x-store.com.cn/shop/NotifyPay/alipaypc/notify_url.aspx'/><input  name='return_url' value='http://x.x-store.com.cn/shop/NotifyPay/alipaypc/return_url.aspx'/><input  name='sign_type' value='RSA'/><input  name='timestamp' value='2017-06-15 11:13:10'/><input  name='version' value='1.0'/><input  name='sign' value='nX3s6WRoBgBrQQTX+cpnFoPmfC+wEqYDgmga4Lbr/t17e+MLR3mAedMsPOfX1S5bm3+pMAKeU2vJ1sW+1gmUdBtbYZC1SJDSdvoD7keWxmiWuBphabtDTNHhLbwZhflZSvj/aNQnK1NdGO4keN7CKjPcj9WVTnmyZWzrXrg9b8Q='/><input type='submit' value='POST' style='display:none;'></form><script>document.forms['alipaysubmit'].submit();</script>
2017-06-15 16:22:28.696 dismyself userid: 16
2017-06-15 16:26:01.357 dismyself userid: 16
2017-06-15 16:26:02.309 dismyself userid: 16
2017-06-15 16:26:02.604 dismyself userid: 16
2017-06-15 16:26:02.787 dismyself userid: 16
2017-06-15 16:26:02.982 dismyself userid: 16
2017-06-15 16:26:03.180 dismyself userid: 16
2017-06-15 16:26:03.379 dismyself userid: 16
2017-06-15 16:26:03.566 dismyself userid: 16
2017-06-15 16:26:03.766 dismyself userid: 16
2017-06-15 16:26:03.936 dismyself userid: 16
2017-06-15 16:26:04.136 dismyself userid: 16
2017-06-15 16:26:04.361 dismyself userid: 16
2017-06-15 16:26:04.659 dismyself userid: 16
2017-06-15 16:26:04.836 dismyself userid: 16
2017-06-15 16:26:05.036 dismyself userid: 16
2017-06-15 16:26:05.181 dismyself userid: 16
2017-06-15 16:28:18.248 dismyself userid: 16
2017-06-15 16:28:18.530 dismyself userid: 16
2017-06-15 16:28:18.657 dismyself userid: 16
2017-06-15 16:28:18.873 dismyself userid: 16
2017-06-15 16:28:19.043 dismyself userid: 16
2017-06-15 16:28:19.186 dismyself userid: 16
2017-06-15 16:28:19.411 dismyself userid: 16
2017-06-15 16:28:19.661 dismyself userid: 16
2017-06-15 16:28:19.898 dismyself userid: 16
2017-06-15 16:28:20.132 dismyself userid: 16
2017-06-15 16:28:20.390 dismyself userid: 16
2017-06-15 16:28:20.950 dismyself userid: 16
2017-06-15 16:28:21.336 dismyself userid: 16
2017-06-15 16:28:21.637 dismyself userid: 16
2017-06-15 16:28:21.975 dismyself userid: 16
2017-06-15 16:28:22.279 dismyself userid: 16
2017-06-15 16:28:52.758 dismyself userid: 16
2017-06-15 16:28:54.158 dismyself userid: 16
2017-06-15 16:28:54.478 dismyself userid: 16
2017-06-15 16:28:54.727 dismyself userid: 16
2017-06-15 16:28:54.855 dismyself userid: 16
2017-06-15 16:28:55.056 dismyself userid: 16
2017-06-15 16:28:55.278 dismyself userid: 16
2017-06-15 16:28:55.598 dismyself userid: 16
2017-06-15 16:28:55.869 dismyself userid: 16
2017-06-15 16:29:09.212 dismyself userid: 16
2017-06-15 16:32:28.762 dismyself userid: 16
2017-06-15 16:32:40.674 dismyself userid: 16
2017-06-15 16:32:42.172 dismyself userid: 16
2017-06-15 16:32:42.937 dismyself userid: 16
2017-06-15 16:32:43.253 dismyself userid: 16
2017-06-15 16:32:43.423 dismyself userid: 16
2017-06-15 16:32:43.607 dismyself userid: 16
2017-06-15 16:32:43.749 dismyself userid: 16
2017-06-15 16:32:43.910 dismyself userid: 16
2017-06-15 16:32:44.060 dismyself userid: 16
2017-06-15 16:32:45.465 dismyself userid: 16
2017-06-15 16:33:34.520 dismyself userid: 16
2017-06-15 16:50:46.439 dismyself userid: 16
2017-06-15 16:51:57.079 dismyself userid: 16
