2017-05-26 14:25:46.166  : detial.aspx
2017-05-26 14:25:53.836  : paycenter.aspx
2017-05-26 14:25:53.874  : 基础数据
2017-05-26 14:25:53.875  order: 
2017-05-26 14:25:53.875  pay_no: 
2017-05-26 14:25:53.875  od: S2017052600001
2017-05-26 14:25:53.876  openid: 
2017-05-26 14:27:43.354  : myspace.aspx
2017-05-26 14:27:53.794  : detial.aspx
2017-05-26 14:27:58.275  : paycenter.aspx
2017-05-26 14:29:36.082  : 基础数据
2017-05-26 14:29:36.082  order: 
2017-05-26 14:29:36.082  pay_no: 
2017-05-26 14:29:36.083  od: S2017052600001
2017-05-26 14:29:36.083  openid: 
2017-05-26 14:29:36.582  : detial.aspx
2017-05-26 14:29:39.523  : detial.aspx
2017-05-26 17:06:19.538  : myspace.aspx
2017-05-26 17:06:19.555  : 
2017-05-26 17:06:25.219  : detial.aspx
2017-05-26 17:06:43.597  : detial.aspx
2017-05-26 17:06:48.252  : detial.aspx
