2017-09-06 20:11:28.454 页面：mySpace 方法：PageLoad: sql:SELECT * FROM [WP_库位表] WHERE 箱子MAC = ''
2017-09-06 20:11:28.994 页面：mySpace 方法：PageLoad: 状态：2
2017-09-06 20:11:31.958 页面：mySpace 方法：PageLoad: sql:SELECT * FROM [WP_库位表] WHERE 箱子MAC = ''
2017-09-06 20:11:32.036 页面：mySpace 方法：PageLoad: 状态：2
2017-09-06 20:14:29.645 页面：mySpace 方法：PageLoad: sql:SELECT * FROM [WP_库位表] WHERE 箱子MAC = ''
2017-09-06 20:14:29.645 页面：mySpace 方法：PageLoad: sql:SELECT * FROM [WP_库位表] WHERE 箱子MAC = ''
2017-09-06 20:14:30.107 页面：mySpace 方法：PageLoad: 状态：2
2017-09-06 20:14:39.775 页面：mySpace 方法：PageLoad: 状态：2
2017-09-06 20:17:32.104 页面：mySpace 方法：PageLoad: sql:SELECT * FROM [WP_库位表] WHERE 箱子MAC = '861853031485105'
2017-09-06 20:17:49.675 页面：mySpace 方法：PageLoad: 状态：1
2017-09-06 20:18:07.023 页面：mySpace 方法：goods: sql：select top 12 WP_箱子表.id as 箱子id,库位id,位置,默认商品id,(SELECT 品名 FROM WP_商品表 WHERE id =默认商品id ) as 默认商品品名,(SELECT 本站价 FROM WP_商品表 WHERE id =默认商品id ) as 默认商品价格,(SELECT b.图片路径 FROM  [tshop].[dbo].[WP_商品表] A LEFT JOIN [tshop].[dbo].[WP_商品图片表] B ON A.编号 = B.商品编号 WHERE A.id = 默认商品id) AS 默认图片路径,实际商品id,WP_商品表.本站价,wp_商品图片表.图片路径 ,WP_商品表.品名 as 实际商品品名 from WP_箱子表 left join WP_商品表 on WP_商品表.id=实际商品id left join wp_商品图片表 on wp_商品表.编号=wp_商品图片表.商品编号  where 库位id='79' and WP_箱子表.status=1 order by 位置 asc
2017-09-06 20:18:07.155 页面：mySpace 方法：goods: rexiao_id：42
2017-09-06 20:18:07.157 页面：mySpace 方法：goods: test数量:12
2017-09-06 20:18:07.278 页面：mySpace 方法：goods: test:[{"箱子id":35,"库位id":79,"位置":1,"默认商品id":72,"默认商品品名":"佳洁适","默认商品价格":"0.01","默认图片路径":"/upload/201705/11/201705110956568741.jpg","实际商品id":0,"本站价":0.01,"图片路径":"/upload/201705/11/201705110956568741.jpg","实际商品品名":"佳洁适"},{"箱子id":37,"库位id":79,"位置":2,"默认商品id":41,"默认商品品名":"杜蕾斯AiR","默认商品价格":"0.02","默认图片路径":"/upload/201705/09/201705091143345239.jpg","实际商品id":41,"本站价":0.02,"图片路径":"/upload/201705/09/201705091143345239.jpg","实际商品品名":"杜蕾斯AiR"},{"箱子id":38,"库位id":79,"位置":3,"默认商品id":40,"默认商品品名":"杜蕾斯","默认商品价格":"0.02","默认图片路径":"/upload/201705/09/201705091134487853.jpg","实际商品id":40,"本站价":0.02,"图片路径":"/upload/201705/09/201705091134487853.jpg","实际商品品名":"杜蕾斯"},{"箱子id":39,"库位id":79,"位置":4,"默认商品id":42,"默认商品品名":"网衣","默认商品价格":"0.01","默认图片路径":"/upload/201706/13/201706131610197202.jpg","实际商品id":42,"本站价":0.01,"图片路径":"/upload/201706/13/201706131610197202.jpg","实际商品品名":"网衣"},{"箱子id":40,"库位id":79,"位置":5,"默认商品id":43,"默认商品品名":"龙抬头","默认商品价格":"0.01","默认图片路径":"/upload/201706/13/201706131606059330.jpg","实际商品id":43,"本站价":0.01,"图片路径":"/upload/201706/13/201706131606059330.jpg","实际商品品名":"龙抬头"},{"箱子id":41,"库位id":79,"位置":6,"默认商品id":44,"默认商品品名":"粉红跳蛋","默认商品价格":"0.01","默认图片路径":"/upload/201705/10/201705101133265347.jpg","实际商品id":44,"本站价":0.01,"图片路径":"/upload/201705/10/201705101133265347.jpg","实际商品品名":"粉红跳蛋"},{"箱子id":42,"库位id":79,"位置":7,"默认商品id":45,"默认商品品名":"OMYSKY","默认商品价格":"0.03","默认图片路径":"/upload/201705/10/201705101142496766.jpg","实际商品id":45,"本站价":0.03,"图片路径":"/upload/201705/10/201705101142496766.jpg","实际商品品名":"OMYSKY"},{"箱子id":43,"库位id":79,"位置":8,"默认商品id":46,"默认商品品名":"性感内衣","默认商品价格":"0.03","默认图片路径":"/upload/201705/10/201705101145593114.jpg","实际商品id":46,"本站价":0.03,"图片路径":"/upload/201705/10/201705101145593114.jpg","实际商品品名":"性感内衣"},{"箱子id":44,"库位id":79,"位置":9,"默认商品id":51,"默认商品品名":"滑石粉","默认商品价格":"0.01","默认图片路径":null,"实际商品id":51,"本站价":0.01,"图片路径":"/shop/img/no-image.jpg","实际商品品名":"滑石粉"},{"箱子id":45,"库位id":79,"位置":10,"默认商品id":52,"默认商品品名":"滑石","默认商品价格":"0.01","默认图片路径":null,"实际商品id":52,"本站价":0.01,"图片路径":"/shop/img/no-image.jpg","实际商品品名":"滑石"},{"箱子id":46,"库位id":79,"位置":11,"默认商品id":96,"默认商品品名":"雅润湿巾两片","默认商品价格":"0.01","默认图片路径":"/upload/201705/18/201705181553076114.gif","实际商品id":96,"本站价":0.01,"图片路径":"/upload/201705/18/201705181553076114.gif","实际商品品名":"雅润湿巾两片"},{"箱子id":47,"库位id":79,"位置":12,"默认商品id":71,"默认商品品名":"牛奶泡泡浴","默认商品价格":"0.01","默认图片路径":"/upload/201705/11/201705110954349382.jpg","实际商品id":71,"本站价":0.01,"图片路径":"/upload/201705/11/201705110954349382.jpg","实际商品品名":"牛奶泡泡浴"}]
2017-09-06 20:18:10.678 类：myself 方法：goods: sql:select 总金额,商品id,品名,本站价,位置,支付时间,图片路径,state from WP_订单表 A
left join wp_订单支付表 B on A.订单编号=b.订单编号
left join wp_订单子表 c on A.订单编号=c.订单编号
left join wp_商品表 D on C.商品id=d.id
left join wp_商品图片表 E on d.编号=e.商品编号
where A.openid=''and state in(2,5) and A.下单时间 > dateadd(day,-1,getdate()) and 是否开箱 is null
2017-09-06 20:20:55.100 页面：mySpace 方法：PageLoad: sql:SELECT * FROM [WP_库位表] WHERE 箱子MAC = ''
2017-09-06 20:20:55.107 类：myself 方法：goods: sql:select 总金额,商品id,品名,本站价,位置,支付时间,图片路径,state from WP_订单表 A
left join wp_订单支付表 B on A.订单编号=b.订单编号
left join wp_订单子表 c on A.订单编号=c.订单编号
left join wp_商品表 D on C.商品id=d.id
left join wp_商品图片表 E on d.编号=e.商品编号
where A.openid=''and state in(2,5) and A.下单时间 > dateadd(day,-1,getdate()) and 是否开箱 is null
2017-09-06 20:20:56.974 页面：mySpace 方法：PageLoad: 状态：2
2017-09-06 20:21:55.542 页面：mySpace 方法：PageLoad: sql:SELECT * FROM [WP_库位表] WHERE 箱子MAC = ''
2017-09-06 20:21:55.601 页面：mySpace 方法：PageLoad: 状态：2
2017-09-06 20:23:36.615 页面：mySpace 方法：PageLoad: sql:SELECT * FROM [WP_库位表] WHERE 箱子MAC = ''
2017-09-06 20:23:36.669 页面：mySpace 方法：PageLoad: 状态：2
2017-09-06 20:24:11.460 页面：mySpace 方法：PageLoad: sql:SELECT * FROM [WP_库位表] WHERE 箱子MAC = ''
2017-09-06 20:24:12.295 页面：mySpace 方法：PageLoad: sql:SELECT * FROM [WP_库位表] WHERE 箱子MAC = '861853031485105'
2017-09-06 20:24:12.671 页面：mySpace 方法：PageLoad: 状态：1
2017-09-06 20:24:12.752 页面：mySpace 方法：goods: sql：select top 12 WP_箱子表.id as 箱子id,库位id,位置,默认商品id,(SELECT 品名 FROM WP_商品表 WHERE id =默认商品id ) as 默认商品品名,(SELECT 本站价 FROM WP_商品表 WHERE id =默认商品id ) as 默认商品价格,(SELECT b.图片路径 FROM  [tshop].[dbo].[WP_商品表] A LEFT JOIN [tshop].[dbo].[WP_商品图片表] B ON A.编号 = B.商品编号 WHERE A.id = 默认商品id) AS 默认图片路径,实际商品id,WP_商品表.本站价,wp_商品图片表.图片路径 ,WP_商品表.品名 as 实际商品品名 from WP_箱子表 left join WP_商品表 on WP_商品表.id=实际商品id left join wp_商品图片表 on wp_商品表.编号=wp_商品图片表.商品编号  where 库位id='79' and WP_箱子表.status=1 order by 位置 asc
2017-09-06 20:24:12.839 页面：mySpace 方法：PageLoad: 状态：2
2017-09-06 20:24:13.712 页面：mySpace 方法：goods: rexiao_id：42
2017-09-06 20:24:13.718 页面：mySpace 方法：goods: test数量:12
2017-09-06 20:24:13.849 页面：mySpace 方法：goods: test:[{"箱子id":35,"库位id":79,"位置":1,"默认商品id":72,"默认商品品名":"佳洁适","默认商品价格":"0.01","默认图片路径":"/upload/201705/11/201705110956568741.jpg","实际商品id":0,"本站价":0.01,"图片路径":"/upload/201705/11/201705110956568741.jpg","实际商品品名":"佳洁适"},{"箱子id":37,"库位id":79,"位置":2,"默认商品id":41,"默认商品品名":"杜蕾斯AiR","默认商品价格":"0.02","默认图片路径":"/upload/201705/09/201705091143345239.jpg","实际商品id":41,"本站价":0.02,"图片路径":"/upload/201705/09/201705091143345239.jpg","实际商品品名":"杜蕾斯AiR"},{"箱子id":38,"库位id":79,"位置":3,"默认商品id":40,"默认商品品名":"杜蕾斯","默认商品价格":"0.02","默认图片路径":"/upload/201705/09/201705091134487853.jpg","实际商品id":40,"本站价":0.02,"图片路径":"/upload/201705/09/201705091134487853.jpg","实际商品品名":"杜蕾斯"},{"箱子id":39,"库位id":79,"位置":4,"默认商品id":42,"默认商品品名":"网衣","默认商品价格":"0.01","默认图片路径":"/upload/201706/13/201706131610197202.jpg","实际商品id":42,"本站价":0.01,"图片路径":"/upload/201706/13/201706131610197202.jpg","实际商品品名":"网衣"},{"箱子id":40,"库位id":79,"位置":5,"默认商品id":43,"默认商品品名":"龙抬头","默认商品价格":"0.01","默认图片路径":"/upload/201706/13/201706131606059330.jpg","实际商品id":43,"本站价":0.01,"图片路径":"/upload/201706/13/201706131606059330.jpg","实际商品品名":"龙抬头"},{"箱子id":41,"库位id":79,"位置":6,"默认商品id":44,"默认商品品名":"粉红跳蛋","默认商品价格":"0.01","默认图片路径":"/upload/201705/10/201705101133265347.jpg","实际商品id":44,"本站价":0.01,"图片路径":"/upload/201705/10/201705101133265347.jpg","实际商品品名":"粉红跳蛋"},{"箱子id":42,"库位id":79,"位置":7,"默认商品id":45,"默认商品品名":"OMYSKY","默认商品价格":"0.03","默认图片路径":"/upload/201705/10/201705101142496766.jpg","实际商品id":45,"本站价":0.03,"图片路径":"/upload/201705/10/201705101142496766.jpg","实际商品品名":"OMYSKY"},{"箱子id":43,"库位id":79,"位置":8,"默认商品id":46,"默认商品品名":"性感内衣","默认商品价格":"0.03","默认图片路径":"/upload/201705/10/201705101145593114.jpg","实际商品id":46,"本站价":0.03,"图片路径":"/upload/201705/10/201705101145593114.jpg","实际商品品名":"性感内衣"},{"箱子id":44,"库位id":79,"位置":9,"默认商品id":51,"默认商品品名":"滑石粉","默认商品价格":"0.01","默认图片路径":null,"实际商品id":51,"本站价":0.01,"图片路径":"/shop/img/no-image.jpg","实际商品品名":"滑石粉"},{"箱子id":45,"库位id":79,"位置":10,"默认商品id":52,"默认商品品名":"滑石","默认商品价格":"0.01","默认图片路径":null,"实际商品id":52,"本站价":0.01,"图片路径":"/shop/img/no-image.jpg","实际商品品名":"滑石"},{"箱子id":46,"库位id":79,"位置":11,"默认商品id":96,"默认商品品名":"雅润湿巾两片","默认商品价格":"0.01","默认图片路径":"/upload/201705/18/201705181553076114.gif","实际商品id":96,"本站价":0.01,"图片路径":"/upload/201705/18/201705181553076114.gif","实际商品品名":"雅润湿巾两片"},{"箱子id":47,"库位id":79,"位置":12,"默认商品id":71,"默认商品品名":"牛奶泡泡浴","默认商品价格":"0.01","默认图片路径":"/upload/201705/11/201705110954349382.jpg","实际商品id":71,"本站价":0.01,"图片路径":"/upload/201705/11/201705110954349382.jpg","实际商品品名":"牛奶泡泡浴"}]
2017-09-06 20:24:16.443 类：myself 方法：goods: sql:select 总金额,商品id,品名,本站价,位置,支付时间,图片路径,state from WP_订单表 A
left join wp_订单支付表 B on A.订单编号=b.订单编号
left join wp_订单子表 c on A.订单编号=c.订单编号
left join wp_商品表 D on C.商品id=d.id
left join wp_商品图片表 E on d.编号=e.商品编号
where A.openid='861853031485105'and state in(2,5) and A.下单时间 > dateadd(day,-1,getdate()) and 是否开箱 is null
2017-09-06 20:24:22.417 页面：mySpace 方法：PageLoad: sql:SELECT * FROM [WP_库位表] WHERE 箱子MAC = '861853031485105'
2017-09-06 20:24:22.469 页面：mySpace 方法：PageLoad: 状态：1
2017-09-06 20:24:22.524 页面：mySpace 方法：goods: sql：select top 12 WP_箱子表.id as 箱子id,库位id,位置,默认商品id,(SELECT 品名 FROM WP_商品表 WHERE id =默认商品id ) as 默认商品品名,(SELECT 本站价 FROM WP_商品表 WHERE id =默认商品id ) as 默认商品价格,(SELECT b.图片路径 FROM  [tshop].[dbo].[WP_商品表] A LEFT JOIN [tshop].[dbo].[WP_商品图片表] B ON A.编号 = B.商品编号 WHERE A.id = 默认商品id) AS 默认图片路径,实际商品id,WP_商品表.本站价,wp_商品图片表.图片路径 ,WP_商品表.品名 as 实际商品品名 from WP_箱子表 left join WP_商品表 on WP_商品表.id=实际商品id left join wp_商品图片表 on wp_商品表.编号=wp_商品图片表.商品编号  where 库位id='79' and WP_箱子表.status=1 order by 位置 asc
2017-09-06 20:24:22.650 页面：mySpace 方法：goods: rexiao_id：42
2017-09-06 20:24:22.651 页面：mySpace 方法：goods: test数量:12
2017-09-06 20:24:22.651 页面：mySpace 方法：goods: test:[{"箱子id":35,"库位id":79,"位置":1,"默认商品id":72,"默认商品品名":"佳洁适","默认商品价格":"0.01","默认图片路径":"/upload/201705/11/201705110956568741.jpg","实际商品id":0,"本站价":0.01,"图片路径":"/upload/201705/11/201705110956568741.jpg","实际商品品名":"佳洁适"},{"箱子id":37,"库位id":79,"位置":2,"默认商品id":41,"默认商品品名":"杜蕾斯AiR","默认商品价格":"0.02","默认图片路径":"/upload/201705/09/201705091143345239.jpg","实际商品id":41,"本站价":0.02,"图片路径":"/upload/201705/09/201705091143345239.jpg","实际商品品名":"杜蕾斯AiR"},{"箱子id":38,"库位id":79,"位置":3,"默认商品id":40,"默认商品品名":"杜蕾斯","默认商品价格":"0.02","默认图片路径":"/upload/201705/09/201705091134487853.jpg","实际商品id":40,"本站价":0.02,"图片路径":"/upload/201705/09/201705091134487853.jpg","实际商品品名":"杜蕾斯"},{"箱子id":39,"库位id":79,"位置":4,"默认商品id":42,"默认商品品名":"网衣","默认商品价格":"0.01","默认图片路径":"/upload/201706/13/201706131610197202.jpg","实际商品id":42,"本站价":0.01,"图片路径":"/upload/201706/13/201706131610197202.jpg","实际商品品名":"网衣"},{"箱子id":40,"库位id":79,"位置":5,"默认商品id":43,"默认商品品名":"龙抬头","默认商品价格":"0.01","默认图片路径":"/upload/201706/13/201706131606059330.jpg","实际商品id":43,"本站价":0.01,"图片路径":"/upload/201706/13/201706131606059330.jpg","实际商品品名":"龙抬头"},{"箱子id":41,"库位id":79,"位置":6,"默认商品id":44,"默认商品品名":"粉红跳蛋","默认商品价格":"0.01","默认图片路径":"/upload/201705/10/201705101133265347.jpg","实际商品id":44,"本站价":0.01,"图片路径":"/upload/201705/10/201705101133265347.jpg","实际商品品名":"粉红跳蛋"},{"箱子id":42,"库位id":79,"位置":7,"默认商品id":45,"默认商品品名":"OMYSKY","默认商品价格":"0.03","默认图片路径":"/upload/201705/10/201705101142496766.jpg","实际商品id":45,"本站价":0.03,"图片路径":"/upload/201705/10/201705101142496766.jpg","实际商品品名":"OMYSKY"},{"箱子id":43,"库位id":79,"位置":8,"默认商品id":46,"默认商品品名":"性感内衣","默认商品价格":"0.03","默认图片路径":"/upload/201705/10/201705101145593114.jpg","实际商品id":46,"本站价":0.03,"图片路径":"/upload/201705/10/201705101145593114.jpg","实际商品品名":"性感内衣"},{"箱子id":44,"库位id":79,"位置":9,"默认商品id":51,"默认商品品名":"滑石粉","默认商品价格":"0.01","默认图片路径":null,"实际商品id":51,"本站价":0.01,"图片路径":"/shop/img/no-image.jpg","实际商品品名":"滑石粉"},{"箱子id":45,"库位id":79,"位置":10,"默认商品id":52,"默认商品品名":"滑石","默认商品价格":"0.01","默认图片路径":null,"实际商品id":52,"本站价":0.01,"图片路径":"/shop/img/no-image.jpg","实际商品品名":"滑石"},{"箱子id":46,"库位id":79,"位置":11,"默认商品id":96,"默认商品品名":"雅润湿巾两片","默认商品价格":"0.01","默认图片路径":"/upload/201705/18/201705181553076114.gif","实际商品id":96,"本站价":0.01,"图片路径":"/upload/201705/18/201705181553076114.gif","实际商品品名":"雅润湿巾两片"},{"箱子id":47,"库位id":79,"位置":12,"默认商品id":71,"默认商品品名":"牛奶泡泡浴","默认商品价格":"0.01","默认图片路径":"/upload/201705/11/201705110954349382.jpg","实际商品id":71,"本站价":0.01,"图片路径":"/upload/201705/11/201705110954349382.jpg","实际商品品名":"牛奶泡泡浴"}]
2017-09-06 20:24:27.447 类：myself 方法：goods: sql:select 总金额,商品id,品名,本站价,位置,支付时间,图片路径,state from WP_订单表 A
left join wp_订单支付表 B on A.订单编号=b.订单编号
left join wp_订单子表 c on A.订单编号=c.订单编号
left join wp_商品表 D on C.商品id=d.id
left join wp_商品图片表 E on d.编号=e.商品编号
where A.openid='861853031485105'and state in(2,5) and A.下单时间 > dateadd(day,-1,getdate()) and 是否开箱 is null
2017-09-06 20:24:31.137 页面：mySpace 方法：PageLoad: sql:SELECT * FROM [WP_库位表] WHERE 箱子MAC = '861853031485105'
2017-09-06 20:24:31.194 页面：mySpace 方法：PageLoad: 状态：1
2017-09-06 20:24:31.254 页面：mySpace 方法：goods: sql：select top 12 WP_箱子表.id as 箱子id,库位id,位置,默认商品id,(SELECT 品名 FROM WP_商品表 WHERE id =默认商品id ) as 默认商品品名,(SELECT 本站价 FROM WP_商品表 WHERE id =默认商品id ) as 默认商品价格,(SELECT b.图片路径 FROM  [tshop].[dbo].[WP_商品表] A LEFT JOIN [tshop].[dbo].[WP_商品图片表] B ON A.编号 = B.商品编号 WHERE A.id = 默认商品id) AS 默认图片路径,实际商品id,WP_商品表.本站价,wp_商品图片表.图片路径 ,WP_商品表.品名 as 实际商品品名 from WP_箱子表 left join WP_商品表 on WP_商品表.id=实际商品id left join wp_商品图片表 on wp_商品表.编号=wp_商品图片表.商品编号  where 库位id='79' and WP_箱子表.status=1 order by 位置 asc
2017-09-06 20:24:31.399 页面：mySpace 方法：goods: rexiao_id：42
2017-09-06 20:24:31.401 页面：mySpace 方法：goods: test数量:12
2017-09-06 20:24:31.402 页面：mySpace 方法：goods: test:[{"箱子id":35,"库位id":79,"位置":1,"默认商品id":72,"默认商品品名":"佳洁适","默认商品价格":"0.01","默认图片路径":"/upload/201705/11/201705110956568741.jpg","实际商品id":0,"本站价":0.01,"图片路径":"/upload/201705/11/201705110956568741.jpg","实际商品品名":"佳洁适"},{"箱子id":37,"库位id":79,"位置":2,"默认商品id":41,"默认商品品名":"杜蕾斯AiR","默认商品价格":"0.02","默认图片路径":"/upload/201705/09/201705091143345239.jpg","实际商品id":41,"本站价":0.02,"图片路径":"/upload/201705/09/201705091143345239.jpg","实际商品品名":"杜蕾斯AiR"},{"箱子id":38,"库位id":79,"位置":3,"默认商品id":40,"默认商品品名":"杜蕾斯","默认商品价格":"0.02","默认图片路径":"/upload/201705/09/201705091134487853.jpg","实际商品id":40,"本站价":0.02,"图片路径":"/upload/201705/09/201705091134487853.jpg","实际商品品名":"杜蕾斯"},{"箱子id":39,"库位id":79,"位置":4,"默认商品id":42,"默认商品品名":"网衣","默认商品价格":"0.01","默认图片路径":"/upload/201706/13/201706131610197202.jpg","实际商品id":42,"本站价":0.01,"图片路径":"/upload/201706/13/201706131610197202.jpg","实际商品品名":"网衣"},{"箱子id":40,"库位id":79,"位置":5,"默认商品id":43,"默认商品品名":"龙抬头","默认商品价格":"0.01","默认图片路径":"/upload/201706/13/201706131606059330.jpg","实际商品id":43,"本站价":0.01,"图片路径":"/upload/201706/13/201706131606059330.jpg","实际商品品名":"龙抬头"},{"箱子id":41,"库位id":79,"位置":6,"默认商品id":44,"默认商品品名":"粉红跳蛋","默认商品价格":"0.01","默认图片路径":"/upload/201705/10/201705101133265347.jpg","实际商品id":44,"本站价":0.01,"图片路径":"/upload/201705/10/201705101133265347.jpg","实际商品品名":"粉红跳蛋"},{"箱子id":42,"库位id":79,"位置":7,"默认商品id":45,"默认商品品名":"OMYSKY","默认商品价格":"0.03","默认图片路径":"/upload/201705/10/201705101142496766.jpg","实际商品id":45,"本站价":0.03,"图片路径":"/upload/201705/10/201705101142496766.jpg","实际商品品名":"OMYSKY"},{"箱子id":43,"库位id":79,"位置":8,"默认商品id":46,"默认商品品名":"性感内衣","默认商品价格":"0.03","默认图片路径":"/upload/201705/10/201705101145593114.jpg","实际商品id":46,"本站价":0.03,"图片路径":"/upload/201705/10/201705101145593114.jpg","实际商品品名":"性感内衣"},{"箱子id":44,"库位id":79,"位置":9,"默认商品id":51,"默认商品品名":"滑石粉","默认商品价格":"0.01","默认图片路径":null,"实际商品id":51,"本站价":0.01,"图片路径":"/shop/img/no-image.jpg","实际商品品名":"滑石粉"},{"箱子id":45,"库位id":79,"位置":10,"默认商品id":52,"默认商品品名":"滑石","默认商品价格":"0.01","默认图片路径":null,"实际商品id":52,"本站价":0.01,"图片路径":"/shop/img/no-image.jpg","实际商品品名":"滑石"},{"箱子id":46,"库位id":79,"位置":11,"默认商品id":96,"默认商品品名":"雅润湿巾两片","默认商品价格":"0.01","默认图片路径":"/upload/201705/18/201705181553076114.gif","实际商品id":96,"本站价":0.01,"图片路径":"/upload/201705/18/201705181553076114.gif","实际商品品名":"雅润湿巾两片"},{"箱子id":47,"库位id":79,"位置":12,"默认商品id":71,"默认商品品名":"牛奶泡泡浴","默认商品价格":"0.01","默认图片路径":"/upload/201705/11/201705110954349382.jpg","实际商品id":71,"本站价":0.01,"图片路径":"/upload/201705/11/201705110954349382.jpg","实际商品品名":"牛奶泡泡浴"}]
2017-09-06 20:28:24.435 页面：mySpace 方法：PageLoad: sql:SELECT * FROM [WP_库位表] WHERE 箱子MAC = ''
2017-09-06 20:28:24.994 页面：mySpace 方法：PageLoad: 状态：2
2017-09-06 20:29:27.600 页面：mySpace 方法：PageLoad: sql:SELECT * FROM [WP_库位表] WHERE 箱子MAC = ''
2017-09-06 20:29:27.933 页面：mySpace 方法：PageLoad: 状态：2
2017-09-06 20:29:33.467 类：myself 方法：goods: sql:select 总金额,商品id,品名,本站价,位置,支付时间,图片路径,state from WP_订单表 A
left join wp_订单支付表 B on A.订单编号=b.订单编号
left join wp_订单子表 c on A.订单编号=c.订单编号
left join wp_商品表 D on C.商品id=d.id
left join wp_商品图片表 E on d.编号=e.商品编号
where A.openid='o8eAHwCOGWFalh37wPcWYLjQEbRI'and state in(2,5) and A.下单时间 > dateadd(day,-1,getdate()) and 是否开箱 is null
2017-09-06 20:36:01.400 页面：mySpace 方法：PageLoad: sql:SELECT * FROM [WP_库位表] WHERE 箱子MAC = ''
2017-09-06 20:36:01.789 页面：mySpace 方法：PageLoad: 状态：2
2017-09-06 20:36:03.652 类：BasePage 方法：UserId: sql:SELECT id FROM WP_用户表 WHERE openid='o8eAHwCOGWFalh37wPcWYLjQEbRI' AND openid <> ''
2017-09-06 20:36:03.711 类：BasePage 方法：UserId: _userid:1
2017-09-06 20:36:42.717 类：BasePage 方法：UserInfo: UserInfo进入:
2017-09-06 20:36:42.718 类：BasePage 方法：UserInfo: sql:select WP_用户表.id,用户名,密码,角色id,wx头像,ISNULL(真实姓名,'') AS 真实姓名,isnull(WP_用户表.手机号,'') as 手机号 from WP_用户表  left join wp_会员表  on WP_用户表.openid=wp_会员表.openid where WP_用户表.openid='o8eAHwCOGWFalh37wPcWYLjQEbRI' and wp_会员表.openid <> '' and  isshow=1
2017-09-06 20:36:54.551 类：BasePage 方法：UserInfo: UserInfo进入:
2017-09-06 20:36:54.551 类：BasePage 方法：UserInfo: sql:select WP_用户表.id,用户名,密码,角色id,wx头像,ISNULL(真实姓名,'') AS 真实姓名,isnull(WP_用户表.手机号,'') as 手机号 from WP_用户表  left join wp_会员表  on WP_用户表.openid=wp_会员表.openid where WP_用户表.openid='o8eAHwCOGWFalh37wPcWYLjQEbRI' and wp_会员表.openid <> '' and  isshow=1
2017-09-06 20:36:54.654 类：BasePage 方法：UserInfo: UserInfo进入:
2017-09-06 20:36:54.655 类：BasePage 方法：UserInfo: UserInfo进入:
2017-09-06 20:36:54.720 类：BasePage 方法：UserInfo: UserInfo进入:
2017-09-06 20:39:01.927 类：BasePage 方法：UserInfo: UserInfo进入:
2017-09-06 20:39:01.928 类：BasePage 方法：UserInfo: sql:select WP_用户表.id,用户名,密码,角色id,wx头像,ISNULL(真实姓名,'') AS 真实姓名,isnull(WP_用户表.手机号,'') as 手机号 from WP_用户表  left join wp_会员表  on WP_用户表.openid=wp_会员表.openid where WP_用户表.openid='o8eAHwCOGWFalh37wPcWYLjQEbRI' and wp_会员表.openid <> '' and  isshow=1
2017-09-06 20:39:10.828 类：BasePage 方法：UserInfo: UserInfo进入:
2017-09-06 20:39:10.829 类：BasePage 方法：UserInfo: sql:select WP_用户表.id,用户名,密码,角色id,wx头像,ISNULL(真实姓名,'') AS 真实姓名,isnull(WP_用户表.手机号,'') as 手机号 from WP_用户表  left join wp_会员表  on WP_用户表.openid=wp_会员表.openid where WP_用户表.openid='o8eAHwCOGWFalh37wPcWYLjQEbRI' and wp_会员表.openid <> '' and  isshow=1
2017-09-06 20:39:10.980 类：BasePage 方法：UserInfo: UserInfo进入:
2017-09-06 20:39:10.981 类：BasePage 方法：UserInfo: UserInfo进入:
2017-09-06 20:39:11.051 类：BasePage 方法：UserInfo: UserInfo进入:
2017-09-06 20:41:27.453 类：BasePage 方法：UserInfo: UserInfo进入:
2017-09-06 20:41:27.453 类：BasePage 方法：UserInfo: sql:select WP_用户表.id,用户名,密码,角色id,wx头像,ISNULL(真实姓名,'') AS 真实姓名,isnull(WP_用户表.手机号,'') as 手机号 from WP_用户表  left join wp_会员表  on WP_用户表.openid=wp_会员表.openid where WP_用户表.openid='o8eAHwCOGWFalh37wPcWYLjQEbRI' and wp_会员表.openid <> '' and  isshow=1
2017-09-06 20:41:27.582 页面：PickUp 方法：PageInit: sql_kw：
SELECT id,库位名 FROM [WP_库位表] WHERE id IN(SELECT 投放库位id FROM [视图获取投放商品id] WHERE  投放库位id NOT IN(SELECT [补货的房间id] FROM [tshop].[dbo].[WP_取货记录表] WHERE 用户id =1 AND 是否补货完成 = 0)) AND IsShow=1 AND  库位名  NOT LIKE '%总台%' AND  仓库id=100

2017-09-06 20:41:38.848 类：BasePage 方法：UserInfo: UserInfo进入:
2017-09-06 20:41:38.848 类：BasePage 方法：UserInfo: sql:select WP_用户表.id,用户名,密码,角色id,wx头像,ISNULL(真实姓名,'') AS 真实姓名,isnull(WP_用户表.手机号,'') as 手机号 from WP_用户表  left join wp_会员表  on WP_用户表.openid=wp_会员表.openid where WP_用户表.openid='o8eAHwCOGWFalh37wPcWYLjQEbRI' and wp_会员表.openid <> '' and  isshow=1
2017-09-06 20:41:38.955 页面：PickUp 方法：PageInit: sql_kw：
SELECT id,库位名 FROM [WP_库位表] WHERE id IN(SELECT 投放库位id FROM [视图获取投放商品id] WHERE  投放库位id NOT IN(SELECT [补货的房间id] FROM [tshop].[dbo].[WP_取货记录表] WHERE 用户id =1 AND 是否补货完成 = 0)) AND IsShow=1 AND  库位名  NOT LIKE '%总台%' AND  仓库id=100

