2018-01-01 21:27:56.978 类：BasePage 方法：UserInfo: UserInfo进入:
2018-01-01 21:27:56.979 类：BasePage 方法：UserInfo: sql:select WP_用户表.id,用户名,密码,角色id,wx头像,ISNULL(真实姓名,'') AS 真实姓名,isnull(WP_用户表.手机号,'') as 手机号 from WP_用户表  left join wp_会员表  on WP_用户表.openid=wp_会员表.openid where WP_用户表.openid='o8eAHwFadTw_pMf6lMyrjYqa4WyY' and wp_会员表.openid <> '' and  isshow=1
2018-01-01 21:27:57.345 类：BasePage 方法：UserId: sql:SELECT id FROM WP_用户表 WHERE openid='o8eAHwFadTw_pMf6lMyrjYqa4WyY' AND openid <> ''
2018-01-01 21:27:57.389 类：BasePage 方法：UserId: _userid:1
2018-01-01 21:27:57.390 页面：enter 方法：submit_button_ServerClick: select_sql:select id from WP_用户权限 where 用户id = 1 and 仓库id in(
select 仓库id from [dbo].[WP_库位表] where 箱子MAC = '')
2018-01-01 21:27:57.447 类：BasePage 方法：UserInfo: UserInfo进入:
2018-01-01 21:27:57.448 类：BasePage 方法：UserInfo: UserInfo进入:
2018-01-01 21:27:58.240 页面：BindMac 方法：PageInit: room_sql:SELECT * FROM WP_库位表 WHERE 箱子MAC=''
2018-01-01 21:28:21.037 类：BasePage 方法：UserInfo: UserInfo进入:
2018-01-01 21:28:21.038 类：BasePage 方法：UserInfo: sql:select WP_用户表.id,用户名,密码,角色id,wx头像,ISNULL(真实姓名,'') AS 真实姓名,isnull(WP_用户表.手机号,'') as 手机号 from WP_用户表  left join wp_会员表  on WP_用户表.openid=wp_会员表.openid where WP_用户表.openid='o8eAHwFadTw_pMf6lMyrjYqa4WyY' and wp_会员表.openid <> '' and  isshow=1
2018-01-01 21:28:21.464 类：BasePage 方法：UserId: sql:SELECT id FROM WP_用户表 WHERE openid='o8eAHwFadTw_pMf6lMyrjYqa4WyY' AND openid <> ''
2018-01-01 21:28:21.586 类：BasePage 方法：UserId: _userid:1
2018-01-01 21:28:21.587 页面：enter 方法：submit_button_ServerClick: select_sql:select id from WP_用户权限 where 用户id = 1 and 仓库id in(
select 仓库id from [dbo].[WP_库位表] where 箱子MAC = '')
2018-01-01 21:28:21.647 类：BasePage 方法：UserInfo: UserInfo进入:
2018-01-01 21:28:21.648 类：BasePage 方法：UserInfo: UserInfo进入:
2018-01-01 21:28:21.732 页面：BindMac 方法：PageInit: room_sql:SELECT * FROM WP_库位表 WHERE 箱子MAC=''
2018-01-01 21:28:57.618 页面：mySpace 方法：PageLoad: 进入2:861853032007171
2018-01-01 21:28:57.618 类：BasePage 方法：UserInfo: UserInfo进入:
2018-01-01 21:28:57.619 类：BasePage 方法：UserInfo: sql:select WP_用户表.id,用户名,密码,角色id,wx头像,ISNULL(真实姓名,'') AS 真实姓名,isnull(WP_用户表.手机号,'') as 手机号 from WP_用户表  left join wp_会员表  on WP_用户表.openid=wp_会员表.openid where WP_用户表.openid='o8eAHwFadTw_pMf6lMyrjYqa4WyY' and wp_会员表.openid <> '' and  isshow=1
2018-01-01 21:28:57.663 页面：enter 方法：submit_button_ServerClick: select_sql:select id from WP_用户权限 where 用户id = 1 and 仓库id in(
select 仓库id from [dbo].[WP_库位表] where 箱子MAC = '861853032007171')
2018-01-01 21:28:57.719 类：BasePage 方法：UserInfo: UserInfo进入:
2018-01-01 21:28:57.719 类：BasePage 方法：UserInfo: UserInfo进入:
2018-01-01 21:28:57.735 页面：BindMac 方法：PageInit: room_sql:SELECT * FROM WP_库位表 WHERE 箱子MAC='861853032007171'
2018-01-01 21:28:57.860 页面：mySpace 方法：goods: sql：select top 12 WP_箱子表.id as 箱子id,WP_商品表.编码,库位id,位置,默认商品id,
(SELECT 品名 FROM WP_商品表 WHERE id =默认商品id ) as 默认商品品名,
(SELECT 本站价 FROM WP_商品表 WHERE id =默认商品id ) as 默认商品价格,
(SELECT 编码 FROM WP_商品表 WHERE id =默认商品id ) as 默认商品编码,
(SELECT b.图片路径 FROM  [tshop].[dbo].[WP_商品表] A LEFT JOIN [tshop].[dbo].[WP_商品图片表] B ON A.编号 = B.商品编号 WHERE A.id = 默认商品id) AS 默认图片路径,
实际商品id,WP_商品表.本站价,wp_商品图片表.图片路径 ,WP_商品表.品名 as 实际商品品名 
from WP_箱子表 left join WP_商品表 on WP_商品表.id=实际商品id left join wp_商品图片表 on wp_商品表.编号=wp_商品图片表.商品编号  where 库位id='1713' and WP_箱子表.status=1 order by 位置 asc
2018-01-01 21:28:58.033 页面：mySpace 方法：goods: rexiao_id：110
2018-01-01 21:28:58.040 类：roomGoods 方法：link_ul: 进入了方法
2018-01-01 21:28:58.041 类：roomGoods 方法：link_ul: goods_id：110
2018-01-01 21:28:58.041 类：roomGoods 方法：link_ul: display:none;
2018-01-01 21:28:58.041 类：roomGoods 方法：link_ul: 进入了方法
2018-01-01 21:28:58.042 类：roomGoods 方法：link_ul: goods_id：111
2018-01-01 21:28:58.042 类：roomGoods 方法：link_ul: display:none;
2018-01-01 21:28:58.043 类：roomGoods 方法：link_ul: 进入了方法
2018-01-01 21:28:58.043 类：roomGoods 方法：link_ul: goods_id：112
2018-01-01 21:28:58.043 类：roomGoods 方法：link_ul: display:none;
2018-01-01 21:28:58.044 类：roomGoods 方法：link_ul: 进入了方法
2018-01-01 21:28:58.044 类：roomGoods 方法：link_ul: goods_id：113
2018-01-01 21:28:58.044 类：roomGoods 方法：link_ul: display:none;
2018-01-01 21:28:58.045 类：roomGoods 方法：link_ul: 进入了方法
2018-01-01 21:28:58.045 类：roomGoods 方法：link_ul: goods_id：114
2018-01-01 21:28:58.046 类：roomGoods 方法：link_ul: display:none;
2018-01-01 21:28:58.046 类：roomGoods 方法：link_ul: 进入了方法
2018-01-01 21:28:58.046 类：roomGoods 方法：link_ul: goods_id：116
2018-01-01 21:28:58.047 类：roomGoods 方法：link_ul: display:none;
2018-01-01 21:28:58.047 类：roomGoods 方法：link_ul: 进入了方法
2018-01-01 21:28:58.048 类：roomGoods 方法：link_ul: goods_id：1114
2018-01-01 21:28:58.048 类：roomGoods 方法：link_ul: display:none;
2018-01-01 21:28:58.049 类：roomGoods 方法：link_ul: 进入了方法
2018-01-01 21:28:58.049 类：roomGoods 方法：link_ul: goods_id：1114
2018-01-01 21:28:58.049 类：roomGoods 方法：link_ul: display:none;
2018-01-01 21:28:58.050 类：roomGoods 方法：link_ul: 进入了方法
2018-01-01 21:28:58.050 类：roomGoods 方法：link_ul: goods_id：1114
2018-01-01 21:28:58.050 类：roomGoods 方法：link_ul: display:none;
2018-01-01 21:28:58.051 类：roomGoods 方法：link_ul: 进入了方法
2018-01-01 21:28:58.051 类：roomGoods 方法：link_ul: goods_id：1114
2018-01-01 21:28:58.051 类：roomGoods 方法：link_ul: display:none;
2018-01-01 21:28:58.052 类：roomGoods 方法：link_ul: 进入了方法
2018-01-01 21:28:58.052 类：roomGoods 方法：link_ul: goods_id：1114
2018-01-01 21:28:58.052 类：roomGoods 方法：link_ul: display:none;
2018-01-01 21:28:58.052 类：roomGoods 方法：link_ul: 进入了方法
2018-01-01 21:28:58.053 类：roomGoods 方法：link_ul: goods_id：1114
2018-01-01 21:28:58.053 类：roomGoods 方法：link_ul: display:none;
2018-01-01 21:29:41.559 页面：mySpace 方法：PageLoad: 进入2:861853032007171
2018-01-01 21:29:41.561 类：BasePage 方法：UserInfo: UserInfo进入:
2018-01-01 21:29:41.561 类：BasePage 方法：UserInfo: UserInfo进入:
2018-01-01 21:29:41.562 类：BasePage 方法：UserInfo: sql:select WP_用户表.id,用户名,密码,角色id,wx头像,ISNULL(真实姓名,'') AS 真实姓名,isnull(WP_用户表.手机号,'') as 手机号 from WP_用户表  left join wp_会员表  on WP_用户表.openid=wp_会员表.openid where WP_用户表.openid='o8eAHwFadTw_pMf6lMyrjYqa4WzY' and wp_会员表.openid <> '' and  isshow=1
2018-01-01 21:29:42.065 类：BasePage 方法：UserInfo: _userinfo:0
2018-01-01 21:30:12.879 类：BasePage 方法：UserInfo: UserInfo进入:
2018-01-01 21:30:12.882 类：BasePage 方法：UserInfo: sql:select WP_用户表.id,用户名,密码,角色id,wx头像,ISNULL(真实姓名,'') AS 真实姓名,isnull(WP_用户表.手机号,'') as 手机号 from WP_用户表  left join wp_会员表  on WP_用户表.openid=wp_会员表.openid where WP_用户表.openid='o8eAHwFadTw_pMf6lMyrjYqa4WzY' and wp_会员表.openid <> '' and  isshow=1
2018-01-01 21:30:13.203 类：BasePage 方法：UserInfo: _userinfo:0
2018-01-01 21:30:48.296 类：BasePage 方法：UserInfo: UserInfo进入:
2018-01-01 21:30:48.297 类：BasePage 方法：UserInfo: sql:select WP_用户表.id,用户名,密码,角色id,wx头像,ISNULL(真实姓名,'') AS 真实姓名,isnull(WP_用户表.手机号,'') as 手机号 from WP_用户表  left join wp_会员表  on WP_用户表.openid=wp_会员表.openid where WP_用户表.openid='o8eAHwFadTw_pMf6lMyrjYqa4WzY' and wp_会员表.openid <> '' and  isshow=1
2018-01-01 21:30:48.616 类：BasePage 方法：UserInfo: _userinfo:0
2018-01-01 21:32:25.429 页面：mySpace 方法：PageLoad: 进入2:861853032007171
2018-01-01 21:32:25.429 类：BasePage 方法：UserInfo: UserInfo进入:
2018-01-01 21:32:27.157 类：BasePage 方法：UserInfo: sql:select WP_用户表.id,用户名,密码,角色id,wx头像,ISNULL(真实姓名,'') AS 真实姓名,isnull(WP_用户表.手机号,'') as 手机号 from WP_用户表  left join wp_会员表  on WP_用户表.openid=wp_会员表.openid where WP_用户表.openid='o8eAHwFadTw_pMf6lMyrjYqa4WzY' and wp_会员表.openid <> '' and  isshow=1
2018-01-01 21:32:28.552 类：BasePage 方法：UserInfo: UserInfo进入:
2018-01-01 21:32:28.552 类：BasePage 方法：UserInfo: sql:select WP_用户表.id,用户名,密码,角色id,wx头像,ISNULL(真实姓名,'') AS 真实姓名,isnull(WP_用户表.手机号,'') as 手机号 from WP_用户表  left join wp_会员表  on WP_用户表.openid=wp_会员表.openid where WP_用户表.openid='o8eAHwFadTw_pMf6lMyrjYqa4WzY' and wp_会员表.openid <> '' and  isshow=1
2018-01-01 21:32:28.893 类：BasePage 方法：UserInfo: _userinfo:0
2018-01-01 21:32:33.556 类：BasePage 方法：UserInfo: UserInfo进入:
2018-01-01 21:32:33.557 类：BasePage 方法：UserInfo: sql:select WP_用户表.id,用户名,密码,角色id,wx头像,ISNULL(真实姓名,'') AS 真实姓名,isnull(WP_用户表.手机号,'') as 手机号 from WP_用户表  left join wp_会员表  on WP_用户表.openid=wp_会员表.openid where WP_用户表.openid='o8eAHwFadTw_pMf6lMyrjYqa4WzY' and wp_会员表.openid <> '' and  isshow=1
2018-01-01 21:32:33.606 类：BasePage 方法：UserInfo: _userinfo:0
2018-01-01 21:32:35.317 类：BasePage 方法：UserInfo: UserInfo进入:
2018-01-01 21:32:35.318 类：BasePage 方法：UserInfo: sql:select WP_用户表.id,用户名,密码,角色id,wx头像,ISNULL(真实姓名,'') AS 真实姓名,isnull(WP_用户表.手机号,'') as 手机号 from WP_用户表  left join wp_会员表  on WP_用户表.openid=wp_会员表.openid where WP_用户表.openid='o8eAHwFadTw_pMf6lMyrjYqa4WzY' and wp_会员表.openid <> '' and  isshow=1
2018-01-01 21:32:35.394 类：BasePage 方法：UserInfo: _userinfo:0
2018-01-01 21:32:38.319 类：BasePage 方法：UserInfo: UserInfo进入:
2018-01-01 21:32:38.320 类：BasePage 方法：UserInfo: sql:select WP_用户表.id,用户名,密码,角色id,wx头像,ISNULL(真实姓名,'') AS 真实姓名,isnull(WP_用户表.手机号,'') as 手机号 from WP_用户表  left join wp_会员表  on WP_用户表.openid=wp_会员表.openid where WP_用户表.openid='o8eAHwFadTw_pMf6lMyrjYqa4WzY' and wp_会员表.openid <> '' and  isshow=1
2018-01-01 21:32:38.476 类：BasePage 方法：UserInfo: _userinfo:0
2018-01-01 21:32:38.726 类：BasePage 方法：UserInfo: UserInfo进入:
2018-01-01 21:32:38.726 类：BasePage 方法：UserInfo: sql:select WP_用户表.id,用户名,密码,角色id,wx头像,ISNULL(真实姓名,'') AS 真实姓名,isnull(WP_用户表.手机号,'') as 手机号 from WP_用户表  left join wp_会员表  on WP_用户表.openid=wp_会员表.openid where WP_用户表.openid='o8eAHwFadTw_pMf6lMyrjYqa4WzY' and wp_会员表.openid <> '' and  isshow=1
2018-01-01 21:32:38.784 类：BasePage 方法：UserInfo: _userinfo:0
2018-01-01 21:32:38.981 类：BasePage 方法：UserInfo: UserInfo进入:
2018-01-01 21:32:38.982 类：BasePage 方法：UserInfo: sql:select WP_用户表.id,用户名,密码,角色id,wx头像,ISNULL(真实姓名,'') AS 真实姓名,isnull(WP_用户表.手机号,'') as 手机号 from WP_用户表  left join wp_会员表  on WP_用户表.openid=wp_会员表.openid where WP_用户表.openid='o8eAHwFadTw_pMf6lMyrjYqa4WzY' and wp_会员表.openid <> '' and  isshow=1
2018-01-01 21:32:39.029 类：BasePage 方法：UserInfo: _userinfo:0
2018-01-01 21:32:39.048 类：BasePage 方法：UserInfo: UserInfo进入:
2018-01-01 21:32:39.049 类：BasePage 方法：UserInfo: sql:select WP_用户表.id,用户名,密码,角色id,wx头像,ISNULL(真实姓名,'') AS 真实姓名,isnull(WP_用户表.手机号,'') as 手机号 from WP_用户表  left join wp_会员表  on WP_用户表.openid=wp_会员表.openid where WP_用户表.openid='o8eAHwFadTw_pMf6lMyrjYqa4WzY' and wp_会员表.openid <> '' and  isshow=1
2018-01-01 21:32:39.095 类：BasePage 方法：UserInfo: _userinfo:0
2018-01-01 21:32:41.685 类：BasePage 方法：UserInfo: _userinfo:0
2018-01-01 21:34:21.573 页面：mySpace 方法：PageLoad: 进入2:861853032007171
2018-01-01 21:34:21.574 类：BasePage 方法：UserInfo: UserInfo进入:
2018-01-01 21:34:28.309 类：BasePage 方法：UserInfo: sql:select WP_用户表.id,用户名,密码,角色id,wx头像,ISNULL(真实姓名,'') AS 真实姓名,isnull(WP_用户表.手机号,'') as 手机号 from WP_用户表  left join wp_会员表  on WP_用户表.openid=wp_会员表.openid where WP_用户表.openid='o8eAHwFadTw_pMf6lMyrjYqa4WzY' and wp_会员表.openid <> '' and  isshow=1
2018-01-01 21:34:34.532 类：BasePage 方法：UserInfo: UserInfo进入:
2018-01-01 21:34:36.780 类：BasePage 方法：UserInfo: sql:select WP_用户表.id,用户名,密码,角色id,wx头像,ISNULL(真实姓名,'') AS 真实姓名,isnull(WP_用户表.手机号,'') as 手机号 from WP_用户表  left join wp_会员表  on WP_用户表.openid=wp_会员表.openid where WP_用户表.openid='o8eAHwFadTw_pMf6lMyrjYqa4WzY' and wp_会员表.openid <> '' and  isshow=1
2018-01-01 21:35:29.618 类：BasePage 方法：UserInfo: UserInfo进入:
2018-01-01 21:35:29.618 类：BasePage 方法：UserInfo: sql:select WP_用户表.id,用户名,密码,角色id,wx头像,ISNULL(真实姓名,'') AS 真实姓名,isnull(WP_用户表.手机号,'') as 手机号 from WP_用户表  left join wp_会员表  on WP_用户表.openid=wp_会员表.openid where WP_用户表.openid='o8eAHwFadTw_pMf6lMyrjYqa4WzY' and wp_会员表.openid <> '' and  isshow=1
2018-01-01 21:35:29.682 类：BasePage 方法：UserInfo: _userinfo:0
2018-01-01 21:35:29.697 类：BasePage 方法：UserInfo: UserInfo进入:
2018-01-01 21:35:29.697 类：BasePage 方法：UserInfo: sql:select WP_用户表.id,用户名,密码,角色id,wx头像,ISNULL(真实姓名,'') AS 真实姓名,isnull(WP_用户表.手机号,'') as 手机号 from WP_用户表  left join wp_会员表  on WP_用户表.openid=wp_会员表.openid where WP_用户表.openid='o8eAHwFadTw_pMf6lMyrjYqa4WzY' and wp_会员表.openid <> '' and  isshow=1
2018-01-01 21:35:29.778 类：BasePage 方法：UserInfo: _userinfo:0
2018-01-01 21:36:51.857 类：BasePage 方法：UserId: sql:SELECT id FROM WP_用户表 WHERE openid='o8eAHwFadTw_pMf6lMyrjYqa4WzY' AND openid <> ''
2018-01-01 21:36:52.711 页面：mySpace 方法：PageLoad: 进入2:861853032007171
2018-01-01 21:36:54.551 类：BasePage 方法：UserId: sql:SELECT id FROM WP_用户表 WHERE openid='o8eAHwFadTw_pMf6lMyrjYqa4WzY' AND openid <> ''
2018-01-01 21:36:54.839 类：BasePage 方法：UserId: tologin.aspx:
2018-01-01 21:36:54.840 类：BasePage 方法：UserId: home_url:http://wx2.x-store.com.cn
2018-01-01 21:36:54.840 类：BasePage 方法：UserId: rul:http://wx2.x-store.com.cn/shop/pages/login.aspx
2018-01-01 21:36:55.380 页面：enter 方法：submit_button_ServerClick: select_sql:select id from WP_用户权限 where 用户id = 0 and 仓库id in(
select 仓库id from [dbo].[WP_库位表] where 箱子MAC = '861853032007171')
2018-01-01 21:36:56.235 类：BasePage 方法：UserInfo: UserInfo进入:
2018-01-01 21:36:56.235 类：BasePage 方法：UserInfo: sql:select WP_用户表.id,用户名,密码,角色id,wx头像,ISNULL(真实姓名,'') AS 真实姓名,isnull(WP_用户表.手机号,'') as 手机号 from WP_用户表  left join wp_会员表  on WP_用户表.openid=wp_会员表.openid where WP_用户表.openid='o8eAHwFadTw_pMf6lMyrjYqa4WzY' and wp_会员表.openid <> '' and  isshow=1
2018-01-01 21:36:56.283 类：BasePage 方法：UserInfo: _userinfo:0
2018-01-01 21:36:56.532 类：BasePage 方法：UserId: tologin.aspx:
2018-01-01 21:36:56.534 类：BasePage 方法：UserId: home_url:http://wx2.x-store.com.cn
2018-01-01 21:36:56.534 类：BasePage 方法：UserId: rul:http://wx2.x-store.com.cn/shop/pages/login.aspx
2018-01-01 21:38:27.930 类：BasePage 方法：UserInfo: UserInfo进入:
2018-01-01 21:38:27.931 类：BasePage 方法：UserInfo: sql:select WP_用户表.id,用户名,密码,角色id,wx头像,ISNULL(真实姓名,'') AS 真实姓名,isnull(WP_用户表.手机号,'') as 手机号 from WP_用户表  left join wp_会员表  on WP_用户表.openid=wp_会员表.openid where WP_用户表.openid='o8eAHwFadTw_pMf6lMyrjYqa4WzY' and wp_会员表.openid <> '' and  isshow=1
2018-01-01 21:38:28.285 类：BasePage 方法：UserInfo: _userinfo:0
2018-01-01 21:38:28.289 页面：enter 方法：submit_button_ServerClick: UserInfo是空
2018-01-01 21:38:29.074 页面：mySpace 方法：PageLoad: sql:SELECT * FROM [WP_库位表] WHERE 箱子MAC = ''
2018-01-01 21:38:29.125 页面：mySpace 方法：PageLoad: 状态：2
2018-01-01 21:38:47.553 类：BasePage 方法：UserInfo: UserInfo进入:
2018-01-01 21:38:47.555 类：BasePage 方法：UserInfo: sql:select WP_用户表.id,用户名,密码,角色id,wx头像,ISNULL(真实姓名,'') AS 真实姓名,isnull(WP_用户表.手机号,'') as 手机号 from WP_用户表  left join wp_会员表  on WP_用户表.openid=wp_会员表.openid where WP_用户表.openid='o8eAHwFadTw_pMf6lMyrjYqa4WzY' and wp_会员表.openid <> '' and  isshow=1
2018-01-01 21:38:47.852 类：BasePage 方法：UserInfo: _userinfo:0
2018-01-01 21:38:47.854 页面：enter 方法：submit_button_ServerClick: UserInfo是空
2018-01-01 21:38:47.956 页面：mySpace 方法：PageLoad: sql:SELECT * FROM [WP_库位表] WHERE 箱子MAC = ''
2018-01-01 21:38:48.000 页面：mySpace 方法：PageLoad: 状态：2
2018-01-01 21:38:48.971 页面：mySpace 方法：PageLoad: 进入2:861853032007171
2018-01-01 21:38:48.971 类：BasePage 方法：UserInfo: UserInfo进入:
2018-01-01 21:38:48.972 类：BasePage 方法：UserInfo: sql:select WP_用户表.id,用户名,密码,角色id,wx头像,ISNULL(真实姓名,'') AS 真实姓名,isnull(WP_用户表.手机号,'') as 手机号 from WP_用户表  left join wp_会员表  on WP_用户表.openid=wp_会员表.openid where WP_用户表.openid='o8eAHwFadTw_pMf6lMyrjYqa4WzY' and wp_会员表.openid <> '' and  isshow=1
2018-01-01 21:38:49.010 类：BasePage 方法：UserInfo: _userinfo:0
2018-01-01 21:38:49.011 页面：enter 方法：submit_button_ServerClick: UserInfo是空
2018-01-01 21:38:49.071 页面：mySpace 方法：PageLoad: sql:SELECT * FROM [WP_库位表] WHERE 箱子MAC = '861853032007171'
2018-01-01 21:38:49.115 页面：mySpace 方法：PageLoad: 状态：1
2018-01-01 21:38:49.219 页面：mySpace 方法：goods: sql：select top 12 WP_箱子表.id as 箱子id,库位id,位置,默认商品id,(SELECT 品名 FROM WP_商品表 WHERE id =默认商品id ) as 默认商品品名,(SELECT 本站价 FROM WP_商品表 WHERE id =默认商品id ) as 默认商品价格,(SELECT b.图片路径 FROM  [tshop].[dbo].[WP_商品表] A LEFT JOIN [tshop].[dbo].[WP_商品图片表] B ON A.编号 = B.商品编号 WHERE A.id = 默认商品id) AS 默认图片路径,实际商品id,WP_商品表.本站价,wp_商品图片表.图片路径 ,WP_商品表.品名 as 实际商品品名 from WP_箱子表 left join WP_商品表 on WP_商品表.id=实际商品id left join wp_商品图片表 on wp_商品表.编号=wp_商品图片表.商品编号  where 库位id='1713' and WP_箱子表.status=1 order by 位置 asc
2018-01-01 21:38:49.430 页面：mySpace 方法：goods: rexiao_id：110
2018-01-01 21:38:49.431 页面：mySpace 方法：goods: test数量:12
2018-01-01 21:38:49.556 页面：mySpace 方法：goods: test:[{"箱子id":5966,"库位id":1713,"位置":1,"默认商品id":110,"默认商品品名":"杜蕾斯","默认商品价格":"24.99","默认图片路径":"/upload/201706/12/201706121340484982.jpg","实际商品id":110,"本站价":24.99,"图片路径":"/upload/201706/12/201706121340484982.jpg","实际商品品名":"杜蕾斯"},{"箱子id":5967,"库位id":1713,"位置":2,"默认商品id":111,"默认商品品名":"空气套X2","默认商品价格":"49.99","默认图片路径":"/upload/201706/12/201706121347135394.jpg","实际商品id":111,"本站价":49.99,"图片路径":"/upload/201706/12/201706121347135394.jpg","实际商品品名":"空气套X2"},{"箱子id":5968,"库位id":1713,"位置":3,"默认商品id":112,"默认商品品名":"粉红跳蛋","默认商品价格":"39.99","默认图片路径":"/upload/201706/15/201706151554496115.png","实际商品id":112,"本站价":39.99,"图片路径":"/upload/201706/15/201706151554496115.png","实际商品品名":"粉红跳蛋"},{"箱子id":5969,"库位id":1713,"位置":4,"默认商品id":113,"默认商品品名":"OMYSKY","默认商品价格":"99.99","默认图片路径":"/upload/201706/12/201706121514054634.jpg","实际商品id":113,"本站价":99.99,"图片路径":"/upload/201706/12/201706121514054634.jpg","实际商品品名":"OMYSKY"},{"箱子id":5970,"库位id":1713,"位置":5,"默认商品id":114,"默认商品品名":"性感内衣","默认商品价格":"38.88","默认图片路径":"/upload/201706/12/201706121517137340.jpg","实际商品id":114,"本站价":38.88,"图片路径":"/upload/201706/12/201706121517137340.jpg","实际商品品名":"性感内衣"},{"箱子id":5971,"库位id":1713,"位置":6,"默认商品id":116,"默认商品品名":"龙抬头","默认商品价格":"59.99","默认图片路径":"/upload/201706/13/201706131605342746.jpg","实际商品id":116,"本站价":59.99,"图片路径":"/upload/201706/13/201706131605342746.jpg","实际商品品名":"龙抬头"},{"箱子id":5972,"库位id":1713,"位置":7,"默认商品id":1114,"默认商品品名":"测试组合01","默认商品价格":"0.01","默认图片路径":"/upload/201706/15/201706151051077242.jpg","实际商品id":1114,"本站价":0.01,"图片路径":"/upload/201706/15/201706151051077242.jpg","实际商品品名":"测试组合01"},{"箱子id":5973,"库位id":1713,"位置":8,"默认商品id":1114,"默认商品品名":"测试组合01","默认商品价格":"0.01","默认图片路径":"/upload/201706/15/201706151051077242.jpg","实际商品id":1114,"本站价":0.01,"图片路径":"/upload/201706/15/201706151051077242.jpg","实际商品品名":"测试组合01"},{"箱子id":5974,"库位id":1713,"位置":9,"默认商品id":1114,"默认商品品名":"测试组合01","默认商品价格":"0.01","默认图片路径":"/upload/201706/15/201706151051077242.jpg","实际商品id":1114,"本站价":0.01,"图片路径":"/upload/201706/15/201706151051077242.jpg","实际商品品名":"测试组合01"},{"箱子id":5975,"库位id":1713,"位置":10,"默认商品id":1114,"默认商品品名":"测试组合01","默认商品价格":"0.01","默认图片路径":"/upload/201706/15/201706151051077242.jpg","实际商品id":1114,"本站价":0.01,"图片路径":"/upload/201706/15/201706151051077242.jpg","实际商品品名":"测试组合01"},{"箱子id":5976,"库位id":1713,"位置":11,"默认商品id":1114,"默认商品品名":"测试组合01","默认商品价格":"0.01","默认图片路径":"/upload/201706/15/201706151051077242.jpg","实际商品id":1114,"本站价":0.01,"图片路径":"/upload/201706/15/201706151051077242.jpg","实际商品品名":"测试组合01"},{"箱子id":5977,"库位id":1713,"位置":12,"默认商品id":1114,"默认商品品名":"测试组合01","默认商品价格":"0.01","默认图片路径":"/upload/201706/15/201706151051077242.jpg","实际商品id":1114,"本站价":0.01,"图片路径":"/upload/201706/15/201706151051077242.jpg","实际商品品名":"测试组合01"}]
2018-01-01 21:54:00.016 类：BasePage 方法：UserInfo: UserInfo进入:
2018-01-01 21:54:00.017 类：BasePage 方法：UserInfo: sql:select WP_用户表.id,用户名,密码,角色id,wx头像,ISNULL(真实姓名,'') AS 真实姓名,isnull(WP_用户表.手机号,'') as 手机号 from WP_用户表  left join wp_会员表  on WP_用户表.openid=wp_会员表.openid where WP_用户表.openid='o8eAHwFadTw_pMf6lMyrjYqa4WzY' and wp_会员表.openid <> '' and  isshow=1
2018-01-01 21:54:00.317 类：BasePage 方法：UserInfo: _userinfo:0
2018-01-01 21:54:12.980 页面：mySpace 方法：PageLoad: 进入2:861853032007171
2018-01-01 21:54:12.981 类：BasePage 方法：UserInfo: UserInfo进入:
2018-01-01 21:54:12.981 类：BasePage 方法：UserInfo: sql:select WP_用户表.id,用户名,密码,角色id,wx头像,ISNULL(真实姓名,'') AS 真实姓名,isnull(WP_用户表.手机号,'') as 手机号 from WP_用户表  left join wp_会员表  on WP_用户表.openid=wp_会员表.openid where WP_用户表.openid='o8eAHwFadTw_pMf6lMyrjYqa4WzY' and wp_会员表.openid <> '' and  isshow=1
2018-01-01 21:54:13.023 类：BasePage 方法：UserInfo: _userinfo:0
2018-01-01 21:54:15.654 类：BasePage 方法：UserInfo: UserInfo进入:
2018-01-01 21:54:15.655 类：BasePage 方法：UserInfo: sql:select WP_用户表.id,用户名,密码,角色id,wx头像,ISNULL(真实姓名,'') AS 真实姓名,isnull(WP_用户表.手机号,'') as 手机号 from WP_用户表  left join wp_会员表  on WP_用户表.openid=wp_会员表.openid where WP_用户表.openid='o8eAHwFadTw_pMf6lMyrjYqa4WzY' and wp_会员表.openid <> '' and  isshow=1
2018-01-01 21:54:15.696 类：BasePage 方法：UserInfo: _userinfo:0
2018-01-01 21:54:15.696 页面：enter 方法：submit_button_ServerClick: UserInfo是空
2018-01-01 21:54:16.422 页面：mySpace 方法：PageLoad: sql:SELECT * FROM [WP_库位表] WHERE 箱子MAC = '861853032007171'
2018-01-01 21:54:16.462 页面：mySpace 方法：PageLoad: 状态：1
2018-01-01 21:54:16.510 页面：mySpace 方法：goods: sql：select top 12 WP_箱子表.id as 箱子id,库位id,位置,默认商品id,(SELECT 品名 FROM WP_商品表 WHERE id =默认商品id ) as 默认商品品名,(SELECT 本站价 FROM WP_商品表 WHERE id =默认商品id ) as 默认商品价格,(SELECT b.图片路径 FROM  [tshop].[dbo].[WP_商品表] A LEFT JOIN [tshop].[dbo].[WP_商品图片表] B ON A.编号 = B.商品编号 WHERE A.id = 默认商品id) AS 默认图片路径,实际商品id,WP_商品表.本站价,wp_商品图片表.图片路径 ,WP_商品表.品名 as 实际商品品名 from WP_箱子表 left join WP_商品表 on WP_商品表.id=实际商品id left join wp_商品图片表 on wp_商品表.编号=wp_商品图片表.商品编号  where 库位id='1713' and WP_箱子表.status=1 order by 位置 asc
2018-01-01 21:54:16.674 页面：mySpace 方法：goods: rexiao_id：110
2018-01-01 21:54:16.675 页面：mySpace 方法：goods: test数量:12
2018-01-01 21:54:16.780 页面：mySpace 方法：goods: test:[{"箱子id":5966,"库位id":1713,"位置":1,"默认商品id":110,"默认商品品名":"杜蕾斯","默认商品价格":"24.99","默认图片路径":"/upload/201706/12/201706121340484982.jpg","实际商品id":110,"本站价":24.99,"图片路径":"/upload/201706/12/201706121340484982.jpg","实际商品品名":"杜蕾斯"},{"箱子id":5967,"库位id":1713,"位置":2,"默认商品id":111,"默认商品品名":"空气套X2","默认商品价格":"49.99","默认图片路径":"/upload/201706/12/201706121347135394.jpg","实际商品id":111,"本站价":49.99,"图片路径":"/upload/201706/12/201706121347135394.jpg","实际商品品名":"空气套X2"},{"箱子id":5968,"库位id":1713,"位置":3,"默认商品id":112,"默认商品品名":"粉红跳蛋","默认商品价格":"39.99","默认图片路径":"/upload/201706/15/201706151554496115.png","实际商品id":112,"本站价":39.99,"图片路径":"/upload/201706/15/201706151554496115.png","实际商品品名":"粉红跳蛋"},{"箱子id":5969,"库位id":1713,"位置":4,"默认商品id":113,"默认商品品名":"OMYSKY","默认商品价格":"99.99","默认图片路径":"/upload/201706/12/201706121514054634.jpg","实际商品id":113,"本站价":99.99,"图片路径":"/upload/201706/12/201706121514054634.jpg","实际商品品名":"OMYSKY"},{"箱子id":5970,"库位id":1713,"位置":5,"默认商品id":114,"默认商品品名":"性感内衣","默认商品价格":"38.88","默认图片路径":"/upload/201706/12/201706121517137340.jpg","实际商品id":114,"本站价":38.88,"图片路径":"/upload/201706/12/201706121517137340.jpg","实际商品品名":"性感内衣"},{"箱子id":5971,"库位id":1713,"位置":6,"默认商品id":116,"默认商品品名":"龙抬头","默认商品价格":"59.99","默认图片路径":"/upload/201706/13/201706131605342746.jpg","实际商品id":116,"本站价":59.99,"图片路径":"/upload/201706/13/201706131605342746.jpg","实际商品品名":"龙抬头"},{"箱子id":5972,"库位id":1713,"位置":7,"默认商品id":1114,"默认商品品名":"测试组合01","默认商品价格":"0.01","默认图片路径":"/upload/201706/15/201706151051077242.jpg","实际商品id":1114,"本站价":0.01,"图片路径":"/upload/201706/15/201706151051077242.jpg","实际商品品名":"测试组合01"},{"箱子id":5973,"库位id":1713,"位置":8,"默认商品id":1114,"默认商品品名":"测试组合01","默认商品价格":"0.01","默认图片路径":"/upload/201706/15/201706151051077242.jpg","实际商品id":1114,"本站价":0.01,"图片路径":"/upload/201706/15/201706151051077242.jpg","实际商品品名":"测试组合01"},{"箱子id":5974,"库位id":1713,"位置":9,"默认商品id":1114,"默认商品品名":"测试组合01","默认商品价格":"0.01","默认图片路径":"/upload/201706/15/201706151051077242.jpg","实际商品id":1114,"本站价":0.01,"图片路径":"/upload/201706/15/201706151051077242.jpg","实际商品品名":"测试组合01"},{"箱子id":5975,"库位id":1713,"位置":10,"默认商品id":1114,"默认商品品名":"测试组合01","默认商品价格":"0.01","默认图片路径":"/upload/201706/15/201706151051077242.jpg","实际商品id":1114,"本站价":0.01,"图片路径":"/upload/201706/15/201706151051077242.jpg","实际商品品名":"测试组合01"},{"箱子id":5976,"库位id":1713,"位置":11,"默认商品id":1114,"默认商品品名":"测试组合01","默认商品价格":"0.01","默认图片路径":"/upload/201706/15/201706151051077242.jpg","实际商品id":1114,"本站价":0.01,"图片路径":"/upload/201706/15/201706151051077242.jpg","实际商品品名":"测试组合01"},{"箱子id":5977,"库位id":1713,"位置":12,"默认商品id":1114,"默认商品品名":"测试组合01","默认商品价格":"0.01","默认图片路径":"/upload/201706/15/201706151051077242.jpg","实际商品id":1114,"本站价":0.01,"图片路径":"/upload/201706/15/201706151051077242.jpg","实际商品品名":"测试组合01"}]
2018-01-01 22:01:37.194 类：BasePage 方法：UserInfo: UserInfo进入:
2018-01-01 22:01:37.195 类：BasePage 方法：UserInfo: sql:select WP_用户表.id,用户名,密码,角色id,wx头像,ISNULL(真实姓名,'') AS 真实姓名,isnull(WP_用户表.手机号,'') as 手机号 from WP_用户表  left join wp_会员表  on WP_用户表.openid=wp_会员表.openid where WP_用户表.openid='o8eAHwCOGWFalh37wPcWYLjQEbRI' and wp_会员表.openid <> '' and  isshow=1
2018-01-01 22:01:37.195 页面：mySpace 方法：PageLoad: 进入2:861853032007171
2018-01-01 22:01:37.196 类：BasePage 方法：UserInfo: UserInfo进入:
2018-01-01 22:01:37.198 类：BasePage 方法：UserInfo: sql:select WP_用户表.id,用户名,密码,角色id,wx头像,ISNULL(真实姓名,'') AS 真实姓名,isnull(WP_用户表.手机号,'') as 手机号 from WP_用户表  left join wp_会员表  on WP_用户表.openid=wp_会员表.openid where WP_用户表.openid='o8eAHwCOGWFalh37wPcWYLjQEbRI' and wp_会员表.openid <> '' and  isshow=1
2018-01-01 22:01:37.495 类：BasePage 方法：UserId: sql:SELECT id FROM WP_用户表 WHERE openid='o8eAHwCOGWFalh37wPcWYLjQEbRI' AND openid <> ''
2018-01-01 22:01:37.545 类：BasePage 方法：UserId: _userid:699
2018-01-01 22:01:37.545 页面：enter 方法：submit_button_ServerClick: select_sql:select id from WP_用户权限 where 用户id = 699 and 仓库id in(
select 仓库id from [dbo].[WP_库位表] where 箱子MAC = '')
2018-01-01 22:01:37.597 类：BasePage 方法：UserInfo: UserInfo进入:
2018-01-01 22:01:37.599 类：BasePage 方法：UserInfo: UserInfo进入:
2018-01-01 22:01:37.632 类：BasePage 方法：UserId: sql:SELECT id FROM WP_用户表 WHERE openid='o8eAHwCOGWFalh37wPcWYLjQEbRI' AND openid <> ''
2018-01-01 22:01:37.667 类：BasePage 方法：UserId: _userid:699
2018-01-01 22:01:37.668 页面：enter 方法：submit_button_ServerClick: select_sql:select id from WP_用户权限 where 用户id = 699 and 仓库id in(
select 仓库id from [dbo].[WP_库位表] where 箱子MAC = '861853032007171')
2018-01-01 22:01:37.720 类：BasePage 方法：UserInfo: UserInfo进入:
2018-01-01 22:01:37.721 类：BasePage 方法：UserInfo: UserInfo进入:
